Determining if the pthread_create exist failed with the following output:
Change Dir: /home/lhn/hhh_ws/build/observer_msgs/CMakeFiles/CMakeTmp

Run Build Command:"/usr/bin/make" "cmTC_0a547/fast"
/usr/bin/make -f CMakeFiles/cmTC_0a547.dir/build.make CMakeFiles/cmTC_0a547.dir/build
make[1]: Entering directory '/home/lhn/hhh_ws/build/observer_msgs/CMakeFiles/CMakeTmp'
Building C object CMakeFiles/cmTC_0a547.dir/CheckSymbolExists.c.o
/usr/bin/cc     -o CMakeFiles/cmTC_0a547.dir/CheckSymbolExists.c.o   -c /home/lhn/hhh_ws/build/observer_msgs/CMakeFiles/CMakeTmp/CheckSymbolExists.c
Linking C executable cmTC_0a547
/usr/bin/cmake -E cmake_link_script CMakeFiles/cmTC_0a547.dir/link.txt --verbose=1
/usr/bin/cc       CMakeFiles/cmTC_0a547.dir/CheckSymbolExists.c.o  -o cmTC_0a547 -rdynamic 
CMakeFiles/cmTC_0a547.dir/CheckSymbolExists.c.o：在函数‘main’中：
CheckSymbolExists.c:(.text+0x16)：对‘pthread_create’未定义的引用
collect2: error: ld returned 1 exit status
CMakeFiles/cmTC_0a547.dir/build.make:97: recipe for target 'cmTC_0a547' failed
make[1]: *** [cmTC_0a547] Error 1
make[1]: Leaving directory '/home/lhn/hhh_ws/build/observer_msgs/CMakeFiles/CMakeTmp'
Makefile:126: recipe for target 'cmTC_0a547/fast' failed
make: *** [cmTC_0a547/fast] Error 2

File /home/lhn/hhh_ws/build/observer_msgs/CMakeFiles/CMakeTmp/CheckSymbolExists.c:
/* */
#include <pthread.h>

int main(int argc, char** argv)
{
  (void)argv;
#ifndef pthread_create
  return ((int*)(&pthread_create))[argc];
#else
  (void)argc;
  return 0;
#endif
}

Determining if the function pthread_create exists in the pthreads failed with the following output:
Change Dir: /home/lhn/hhh_ws/build/observer_msgs/CMakeFiles/CMakeTmp

Run Build Command:"/usr/bin/make" "cmTC_23bfe/fast"
/usr/bin/make -f CMakeFiles/cmTC_23bfe.dir/build.make CMakeFiles/cmTC_23bfe.dir/build
make[1]: Entering directory '/home/lhn/hhh_ws/build/observer_msgs/CMakeFiles/CMakeTmp'
Building C object CMakeFiles/cmTC_23bfe.dir/CheckFunctionExists.c.o
/usr/bin/cc    -DCHECK_FUNCTION_EXISTS=pthread_create   -o CMakeFiles/cmTC_23bfe.dir/CheckFunctionExists.c.o   -c /usr/share/cmake-3.5/Modules/CheckFunctionExists.c
Linking C executable cmTC_23bfe
/usr/bin/cmake -E cmake_link_script CMakeFiles/cmTC_23bfe.dir/link.txt --verbose=1
/usr/bin/cc   -DCHECK_FUNCTION_EXISTS=pthread_create    CMakeFiles/cmTC_23bfe.dir/CheckFunctionExists.c.o  -o cmTC_23bfe -rdynamic -lpthreads 
/usr/bin/ld: 找不到 -lpthreads
collect2: error: ld returned 1 exit status
CMakeFiles/cmTC_23bfe.dir/build.make:97: recipe for target 'cmTC_23bfe' failed
make[1]: *** [cmTC_23bfe] Error 1
make[1]: Leaving directory '/home/lhn/hhh_ws/build/observer_msgs/CMakeFiles/CMakeTmp'
Makefile:126: recipe for target 'cmTC_23bfe/fast' failed
make: *** [cmTC_23bfe/fast] Error 2


