Determining if the pthread_create exist failed with the following output:
Change Dir: /home/lhn/hhh_ws/build/car_demo/CMakeFiles/CMakeTmp

Run Build Command:"/usr/bin/make" "cmTC_ec33e/fast"
/usr/bin/make -f CMakeFiles/cmTC_ec33e.dir/build.make CMakeFiles/cmTC_ec33e.dir/build
make[1]: Entering directory '/home/lhn/hhh_ws/build/car_demo/CMakeFiles/CMakeTmp'
Building C object CMakeFiles/cmTC_ec33e.dir/CheckSymbolExists.c.o
/usr/bin/cc     -o CMakeFiles/cmTC_ec33e.dir/CheckSymbolExists.c.o   -c /home/lhn/hhh_ws/build/car_demo/CMakeFiles/CMakeTmp/CheckSymbolExists.c
Linking C executable cmTC_ec33e
/usr/bin/cmake -E cmake_link_script CMakeFiles/cmTC_ec33e.dir/link.txt --verbose=1
/usr/bin/cc       CMakeFiles/cmTC_ec33e.dir/CheckSymbolExists.c.o  -o cmTC_ec33e -rdynamic 
CMakeFiles/cmTC_ec33e.dir/CheckSymbolExists.c.o：在函数‘main’中：
CheckSymbolExists.c:(.text+0x16)：对‘pthread_create’未定义的引用
collect2: error: ld returned 1 exit status
CMakeFiles/cmTC_ec33e.dir/build.make:97: recipe for target 'cmTC_ec33e' failed
make[1]: *** [cmTC_ec33e] Error 1
make[1]: Leaving directory '/home/lhn/hhh_ws/build/car_demo/CMakeFiles/CMakeTmp'
Makefile:126: recipe for target 'cmTC_ec33e/fast' failed
make: *** [cmTC_ec33e/fast] Error 2

File /home/lhn/hhh_ws/build/car_demo/CMakeFiles/CMakeTmp/CheckSymbolExists.c:
/* */
#include <pthread.h>

int main(int argc, char** argv)
{
  (void)argv;
#ifndef pthread_create
  return ((int*)(&pthread_create))[argc];
#else
  (void)argc;
  return 0;
#endif
}

Determining if the function pthread_create exists in the pthreads failed with the following output:
Change Dir: /home/lhn/hhh_ws/build/car_demo/CMakeFiles/CMakeTmp

Run Build Command:"/usr/bin/make" "cmTC_4fc5b/fast"
/usr/bin/make -f CMakeFiles/cmTC_4fc5b.dir/build.make CMakeFiles/cmTC_4fc5b.dir/build
make[1]: Entering directory '/home/lhn/hhh_ws/build/car_demo/CMakeFiles/CMakeTmp'
Building C object CMakeFiles/cmTC_4fc5b.dir/CheckFunctionExists.c.o
/usr/bin/cc    -DCHECK_FUNCTION_EXISTS=pthread_create   -o CMakeFiles/cmTC_4fc5b.dir/CheckFunctionExists.c.o   -c /usr/share/cmake-3.5/Modules/CheckFunctionExists.c
Linking C executable cmTC_4fc5b
/usr/bin/cmake -E cmake_link_script CMakeFiles/cmTC_4fc5b.dir/link.txt --verbose=1
/usr/bin/cc   -DCHECK_FUNCTION_EXISTS=pthread_create    CMakeFiles/cmTC_4fc5b.dir/CheckFunctionExists.c.o  -o cmTC_4fc5b -rdynamic -lpthreads 
/usr/bin/ld: 找不到 -lpthreads
collect2: error: ld returned 1 exit status
CMakeFiles/cmTC_4fc5b.dir/build.make:97: recipe for target 'cmTC_4fc5b' failed
make[1]: *** [cmTC_4fc5b] Error 1
make[1]: Leaving directory '/home/lhn/hhh_ws/build/car_demo/CMakeFiles/CMakeTmp'
Makefile:126: recipe for target 'cmTC_4fc5b/fast' failed
make: *** [cmTC_4fc5b/fast] Error 2


