Determining if the pthread_create exist failed with the following output:
Change Dir: /home/lhn/hhh_ws/build/plan2control_msgs/CMakeFiles/CMakeTmp

Run Build Command:"/usr/bin/make" "cmTC_7aeaf/fast"
/usr/bin/make -f CMakeFiles/cmTC_7aeaf.dir/build.make CMakeFiles/cmTC_7aeaf.dir/build
make[1]: Entering directory '/home/lhn/hhh_ws/build/plan2control_msgs/CMakeFiles/CMakeTmp'
Building C object CMakeFiles/cmTC_7aeaf.dir/CheckSymbolExists.c.o
/usr/bin/cc     -o CMakeFiles/cmTC_7aeaf.dir/CheckSymbolExists.c.o   -c /home/lhn/hhh_ws/build/plan2control_msgs/CMakeFiles/CMakeTmp/CheckSymbolExists.c
Linking C executable cmTC_7aeaf
/usr/bin/cmake -E cmake_link_script CMakeFiles/cmTC_7aeaf.dir/link.txt --verbose=1
/usr/bin/cc       CMakeFiles/cmTC_7aeaf.dir/CheckSymbolExists.c.o  -o cmTC_7aeaf -rdynamic 
CMakeFiles/cmTC_7aeaf.dir/CheckSymbolExists.c.o：在函数‘main’中：
CheckSymbolExists.c:(.text+0x16)：对‘pthread_create’未定义的引用
collect2: error: ld returned 1 exit status
CMakeFiles/cmTC_7aeaf.dir/build.make:97: recipe for target 'cmTC_7aeaf' failed
make[1]: *** [cmTC_7aeaf] Error 1
make[1]: Leaving directory '/home/lhn/hhh_ws/build/plan2control_msgs/CMakeFiles/CMakeTmp'
Makefile:126: recipe for target 'cmTC_7aeaf/fast' failed
make: *** [cmTC_7aeaf/fast] Error 2

File /home/lhn/hhh_ws/build/plan2control_msgs/CMakeFiles/CMakeTmp/CheckSymbolExists.c:
/* */
#include <pthread.h>

int main(int argc, char** argv)
{
  (void)argv;
#ifndef pthread_create
  return ((int*)(&pthread_create))[argc];
#else
  (void)argc;
  return 0;
#endif
}

Determining if the function pthread_create exists in the pthreads failed with the following output:
Change Dir: /home/lhn/hhh_ws/build/plan2control_msgs/CMakeFiles/CMakeTmp

Run Build Command:"/usr/bin/make" "cmTC_cf407/fast"
/usr/bin/make -f CMakeFiles/cmTC_cf407.dir/build.make CMakeFiles/cmTC_cf407.dir/build
make[1]: Entering directory '/home/lhn/hhh_ws/build/plan2control_msgs/CMakeFiles/CMakeTmp'
Building C object CMakeFiles/cmTC_cf407.dir/CheckFunctionExists.c.o
/usr/bin/cc    -DCHECK_FUNCTION_EXISTS=pthread_create   -o CMakeFiles/cmTC_cf407.dir/CheckFunctionExists.c.o   -c /usr/share/cmake-3.5/Modules/CheckFunctionExists.c
Linking C executable cmTC_cf407
/usr/bin/cmake -E cmake_link_script CMakeFiles/cmTC_cf407.dir/link.txt --verbose=1
/usr/bin/cc   -DCHECK_FUNCTION_EXISTS=pthread_create    CMakeFiles/cmTC_cf407.dir/CheckFunctionExists.c.o  -o cmTC_cf407 -rdynamic -lpthreads 
/usr/bin/ld: 找不到 -lpthreads
collect2: error: ld returned 1 exit status
CMakeFiles/cmTC_cf407.dir/build.make:97: recipe for target 'cmTC_cf407' failed
make[1]: *** [cmTC_cf407] Error 1
make[1]: Leaving directory '/home/lhn/hhh_ws/build/plan2control_msgs/CMakeFiles/CMakeTmp'
Makefile:126: recipe for target 'cmTC_cf407/fast' failed
make: *** [cmTC_cf407/fast] Error 2


