Symlinking /home/lhn/hhh_ws/devel/share/roseus/ros/dbw_mkz_msgs/manifest.l
Symlinking /home/lhn/hhh_ws/devel/share/roseus/ros/dbw_mkz_msgs/msg/ThrottleReport.l
Symlinking /home/lhn/hhh_ws/devel/share/roseus/ros/dbw_mkz_msgs/msg/TwistCmd.l
Symlinking /home/lhn/hhh_ws/devel/share/roseus/ros/dbw_mkz_msgs/msg/SuspensionReport.l
Symlinking /home/lhn/hhh_ws/devel/share/roseus/ros/dbw_mkz_msgs/msg/TirePressureReport.l
Symlinking /home/lhn/hhh_ws/devel/share/roseus/ros/dbw_mkz_msgs/msg/TurnSignal.l
Symlinking /home/lhn/hhh_ws/devel/share/roseus/ros/dbw_mkz_msgs/msg/AmbientLight.l
Symlinking /home/lhn/hhh_ws/devel/share/roseus/ros/dbw_mkz_msgs/msg/BrakeInfoReport.l
Symlinking /home/lhn/hhh_ws/devel/share/roseus/ros/dbw_mkz_msgs/msg/ParkingBrake.l
Symlinking /home/lhn/hhh_ws/devel/share/roseus/ros/dbw_mkz_msgs/msg/TurnSignalCmd.l
Symlinking /home/lhn/hhh_ws/devel/share/roseus/ros/dbw_mkz_msgs/msg/GearCmd.l
Symlinking /home/lhn/hhh_ws/devel/share/roseus/ros/dbw_mkz_msgs/msg/FuelLevelReport.l
Symlinking /home/lhn/hhh_ws/devel/share/roseus/ros/dbw_mkz_msgs/msg/BrakeReport.l
Symlinking /home/lhn/hhh_ws/devel/share/roseus/ros/dbw_mkz_msgs/msg/SurroundReport.l
Symlinking /home/lhn/hhh_ws/devel/share/roseus/ros/dbw_mkz_msgs/msg/ThrottleInfoReport.l
Symlinking /home/lhn/hhh_ws/devel/share/roseus/ros/dbw_mkz_msgs/msg/WheelSpeedReport.l
Symlinking /home/lhn/hhh_ws/devel/share/roseus/ros/dbw_mkz_msgs/msg/Gear.l
Symlinking /home/lhn/hhh_ws/devel/share/roseus/ros/dbw_mkz_msgs/msg/ThrottleCmd.l
Symlinking /home/lhn/hhh_ws/devel/share/roseus/ros/dbw_mkz_msgs/msg/HillStartAssist.l
Symlinking /home/lhn/hhh_ws/devel/share/roseus/ros/dbw_mkz_msgs/msg/Wiper.l
Symlinking /home/lhn/hhh_ws/devel/share/roseus/ros/dbw_mkz_msgs/msg/Misc1Report.l
Symlinking /home/lhn/hhh_ws/devel/share/roseus/ros/dbw_mkz_msgs/msg/SteeringCmd.l
Symlinking /home/lhn/hhh_ws/devel/share/roseus/ros/dbw_mkz_msgs/msg/SteeringReport.l
Symlinking /home/lhn/hhh_ws/devel/share/roseus/ros/dbw_mkz_msgs/msg/GearReport.l
Symlinking /home/lhn/hhh_ws/devel/share/roseus/ros/dbw_mkz_msgs/msg/WatchdogCounter.l
Symlinking /home/lhn/hhh_ws/devel/share/roseus/ros/dbw_mkz_msgs/msg/BrakeCmd.l
Symlinking /home/lhn/hhh_ws/devel/share/gennodejs/ros/dbw_mkz_msgs/_index.js
Symlinking /home/lhn/hhh_ws/devel/share/gennodejs/ros/dbw_mkz_msgs/msg/TirePressureReport.js
Symlinking /home/lhn/hhh_ws/devel/share/gennodejs/ros/dbw_mkz_msgs/msg/WheelSpeedReport.js
Symlinking /home/lhn/hhh_ws/devel/share/gennodejs/ros/dbw_mkz_msgs/msg/WatchdogCounter.js
Symlinking /home/lhn/hhh_ws/devel/share/gennodejs/ros/dbw_mkz_msgs/msg/BrakeInfoReport.js
Symlinking /home/lhn/hhh_ws/devel/share/gennodejs/ros/dbw_mkz_msgs/msg/GearReport.js
Symlinking /home/lhn/hhh_ws/devel/share/gennodejs/ros/dbw_mkz_msgs/msg/SuspensionReport.js
Symlinking /home/lhn/hhh_ws/devel/share/gennodejs/ros/dbw_mkz_msgs/msg/Misc1Report.js
Symlinking /home/lhn/hhh_ws/devel/share/gennodejs/ros/dbw_mkz_msgs/msg/TurnSignalCmd.js
Symlinking /home/lhn/hhh_ws/devel/share/gennodejs/ros/dbw_mkz_msgs/msg/ParkingBrake.js
Symlinking /home/lhn/hhh_ws/devel/share/gennodejs/ros/dbw_mkz_msgs/msg/SteeringReport.js
Symlinking /home/lhn/hhh_ws/devel/share/gennodejs/ros/dbw_mkz_msgs/msg/BrakeCmd.js
Symlinking /home/lhn/hhh_ws/devel/share/gennodejs/ros/dbw_mkz_msgs/msg/BrakeReport.js
Symlinking /home/lhn/hhh_ws/devel/share/gennodejs/ros/dbw_mkz_msgs/msg/SteeringCmd.js
Symlinking /home/lhn/hhh_ws/devel/share/gennodejs/ros/dbw_mkz_msgs/msg/HillStartAssist.js
Symlinking /home/lhn/hhh_ws/devel/share/gennodejs/ros/dbw_mkz_msgs/msg/TwistCmd.js
Symlinking /home/lhn/hhh_ws/devel/share/gennodejs/ros/dbw_mkz_msgs/msg/_index.js
Symlinking /home/lhn/hhh_ws/devel/share/gennodejs/ros/dbw_mkz_msgs/msg/ThrottleCmd.js
Symlinking /home/lhn/hhh_ws/devel/share/gennodejs/ros/dbw_mkz_msgs/msg/FuelLevelReport.js
Symlinking /home/lhn/hhh_ws/devel/share/gennodejs/ros/dbw_mkz_msgs/msg/Gear.js
Symlinking /home/lhn/hhh_ws/devel/share/gennodejs/ros/dbw_mkz_msgs/msg/ThrottleInfoReport.js
Symlinking /home/lhn/hhh_ws/devel/share/gennodejs/ros/dbw_mkz_msgs/msg/SurroundReport.js
Symlinking /home/lhn/hhh_ws/devel/share/gennodejs/ros/dbw_mkz_msgs/msg/Wiper.js
Symlinking /home/lhn/hhh_ws/devel/share/gennodejs/ros/dbw_mkz_msgs/msg/AmbientLight.js
Symlinking /home/lhn/hhh_ws/devel/share/gennodejs/ros/dbw_mkz_msgs/msg/TurnSignal.js
Symlinking /home/lhn/hhh_ws/devel/share/gennodejs/ros/dbw_mkz_msgs/msg/ThrottleReport.js
Symlinking /home/lhn/hhh_ws/devel/share/gennodejs/ros/dbw_mkz_msgs/msg/GearCmd.js
Symlinking /home/lhn/hhh_ws/devel/share/dbw_mkz_msgs/cmake/dbw_mkz_msgsConfig-version.cmake
Symlinking /home/lhn/hhh_ws/devel/share/dbw_mkz_msgs/cmake/dbw_mkz_msgs-msg-paths.cmake
Symlinking /home/lhn/hhh_ws/devel/share/dbw_mkz_msgs/cmake/dbw_mkz_msgs-msg-extras.cmake
Symlinking /home/lhn/hhh_ws/devel/share/dbw_mkz_msgs/cmake/dbw_mkz_msgsConfig.cmake
Symlinking /home/lhn/hhh_ws/devel/share/common-lisp/ros/dbw_mkz_msgs/msg/dbw_mkz_msgs-msg.asd
Symlinking /home/lhn/hhh_ws/devel/share/common-lisp/ros/dbw_mkz_msgs/msg/Wiper.lisp
Symlinking /home/lhn/hhh_ws/devel/share/common-lisp/ros/dbw_mkz_msgs/msg/_package_SuspensionReport.lisp
Symlinking /home/lhn/hhh_ws/devel/share/common-lisp/ros/dbw_mkz_msgs/msg/BrakeCmd.lisp
Symlinking /home/lhn/hhh_ws/devel/share/common-lisp/ros/dbw_mkz_msgs/msg/_package_BrakeInfoReport.lisp
Symlinking /home/lhn/hhh_ws/devel/share/common-lisp/ros/dbw_mkz_msgs/msg/_package_SteeringReport.lisp
Symlinking /home/lhn/hhh_ws/devel/share/common-lisp/ros/dbw_mkz_msgs/msg/_package_GearReport.lisp
Symlinking /home/lhn/hhh_ws/devel/share/common-lisp/ros/dbw_mkz_msgs/msg/ThrottleReport.lisp
Symlinking /home/lhn/hhh_ws/devel/share/common-lisp/ros/dbw_mkz_msgs/msg/_package_TirePressureReport.lisp
Symlinking /home/lhn/hhh_ws/devel/share/common-lisp/ros/dbw_mkz_msgs/msg/_package_Misc1Report.lisp
Symlinking /home/lhn/hhh_ws/devel/share/common-lisp/ros/dbw_mkz_msgs/msg/SuspensionReport.lisp
Symlinking /home/lhn/hhh_ws/devel/share/common-lisp/ros/dbw_mkz_msgs/msg/_package_TurnSignalCmd.lisp
Symlinking /home/lhn/hhh_ws/devel/share/common-lisp/ros/dbw_mkz_msgs/msg/BrakeInfoReport.lisp
Symlinking /home/lhn/hhh_ws/devel/share/common-lisp/ros/dbw_mkz_msgs/msg/GearCmd.lisp
Symlinking /home/lhn/hhh_ws/devel/share/common-lisp/ros/dbw_mkz_msgs/msg/Misc1Report.lisp
Symlinking /home/lhn/hhh_ws/devel/share/common-lisp/ros/dbw_mkz_msgs/msg/_package_Wiper.lisp
Symlinking /home/lhn/hhh_ws/devel/share/common-lisp/ros/dbw_mkz_msgs/msg/SteeringCmd.lisp
Symlinking /home/lhn/hhh_ws/devel/share/common-lisp/ros/dbw_mkz_msgs/msg/_package_SurroundReport.lisp
Symlinking /home/lhn/hhh_ws/devel/share/common-lisp/ros/dbw_mkz_msgs/msg/_package_ThrottleInfoReport.lisp
Symlinking /home/lhn/hhh_ws/devel/share/common-lisp/ros/dbw_mkz_msgs/msg/Gear.lisp
Symlinking /home/lhn/hhh_ws/devel/share/common-lisp/ros/dbw_mkz_msgs/msg/_package_Gear.lisp
Symlinking /home/lhn/hhh_ws/devel/share/common-lisp/ros/dbw_mkz_msgs/msg/_package_ParkingBrake.lisp
Symlinking /home/lhn/hhh_ws/devel/share/common-lisp/ros/dbw_mkz_msgs/msg/_package_WheelSpeedReport.lisp
Symlinking /home/lhn/hhh_ws/devel/share/common-lisp/ros/dbw_mkz_msgs/msg/BrakeReport.lisp
Symlinking /home/lhn/hhh_ws/devel/share/common-lisp/ros/dbw_mkz_msgs/msg/TirePressureReport.lisp
Symlinking /home/lhn/hhh_ws/devel/share/common-lisp/ros/dbw_mkz_msgs/msg/ParkingBrake.lisp
Symlinking /home/lhn/hhh_ws/devel/share/common-lisp/ros/dbw_mkz_msgs/msg/_package_SteeringCmd.lisp
Symlinking /home/lhn/hhh_ws/devel/share/common-lisp/ros/dbw_mkz_msgs/msg/GearReport.lisp
Symlinking /home/lhn/hhh_ws/devel/share/common-lisp/ros/dbw_mkz_msgs/msg/FuelLevelReport.lisp
Symlinking /home/lhn/hhh_ws/devel/share/common-lisp/ros/dbw_mkz_msgs/msg/_package_TwistCmd.lisp
Symlinking /home/lhn/hhh_ws/devel/share/common-lisp/ros/dbw_mkz_msgs/msg/_package.lisp
Symlinking /home/lhn/hhh_ws/devel/share/common-lisp/ros/dbw_mkz_msgs/msg/SteeringReport.lisp
Symlinking /home/lhn/hhh_ws/devel/share/common-lisp/ros/dbw_mkz_msgs/msg/ThrottleInfoReport.lisp
Symlinking /home/lhn/hhh_ws/devel/share/common-lisp/ros/dbw_mkz_msgs/msg/_package_WatchdogCounter.lisp
Symlinking /home/lhn/hhh_ws/devel/share/common-lisp/ros/dbw_mkz_msgs/msg/_package_GearCmd.lisp
Symlinking /home/lhn/hhh_ws/devel/share/common-lisp/ros/dbw_mkz_msgs/msg/TwistCmd.lisp
Symlinking /home/lhn/hhh_ws/devel/share/common-lisp/ros/dbw_mkz_msgs/msg/WheelSpeedReport.lisp
Symlinking /home/lhn/hhh_ws/devel/share/common-lisp/ros/dbw_mkz_msgs/msg/HillStartAssist.lisp
Symlinking /home/lhn/hhh_ws/devel/share/common-lisp/ros/dbw_mkz_msgs/msg/_package_FuelLevelReport.lisp
Symlinking /home/lhn/hhh_ws/devel/share/common-lisp/ros/dbw_mkz_msgs/msg/TurnSignalCmd.lisp
Symlinking /home/lhn/hhh_ws/devel/share/common-lisp/ros/dbw_mkz_msgs/msg/_package_HillStartAssist.lisp
Symlinking /home/lhn/hhh_ws/devel/share/common-lisp/ros/dbw_mkz_msgs/msg/_package_BrakeCmd.lisp
Symlinking /home/lhn/hhh_ws/devel/share/common-lisp/ros/dbw_mkz_msgs/msg/AmbientLight.lisp
Symlinking /home/lhn/hhh_ws/devel/share/common-lisp/ros/dbw_mkz_msgs/msg/SurroundReport.lisp
Symlinking /home/lhn/hhh_ws/devel/share/common-lisp/ros/dbw_mkz_msgs/msg/_package_ThrottleReport.lisp
Symlinking /home/lhn/hhh_ws/devel/share/common-lisp/ros/dbw_mkz_msgs/msg/_package_ThrottleCmd.lisp
Symlinking /home/lhn/hhh_ws/devel/share/common-lisp/ros/dbw_mkz_msgs/msg/_package_AmbientLight.lisp
Symlinking /home/lhn/hhh_ws/devel/share/common-lisp/ros/dbw_mkz_msgs/msg/_package_TurnSignal.lisp
Symlinking /home/lhn/hhh_ws/devel/share/common-lisp/ros/dbw_mkz_msgs/msg/_package_BrakeReport.lisp
Symlinking /home/lhn/hhh_ws/devel/share/common-lisp/ros/dbw_mkz_msgs/msg/ThrottleCmd.lisp
Symlinking /home/lhn/hhh_ws/devel/share/common-lisp/ros/dbw_mkz_msgs/msg/TurnSignal.lisp
Symlinking /home/lhn/hhh_ws/devel/share/common-lisp/ros/dbw_mkz_msgs/msg/WatchdogCounter.lisp
Symlinking /home/lhn/hhh_ws/devel/lib/pkgconfig/dbw_mkz_msgs.pc
Symlinking /home/lhn/hhh_ws/devel/lib/python2.7/dist-packages/dbw_mkz_msgs/__init__.py
Symlinking /home/lhn/hhh_ws/devel/lib/python2.7/dist-packages/dbw_mkz_msgs/msg/_GearCmd.py
Symlinking /home/lhn/hhh_ws/devel/lib/python2.7/dist-packages/dbw_mkz_msgs/msg/_ParkingBrake.py
Symlinking /home/lhn/hhh_ws/devel/lib/python2.7/dist-packages/dbw_mkz_msgs/msg/_GearReport.py
Symlinking /home/lhn/hhh_ws/devel/lib/python2.7/dist-packages/dbw_mkz_msgs/msg/_TirePressureReport.py
Symlinking /home/lhn/hhh_ws/devel/lib/python2.7/dist-packages/dbw_mkz_msgs/msg/_ThrottleReport.py
Symlinking /home/lhn/hhh_ws/devel/lib/python2.7/dist-packages/dbw_mkz_msgs/msg/_TwistCmd.py
Symlinking /home/lhn/hhh_ws/devel/lib/python2.7/dist-packages/dbw_mkz_msgs/msg/_Misc1Report.py
Symlinking /home/lhn/hhh_ws/devel/lib/python2.7/dist-packages/dbw_mkz_msgs/msg/_Wiper.py
Symlinking /home/lhn/hhh_ws/devel/lib/python2.7/dist-packages/dbw_mkz_msgs/msg/_AmbientLight.py
Symlinking /home/lhn/hhh_ws/devel/lib/python2.7/dist-packages/dbw_mkz_msgs/msg/_SuspensionReport.py
Symlinking /home/lhn/hhh_ws/devel/lib/python2.7/dist-packages/dbw_mkz_msgs/msg/_WheelSpeedReport.py
Symlinking /home/lhn/hhh_ws/devel/lib/python2.7/dist-packages/dbw_mkz_msgs/msg/_FuelLevelReport.py
Symlinking /home/lhn/hhh_ws/devel/lib/python2.7/dist-packages/dbw_mkz_msgs/msg/_ThrottleInfoReport.py
Symlinking /home/lhn/hhh_ws/devel/lib/python2.7/dist-packages/dbw_mkz_msgs/msg/_Gear.py
Symlinking /home/lhn/hhh_ws/devel/lib/python2.7/dist-packages/dbw_mkz_msgs/msg/_TurnSignalCmd.py
Symlinking /home/lhn/hhh_ws/devel/lib/python2.7/dist-packages/dbw_mkz_msgs/msg/_SteeringCmd.py
Symlinking /home/lhn/hhh_ws/devel/lib/python2.7/dist-packages/dbw_mkz_msgs/msg/_SteeringReport.py
Symlinking /home/lhn/hhh_ws/devel/lib/python2.7/dist-packages/dbw_mkz_msgs/msg/_TurnSignal.py
Symlinking /home/lhn/hhh_ws/devel/lib/python2.7/dist-packages/dbw_mkz_msgs/msg/_WatchdogCounter.py
Symlinking /home/lhn/hhh_ws/devel/lib/python2.7/dist-packages/dbw_mkz_msgs/msg/_BrakeCmd.py
Symlinking /home/lhn/hhh_ws/devel/lib/python2.7/dist-packages/dbw_mkz_msgs/msg/_SurroundReport.py
Symlinking /home/lhn/hhh_ws/devel/lib/python2.7/dist-packages/dbw_mkz_msgs/msg/_ThrottleCmd.py
Symlinking /home/lhn/hhh_ws/devel/lib/python2.7/dist-packages/dbw_mkz_msgs/msg/_HillStartAssist.py
Symlinking /home/lhn/hhh_ws/devel/lib/python2.7/dist-packages/dbw_mkz_msgs/msg/_BrakeReport.py
Symlinking /home/lhn/hhh_ws/devel/lib/python2.7/dist-packages/dbw_mkz_msgs/msg/_BrakeInfoReport.py
Symlinking /home/lhn/hhh_ws/devel/lib/python2.7/dist-packages/dbw_mkz_msgs/msg/__init__.py
Symlinking /home/lhn/hhh_ws/devel/include/dbw_mkz_msgs/Misc1Report.h
Symlinking /home/lhn/hhh_ws/devel/include/dbw_mkz_msgs/WheelSpeedReport.h
Symlinking /home/lhn/hhh_ws/devel/include/dbw_mkz_msgs/TurnSignalCmd.h
Symlinking /home/lhn/hhh_ws/devel/include/dbw_mkz_msgs/FuelLevelReport.h
Symlinking /home/lhn/hhh_ws/devel/include/dbw_mkz_msgs/ParkingBrake.h
Symlinking /home/lhn/hhh_ws/devel/include/dbw_mkz_msgs/WatchdogCounter.h
Symlinking /home/lhn/hhh_ws/devel/include/dbw_mkz_msgs/ThrottleCmd.h
Symlinking /home/lhn/hhh_ws/devel/include/dbw_mkz_msgs/BrakeInfoReport.h
Symlinking /home/lhn/hhh_ws/devel/include/dbw_mkz_msgs/GearCmd.h
Symlinking /home/lhn/hhh_ws/devel/include/dbw_mkz_msgs/Wiper.h
Symlinking /home/lhn/hhh_ws/devel/include/dbw_mkz_msgs/SteeringReport.h
Symlinking /home/lhn/hhh_ws/devel/include/dbw_mkz_msgs/BrakeCmd.h
Symlinking /home/lhn/hhh_ws/devel/include/dbw_mkz_msgs/TirePressureReport.h
Symlinking /home/lhn/hhh_ws/devel/include/dbw_mkz_msgs/TwistCmd.h
Symlinking /home/lhn/hhh_ws/devel/include/dbw_mkz_msgs/AmbientLight.h
Symlinking /home/lhn/hhh_ws/devel/include/dbw_mkz_msgs/Gear.h
Symlinking /home/lhn/hhh_ws/devel/include/dbw_mkz_msgs/ThrottleReport.h
Symlinking /home/lhn/hhh_ws/devel/include/dbw_mkz_msgs/GearReport.h
Symlinking /home/lhn/hhh_ws/devel/include/dbw_mkz_msgs/HillStartAssist.h
Symlinking /home/lhn/hhh_ws/devel/include/dbw_mkz_msgs/SurroundReport.h
Symlinking /home/lhn/hhh_ws/devel/include/dbw_mkz_msgs/TurnSignal.h
Symlinking /home/lhn/hhh_ws/devel/include/dbw_mkz_msgs/BrakeReport.h
Symlinking /home/lhn/hhh_ws/devel/include/dbw_mkz_msgs/SuspensionReport.h
Symlinking /home/lhn/hhh_ws/devel/include/dbw_mkz_msgs/ThrottleInfoReport.h
Symlinking /home/lhn/hhh_ws/devel/include/dbw_mkz_msgs/SteeringCmd.h
