Determining if the pthread_create exist failed with the following output:
Change Dir: /home/lhn/hhh_ws/build/catkin_tools_prebuild/CMakeFiles/CMakeTmp

Run Build Command:"/usr/bin/make" "cmTC_75d9a/fast"
/usr/bin/make -f CMakeFiles/cmTC_75d9a.dir/build.make CMakeFiles/cmTC_75d9a.dir/build
make[1]: Entering directory '/home/lhn/hhh_ws/build/catkin_tools_prebuild/CMakeFiles/CMakeTmp'
Building C object CMakeFiles/cmTC_75d9a.dir/CheckSymbolExists.c.o
/usr/bin/cc     -o CMakeFiles/cmTC_75d9a.dir/CheckSymbolExists.c.o   -c /home/lhn/hhh_ws/build/catkin_tools_prebuild/CMakeFiles/CMakeTmp/CheckSymbolExists.c
Linking C executable cmTC_75d9a
/usr/bin/cmake -E cmake_link_script CMakeFiles/cmTC_75d9a.dir/link.txt --verbose=1
/usr/bin/cc       CMakeFiles/cmTC_75d9a.dir/CheckSymbolExists.c.o  -o cmTC_75d9a -rdynamic 
CMakeFiles/cmTC_75d9a.dir/CheckSymbolExists.c.o：在函数‘main’中：
CheckSymbolExists.c:(.text+0x16)：对‘pthread_create’未定义的引用
collect2: error: ld returned 1 exit status
CMakeFiles/cmTC_75d9a.dir/build.make:97: recipe for target 'cmTC_75d9a' failed
make[1]: *** [cmTC_75d9a] Error 1
make[1]: Leaving directory '/home/lhn/hhh_ws/build/catkin_tools_prebuild/CMakeFiles/CMakeTmp'
Makefile:126: recipe for target 'cmTC_75d9a/fast' failed
make: *** [cmTC_75d9a/fast] Error 2

File /home/lhn/hhh_ws/build/catkin_tools_prebuild/CMakeFiles/CMakeTmp/CheckSymbolExists.c:
/* */
#include <pthread.h>

int main(int argc, char** argv)
{
  (void)argv;
#ifndef pthread_create
  return ((int*)(&pthread_create))[argc];
#else
  (void)argc;
  return 0;
#endif
}

Determining if the function pthread_create exists in the pthreads failed with the following output:
Change Dir: /home/lhn/hhh_ws/build/catkin_tools_prebuild/CMakeFiles/CMakeTmp

Run Build Command:"/usr/bin/make" "cmTC_c8a9e/fast"
/usr/bin/make -f CMakeFiles/cmTC_c8a9e.dir/build.make CMakeFiles/cmTC_c8a9e.dir/build
make[1]: Entering directory '/home/lhn/hhh_ws/build/catkin_tools_prebuild/CMakeFiles/CMakeTmp'
Building C object CMakeFiles/cmTC_c8a9e.dir/CheckFunctionExists.c.o
/usr/bin/cc    -DCHECK_FUNCTION_EXISTS=pthread_create   -o CMakeFiles/cmTC_c8a9e.dir/CheckFunctionExists.c.o   -c /usr/share/cmake-3.5/Modules/CheckFunctionExists.c
Linking C executable cmTC_c8a9e
/usr/bin/cmake -E cmake_link_script CMakeFiles/cmTC_c8a9e.dir/link.txt --verbose=1
/usr/bin/cc   -DCHECK_FUNCTION_EXISTS=pthread_create    CMakeFiles/cmTC_c8a9e.dir/CheckFunctionExists.c.o  -o cmTC_c8a9e -rdynamic -lpthreads 
/usr/bin/ld: 找不到 -lpthreads
collect2: error: ld returned 1 exit status
CMakeFiles/cmTC_c8a9e.dir/build.make:97: recipe for target 'cmTC_c8a9e' failed
make[1]: *** [cmTC_c8a9e] Error 1
make[1]: Leaving directory '/home/lhn/hhh_ws/build/catkin_tools_prebuild/CMakeFiles/CMakeTmp'
Makefile:126: recipe for target 'cmTC_c8a9e/fast' failed
make: *** [cmTC_c8a9e/fast] Error 2


