Linked: (/home/lhn/hhh_ws/devel/.private/control_msgs/share/roseus/ros/control_msgs/manifest.l, /home/lhn/hhh_ws/devel/share/roseus/ros/control_msgs/manifest.l)
Linked: (/home/lhn/hhh_ws/devel/.private/control_msgs/share/roseus/ros/control_msgs/msg/ThrottleReport.l, /home/lhn/hhh_ws/devel/share/roseus/ros/control_msgs/msg/ThrottleReport.l)
Linked: (/home/lhn/hhh_ws/devel/.private/control_msgs/share/roseus/ros/control_msgs/msg/LampReport.l, /home/lhn/hhh_ws/devel/share/roseus/ros/control_msgs/msg/LampReport.l)
Linked: (/home/lhn/hhh_ws/devel/.private/control_msgs/share/roseus/ros/control_msgs/msg/VehicleState.l, /home/lhn/hhh_ws/devel/share/roseus/ros/control_msgs/msg/VehicleState.l)
Linked: (/home/lhn/hhh_ws/devel/.private/control_msgs/share/roseus/ros/control_msgs/msg/HMIReport.l, /home/lhn/hhh_ws/devel/share/roseus/ros/control_msgs/msg/HMIReport.l)
Linked: (/home/lhn/hhh_ws/devel/.private/control_msgs/share/roseus/ros/control_msgs/msg/Traj_Node.l, /home/lhn/hhh_ws/devel/share/roseus/ros/control_msgs/msg/Traj_Node.l)
Linked: (/home/lhn/hhh_ws/devel/.private/control_msgs/share/roseus/ros/control_msgs/msg/GearCmd.l, /home/lhn/hhh_ws/devel/share/roseus/ros/control_msgs/msg/GearCmd.l)
Linked: (/home/lhn/hhh_ws/devel/.private/control_msgs/share/roseus/ros/control_msgs/msg/WheelStateReport.l, /home/lhn/hhh_ws/devel/share/roseus/ros/control_msgs/msg/WheelStateReport.l)
Linked: (/home/lhn/hhh_ws/devel/.private/control_msgs/share/roseus/ros/control_msgs/msg/SendECUCmd.l, /home/lhn/hhh_ws/devel/share/roseus/ros/control_msgs/msg/SendECUCmd.l)
Linked: (/home/lhn/hhh_ws/devel/.private/control_msgs/share/roseus/ros/control_msgs/msg/BrakeReport.l, /home/lhn/hhh_ws/devel/share/roseus/ros/control_msgs/msg/BrakeReport.l)
Linked: (/home/lhn/hhh_ws/devel/.private/control_msgs/share/roseus/ros/control_msgs/msg/SpeedReport.l, /home/lhn/hhh_ws/devel/share/roseus/ros/control_msgs/msg/SpeedReport.l)
Linked: (/home/lhn/hhh_ws/devel/.private/control_msgs/share/roseus/ros/control_msgs/msg/EngineReport.l, /home/lhn/hhh_ws/devel/share/roseus/ros/control_msgs/msg/EngineReport.l)
Linked: (/home/lhn/hhh_ws/devel/.private/control_msgs/share/roseus/ros/control_msgs/msg/SteerCmd.l, /home/lhn/hhh_ws/devel/share/roseus/ros/control_msgs/msg/SteerCmd.l)
Linked: (/home/lhn/hhh_ws/devel/.private/control_msgs/share/roseus/ros/control_msgs/msg/LampCmd.l, /home/lhn/hhh_ws/devel/share/roseus/ros/control_msgs/msg/LampCmd.l)
Linked: (/home/lhn/hhh_ws/devel/.private/control_msgs/share/roseus/ros/control_msgs/msg/ThrottleCmd.l, /home/lhn/hhh_ws/devel/share/roseus/ros/control_msgs/msg/ThrottleCmd.l)
Linked: (/home/lhn/hhh_ws/devel/.private/control_msgs/share/roseus/ros/control_msgs/msg/Trajectory.l, /home/lhn/hhh_ws/devel/share/roseus/ros/control_msgs/msg/Trajectory.l)
Linked: (/home/lhn/hhh_ws/devel/.private/control_msgs/share/roseus/ros/control_msgs/msg/ModeCmd.l, /home/lhn/hhh_ws/devel/share/roseus/ros/control_msgs/msg/ModeCmd.l)
Linked: (/home/lhn/hhh_ws/devel/.private/control_msgs/share/roseus/ros/control_msgs/msg/ModeReport.l, /home/lhn/hhh_ws/devel/share/roseus/ros/control_msgs/msg/ModeReport.l)
Linked: (/home/lhn/hhh_ws/devel/.private/control_msgs/share/roseus/ros/control_msgs/msg/GetECUReport.l, /home/lhn/hhh_ws/devel/share/roseus/ros/control_msgs/msg/GetECUReport.l)
Linked: (/home/lhn/hhh_ws/devel/.private/control_msgs/share/roseus/ros/control_msgs/msg/SpeedCmd.l, /home/lhn/hhh_ws/devel/share/roseus/ros/control_msgs/msg/SpeedCmd.l)
Linked: (/home/lhn/hhh_ws/devel/.private/control_msgs/share/roseus/ros/control_msgs/msg/ECUData.l, /home/lhn/hhh_ws/devel/share/roseus/ros/control_msgs/msg/ECUData.l)
Linked: (/home/lhn/hhh_ws/devel/.private/control_msgs/share/roseus/ros/control_msgs/msg/GearReport.l, /home/lhn/hhh_ws/devel/share/roseus/ros/control_msgs/msg/GearReport.l)
Linked: (/home/lhn/hhh_ws/devel/.private/control_msgs/share/roseus/ros/control_msgs/msg/BrakeCmd.l, /home/lhn/hhh_ws/devel/share/roseus/ros/control_msgs/msg/BrakeCmd.l)
Linked: (/home/lhn/hhh_ws/devel/.private/control_msgs/share/roseus/ros/control_msgs/msg/SteerReport.l, /home/lhn/hhh_ws/devel/share/roseus/ros/control_msgs/msg/SteerReport.l)
Linked: (/home/lhn/hhh_ws/devel/.private/control_msgs/share/gennodejs/ros/control_msgs/_index.js, /home/lhn/hhh_ws/devel/share/gennodejs/ros/control_msgs/_index.js)
Linked: (/home/lhn/hhh_ws/devel/.private/control_msgs/share/gennodejs/ros/control_msgs/msg/GearReport.js, /home/lhn/hhh_ws/devel/share/gennodejs/ros/control_msgs/msg/GearReport.js)
Linked: (/home/lhn/hhh_ws/devel/.private/control_msgs/share/gennodejs/ros/control_msgs/msg/LampCmd.js, /home/lhn/hhh_ws/devel/share/gennodejs/ros/control_msgs/msg/LampCmd.js)
Linked: (/home/lhn/hhh_ws/devel/.private/control_msgs/share/gennodejs/ros/control_msgs/msg/ModeReport.js, /home/lhn/hhh_ws/devel/share/gennodejs/ros/control_msgs/msg/ModeReport.js)
Linked: (/home/lhn/hhh_ws/devel/.private/control_msgs/share/gennodejs/ros/control_msgs/msg/VehicleState.js, /home/lhn/hhh_ws/devel/share/gennodejs/ros/control_msgs/msg/VehicleState.js)
Linked: (/home/lhn/hhh_ws/devel/.private/control_msgs/share/gennodejs/ros/control_msgs/msg/ModeCmd.js, /home/lhn/hhh_ws/devel/share/gennodejs/ros/control_msgs/msg/ModeCmd.js)
Linked: (/home/lhn/hhh_ws/devel/.private/control_msgs/share/gennodejs/ros/control_msgs/msg/LampReport.js, /home/lhn/hhh_ws/devel/share/gennodejs/ros/control_msgs/msg/LampReport.js)
Linked: (/home/lhn/hhh_ws/devel/.private/control_msgs/share/gennodejs/ros/control_msgs/msg/BrakeCmd.js, /home/lhn/hhh_ws/devel/share/gennodejs/ros/control_msgs/msg/BrakeCmd.js)
Linked: (/home/lhn/hhh_ws/devel/.private/control_msgs/share/gennodejs/ros/control_msgs/msg/GetECUReport.js, /home/lhn/hhh_ws/devel/share/gennodejs/ros/control_msgs/msg/GetECUReport.js)
Linked: (/home/lhn/hhh_ws/devel/.private/control_msgs/share/gennodejs/ros/control_msgs/msg/ECUData.js, /home/lhn/hhh_ws/devel/share/gennodejs/ros/control_msgs/msg/ECUData.js)
Linked: (/home/lhn/hhh_ws/devel/.private/control_msgs/share/gennodejs/ros/control_msgs/msg/BrakeReport.js, /home/lhn/hhh_ws/devel/share/gennodejs/ros/control_msgs/msg/BrakeReport.js)
Linked: (/home/lhn/hhh_ws/devel/.private/control_msgs/share/gennodejs/ros/control_msgs/msg/SendECUCmd.js, /home/lhn/hhh_ws/devel/share/gennodejs/ros/control_msgs/msg/SendECUCmd.js)
Linked: (/home/lhn/hhh_ws/devel/.private/control_msgs/share/gennodejs/ros/control_msgs/msg/SteerCmd.js, /home/lhn/hhh_ws/devel/share/gennodejs/ros/control_msgs/msg/SteerCmd.js)
Linked: (/home/lhn/hhh_ws/devel/.private/control_msgs/share/gennodejs/ros/control_msgs/msg/SpeedReport.js, /home/lhn/hhh_ws/devel/share/gennodejs/ros/control_msgs/msg/SpeedReport.js)
Linked: (/home/lhn/hhh_ws/devel/.private/control_msgs/share/gennodejs/ros/control_msgs/msg/HMIReport.js, /home/lhn/hhh_ws/devel/share/gennodejs/ros/control_msgs/msg/HMIReport.js)
Linked: (/home/lhn/hhh_ws/devel/.private/control_msgs/share/gennodejs/ros/control_msgs/msg/_index.js, /home/lhn/hhh_ws/devel/share/gennodejs/ros/control_msgs/msg/_index.js)
Linked: (/home/lhn/hhh_ws/devel/.private/control_msgs/share/gennodejs/ros/control_msgs/msg/ThrottleCmd.js, /home/lhn/hhh_ws/devel/share/gennodejs/ros/control_msgs/msg/ThrottleCmd.js)
Linked: (/home/lhn/hhh_ws/devel/.private/control_msgs/share/gennodejs/ros/control_msgs/msg/Trajectory.js, /home/lhn/hhh_ws/devel/share/gennodejs/ros/control_msgs/msg/Trajectory.js)
Linked: (/home/lhn/hhh_ws/devel/.private/control_msgs/share/gennodejs/ros/control_msgs/msg/Traj_Node.js, /home/lhn/hhh_ws/devel/share/gennodejs/ros/control_msgs/msg/Traj_Node.js)
Linked: (/home/lhn/hhh_ws/devel/.private/control_msgs/share/gennodejs/ros/control_msgs/msg/SpeedCmd.js, /home/lhn/hhh_ws/devel/share/gennodejs/ros/control_msgs/msg/SpeedCmd.js)
Linked: (/home/lhn/hhh_ws/devel/.private/control_msgs/share/gennodejs/ros/control_msgs/msg/EngineReport.js, /home/lhn/hhh_ws/devel/share/gennodejs/ros/control_msgs/msg/EngineReport.js)
Linked: (/home/lhn/hhh_ws/devel/.private/control_msgs/share/gennodejs/ros/control_msgs/msg/SteerReport.js, /home/lhn/hhh_ws/devel/share/gennodejs/ros/control_msgs/msg/SteerReport.js)
Linked: (/home/lhn/hhh_ws/devel/.private/control_msgs/share/gennodejs/ros/control_msgs/msg/ThrottleReport.js, /home/lhn/hhh_ws/devel/share/gennodejs/ros/control_msgs/msg/ThrottleReport.js)
Linked: (/home/lhn/hhh_ws/devel/.private/control_msgs/share/gennodejs/ros/control_msgs/msg/GearCmd.js, /home/lhn/hhh_ws/devel/share/gennodejs/ros/control_msgs/msg/GearCmd.js)
Linked: (/home/lhn/hhh_ws/devel/.private/control_msgs/share/gennodejs/ros/control_msgs/msg/WheelStateReport.js, /home/lhn/hhh_ws/devel/share/gennodejs/ros/control_msgs/msg/WheelStateReport.js)
Linked: (/home/lhn/hhh_ws/devel/.private/control_msgs/share/control_msgs/cmake/control_msgs-msg-extras.cmake, /home/lhn/hhh_ws/devel/share/control_msgs/cmake/control_msgs-msg-extras.cmake)
Linked: (/home/lhn/hhh_ws/devel/.private/control_msgs/share/control_msgs/cmake/control_msgsConfig.cmake, /home/lhn/hhh_ws/devel/share/control_msgs/cmake/control_msgsConfig.cmake)
Linked: (/home/lhn/hhh_ws/devel/.private/control_msgs/share/control_msgs/cmake/control_msgsConfig-version.cmake, /home/lhn/hhh_ws/devel/share/control_msgs/cmake/control_msgsConfig-version.cmake)
Linked: (/home/lhn/hhh_ws/devel/.private/control_msgs/share/control_msgs/cmake/control_msgs-msg-paths.cmake, /home/lhn/hhh_ws/devel/share/control_msgs/cmake/control_msgs-msg-paths.cmake)
Linked: (/home/lhn/hhh_ws/devel/.private/control_msgs/share/common-lisp/ros/control_msgs/msg/BrakeCmd.lisp, /home/lhn/hhh_ws/devel/share/common-lisp/ros/control_msgs/msg/BrakeCmd.lisp)
Linked: (/home/lhn/hhh_ws/devel/.private/control_msgs/share/common-lisp/ros/control_msgs/msg/_package_SpeedReport.lisp, /home/lhn/hhh_ws/devel/share/common-lisp/ros/control_msgs/msg/_package_SpeedReport.lisp)
Linked: (/home/lhn/hhh_ws/devel/.private/control_msgs/share/common-lisp/ros/control_msgs/msg/LampReport.lisp, /home/lhn/hhh_ws/devel/share/common-lisp/ros/control_msgs/msg/LampReport.lisp)
Linked: (/home/lhn/hhh_ws/devel/.private/control_msgs/share/common-lisp/ros/control_msgs/msg/EngineReport.lisp, /home/lhn/hhh_ws/devel/share/common-lisp/ros/control_msgs/msg/EngineReport.lisp)
Linked: (/home/lhn/hhh_ws/devel/.private/control_msgs/share/common-lisp/ros/control_msgs/msg/_package_ModeReport.lisp, /home/lhn/hhh_ws/devel/share/common-lisp/ros/control_msgs/msg/_package_ModeReport.lisp)
Linked: (/home/lhn/hhh_ws/devel/.private/control_msgs/share/common-lisp/ros/control_msgs/msg/_package_Trajectory.lisp, /home/lhn/hhh_ws/devel/share/common-lisp/ros/control_msgs/msg/_package_Trajectory.lisp)
Linked: (/home/lhn/hhh_ws/devel/.private/control_msgs/share/common-lisp/ros/control_msgs/msg/GetECUReport.lisp, /home/lhn/hhh_ws/devel/share/common-lisp/ros/control_msgs/msg/GetECUReport.lisp)
Linked: (/home/lhn/hhh_ws/devel/.private/control_msgs/share/common-lisp/ros/control_msgs/msg/ECUData.lisp, /home/lhn/hhh_ws/devel/share/common-lisp/ros/control_msgs/msg/ECUData.lisp)
Linked: (/home/lhn/hhh_ws/devel/.private/control_msgs/share/common-lisp/ros/control_msgs/msg/_package_LampCmd.lisp, /home/lhn/hhh_ws/devel/share/common-lisp/ros/control_msgs/msg/_package_LampCmd.lisp)
Linked: (/home/lhn/hhh_ws/devel/.private/control_msgs/share/common-lisp/ros/control_msgs/msg/_package_SteerCmd.lisp, /home/lhn/hhh_ws/devel/share/common-lisp/ros/control_msgs/msg/_package_SteerCmd.lisp)
Linked: (/home/lhn/hhh_ws/devel/.private/control_msgs/share/common-lisp/ros/control_msgs/msg/Traj_Node.lisp, /home/lhn/hhh_ws/devel/share/common-lisp/ros/control_msgs/msg/Traj_Node.lisp)
Linked: (/home/lhn/hhh_ws/devel/.private/control_msgs/share/common-lisp/ros/control_msgs/msg/_package_GearReport.lisp, /home/lhn/hhh_ws/devel/share/common-lisp/ros/control_msgs/msg/_package_GearReport.lisp)
Linked: (/home/lhn/hhh_ws/devel/.private/control_msgs/share/common-lisp/ros/control_msgs/msg/ThrottleReport.lisp, /home/lhn/hhh_ws/devel/share/common-lisp/ros/control_msgs/msg/ThrottleReport.lisp)
Linked: (/home/lhn/hhh_ws/devel/.private/control_msgs/share/common-lisp/ros/control_msgs/msg/Trajectory.lisp, /home/lhn/hhh_ws/devel/share/common-lisp/ros/control_msgs/msg/Trajectory.lisp)
Linked: (/home/lhn/hhh_ws/devel/.private/control_msgs/share/common-lisp/ros/control_msgs/msg/_package_VehicleState.lisp, /home/lhn/hhh_ws/devel/share/common-lisp/ros/control_msgs/msg/_package_VehicleState.lisp)
Linked: (/home/lhn/hhh_ws/devel/.private/control_msgs/share/common-lisp/ros/control_msgs/msg/SpeedReport.lisp, /home/lhn/hhh_ws/devel/share/common-lisp/ros/control_msgs/msg/SpeedReport.lisp)
Linked: (/home/lhn/hhh_ws/devel/.private/control_msgs/share/common-lisp/ros/control_msgs/msg/_package_ECUData.lisp, /home/lhn/hhh_ws/devel/share/common-lisp/ros/control_msgs/msg/_package_ECUData.lisp)
Linked: (/home/lhn/hhh_ws/devel/.private/control_msgs/share/common-lisp/ros/control_msgs/msg/GearCmd.lisp, /home/lhn/hhh_ws/devel/share/common-lisp/ros/control_msgs/msg/GearCmd.lisp)
Linked: (/home/lhn/hhh_ws/devel/.private/control_msgs/share/common-lisp/ros/control_msgs/msg/_package_SpeedCmd.lisp, /home/lhn/hhh_ws/devel/share/common-lisp/ros/control_msgs/msg/_package_SpeedCmd.lisp)
Linked: (/home/lhn/hhh_ws/devel/.private/control_msgs/share/common-lisp/ros/control_msgs/msg/_package_Traj_Node.lisp, /home/lhn/hhh_ws/devel/share/common-lisp/ros/control_msgs/msg/_package_Traj_Node.lisp)
Linked: (/home/lhn/hhh_ws/devel/.private/control_msgs/share/common-lisp/ros/control_msgs/msg/BrakeReport.lisp, /home/lhn/hhh_ws/devel/share/common-lisp/ros/control_msgs/msg/BrakeReport.lisp)
Linked: (/home/lhn/hhh_ws/devel/.private/control_msgs/share/common-lisp/ros/control_msgs/msg/_package_SendECUCmd.lisp, /home/lhn/hhh_ws/devel/share/common-lisp/ros/control_msgs/msg/_package_SendECUCmd.lisp)
Linked: (/home/lhn/hhh_ws/devel/.private/control_msgs/share/common-lisp/ros/control_msgs/msg/SpeedCmd.lisp, /home/lhn/hhh_ws/devel/share/common-lisp/ros/control_msgs/msg/SpeedCmd.lisp)
Linked: (/home/lhn/hhh_ws/devel/.private/control_msgs/share/common-lisp/ros/control_msgs/msg/_package_WheelStateReport.lisp, /home/lhn/hhh_ws/devel/share/common-lisp/ros/control_msgs/msg/_package_WheelStateReport.lisp)
Linked: (/home/lhn/hhh_ws/devel/.private/control_msgs/share/common-lisp/ros/control_msgs/msg/GearReport.lisp, /home/lhn/hhh_ws/devel/share/common-lisp/ros/control_msgs/msg/GearReport.lisp)
Linked: (/home/lhn/hhh_ws/devel/.private/control_msgs/share/common-lisp/ros/control_msgs/msg/ModeReport.lisp, /home/lhn/hhh_ws/devel/share/common-lisp/ros/control_msgs/msg/ModeReport.lisp)
Linked: (/home/lhn/hhh_ws/devel/.private/control_msgs/share/common-lisp/ros/control_msgs/msg/_package.lisp, /home/lhn/hhh_ws/devel/share/common-lisp/ros/control_msgs/msg/_package.lisp)
Linked: (/home/lhn/hhh_ws/devel/.private/control_msgs/share/common-lisp/ros/control_msgs/msg/_package_SteerReport.lisp, /home/lhn/hhh_ws/devel/share/common-lisp/ros/control_msgs/msg/_package_SteerReport.lisp)
Linked: (/home/lhn/hhh_ws/devel/.private/control_msgs/share/common-lisp/ros/control_msgs/msg/ModeCmd.lisp, /home/lhn/hhh_ws/devel/share/common-lisp/ros/control_msgs/msg/ModeCmd.lisp)
Linked: (/home/lhn/hhh_ws/devel/.private/control_msgs/share/common-lisp/ros/control_msgs/msg/LampCmd.lisp, /home/lhn/hhh_ws/devel/share/common-lisp/ros/control_msgs/msg/LampCmd.lisp)
Linked: (/home/lhn/hhh_ws/devel/.private/control_msgs/share/common-lisp/ros/control_msgs/msg/VehicleState.lisp, /home/lhn/hhh_ws/devel/share/common-lisp/ros/control_msgs/msg/VehicleState.lisp)
Linked: (/home/lhn/hhh_ws/devel/.private/control_msgs/share/common-lisp/ros/control_msgs/msg/_package_GearCmd.lisp, /home/lhn/hhh_ws/devel/share/common-lisp/ros/control_msgs/msg/_package_GearCmd.lisp)
Linked: (/home/lhn/hhh_ws/devel/.private/control_msgs/share/common-lisp/ros/control_msgs/msg/SendECUCmd.lisp, /home/lhn/hhh_ws/devel/share/common-lisp/ros/control_msgs/msg/SendECUCmd.lisp)
Linked: (/home/lhn/hhh_ws/devel/.private/control_msgs/share/common-lisp/ros/control_msgs/msg/SteerReport.lisp, /home/lhn/hhh_ws/devel/share/common-lisp/ros/control_msgs/msg/SteerReport.lisp)
Linked: (/home/lhn/hhh_ws/devel/.private/control_msgs/share/common-lisp/ros/control_msgs/msg/WheelStateReport.lisp, /home/lhn/hhh_ws/devel/share/common-lisp/ros/control_msgs/msg/WheelStateReport.lisp)
Linked: (/home/lhn/hhh_ws/devel/.private/control_msgs/share/common-lisp/ros/control_msgs/msg/_package_ModeCmd.lisp, /home/lhn/hhh_ws/devel/share/common-lisp/ros/control_msgs/msg/_package_ModeCmd.lisp)
Linked: (/home/lhn/hhh_ws/devel/.private/control_msgs/share/common-lisp/ros/control_msgs/msg/_package_GetECUReport.lisp, /home/lhn/hhh_ws/devel/share/common-lisp/ros/control_msgs/msg/_package_GetECUReport.lisp)
Linked: (/home/lhn/hhh_ws/devel/.private/control_msgs/share/common-lisp/ros/control_msgs/msg/_package_BrakeCmd.lisp, /home/lhn/hhh_ws/devel/share/common-lisp/ros/control_msgs/msg/_package_BrakeCmd.lisp)
Linked: (/home/lhn/hhh_ws/devel/.private/control_msgs/share/common-lisp/ros/control_msgs/msg/control_msgs-msg.asd, /home/lhn/hhh_ws/devel/share/common-lisp/ros/control_msgs/msg/control_msgs-msg.asd)
Linked: (/home/lhn/hhh_ws/devel/.private/control_msgs/share/common-lisp/ros/control_msgs/msg/HMIReport.lisp, /home/lhn/hhh_ws/devel/share/common-lisp/ros/control_msgs/msg/HMIReport.lisp)
Linked: (/home/lhn/hhh_ws/devel/.private/control_msgs/share/common-lisp/ros/control_msgs/msg/SteerCmd.lisp, /home/lhn/hhh_ws/devel/share/common-lisp/ros/control_msgs/msg/SteerCmd.lisp)
Linked: (/home/lhn/hhh_ws/devel/.private/control_msgs/share/common-lisp/ros/control_msgs/msg/_package_ThrottleReport.lisp, /home/lhn/hhh_ws/devel/share/common-lisp/ros/control_msgs/msg/_package_ThrottleReport.lisp)
Linked: (/home/lhn/hhh_ws/devel/.private/control_msgs/share/common-lisp/ros/control_msgs/msg/_package_ThrottleCmd.lisp, /home/lhn/hhh_ws/devel/share/common-lisp/ros/control_msgs/msg/_package_ThrottleCmd.lisp)
Linked: (/home/lhn/hhh_ws/devel/.private/control_msgs/share/common-lisp/ros/control_msgs/msg/_package_LampReport.lisp, /home/lhn/hhh_ws/devel/share/common-lisp/ros/control_msgs/msg/_package_LampReport.lisp)
Linked: (/home/lhn/hhh_ws/devel/.private/control_msgs/share/common-lisp/ros/control_msgs/msg/_package_EngineReport.lisp, /home/lhn/hhh_ws/devel/share/common-lisp/ros/control_msgs/msg/_package_EngineReport.lisp)
Linked: (/home/lhn/hhh_ws/devel/.private/control_msgs/share/common-lisp/ros/control_msgs/msg/_package_BrakeReport.lisp, /home/lhn/hhh_ws/devel/share/common-lisp/ros/control_msgs/msg/_package_BrakeReport.lisp)
Linked: (/home/lhn/hhh_ws/devel/.private/control_msgs/share/common-lisp/ros/control_msgs/msg/_package_HMIReport.lisp, /home/lhn/hhh_ws/devel/share/common-lisp/ros/control_msgs/msg/_package_HMIReport.lisp)
Linked: (/home/lhn/hhh_ws/devel/.private/control_msgs/share/common-lisp/ros/control_msgs/msg/ThrottleCmd.lisp, /home/lhn/hhh_ws/devel/share/common-lisp/ros/control_msgs/msg/ThrottleCmd.lisp)
Linked: (/home/lhn/hhh_ws/devel/.private/control_msgs/lib/pkgconfig/control_msgs.pc, /home/lhn/hhh_ws/devel/lib/pkgconfig/control_msgs.pc)
Linked: (/home/lhn/hhh_ws/devel/.private/control_msgs/lib/python2.7/dist-packages/control_msgs/__init__.py, /home/lhn/hhh_ws/devel/lib/python2.7/dist-packages/control_msgs/__init__.py)
Linked: (/home/lhn/hhh_ws/devel/.private/control_msgs/lib/python2.7/dist-packages/control_msgs/msg/_GearCmd.py, /home/lhn/hhh_ws/devel/lib/python2.7/dist-packages/control_msgs/msg/_GearCmd.py)
Linked: (/home/lhn/hhh_ws/devel/.private/control_msgs/lib/python2.7/dist-packages/control_msgs/msg/_GearReport.py, /home/lhn/hhh_ws/devel/lib/python2.7/dist-packages/control_msgs/msg/_GearReport.py)
Linked: (/home/lhn/hhh_ws/devel/.private/control_msgs/lib/python2.7/dist-packages/control_msgs/msg/_LampCmd.py, /home/lhn/hhh_ws/devel/lib/python2.7/dist-packages/control_msgs/msg/_LampCmd.py)
Linked: (/home/lhn/hhh_ws/devel/.private/control_msgs/lib/python2.7/dist-packages/control_msgs/msg/_VehicleState.py, /home/lhn/hhh_ws/devel/lib/python2.7/dist-packages/control_msgs/msg/_VehicleState.py)
Linked: (/home/lhn/hhh_ws/devel/.private/control_msgs/lib/python2.7/dist-packages/control_msgs/msg/_ThrottleReport.py, /home/lhn/hhh_ws/devel/lib/python2.7/dist-packages/control_msgs/msg/_ThrottleReport.py)
Linked: (/home/lhn/hhh_ws/devel/.private/control_msgs/lib/python2.7/dist-packages/control_msgs/msg/_SteerReport.py, /home/lhn/hhh_ws/devel/lib/python2.7/dist-packages/control_msgs/msg/_SteerReport.py)
Linked: (/home/lhn/hhh_ws/devel/.private/control_msgs/lib/python2.7/dist-packages/control_msgs/msg/_ECUData.py, /home/lhn/hhh_ws/devel/lib/python2.7/dist-packages/control_msgs/msg/_ECUData.py)
Linked: (/home/lhn/hhh_ws/devel/.private/control_msgs/lib/python2.7/dist-packages/control_msgs/msg/_EngineReport.py, /home/lhn/hhh_ws/devel/lib/python2.7/dist-packages/control_msgs/msg/_EngineReport.py)
Linked: (/home/lhn/hhh_ws/devel/.private/control_msgs/lib/python2.7/dist-packages/control_msgs/msg/_GetECUReport.py, /home/lhn/hhh_ws/devel/lib/python2.7/dist-packages/control_msgs/msg/_GetECUReport.py)
Linked: (/home/lhn/hhh_ws/devel/.private/control_msgs/lib/python2.7/dist-packages/control_msgs/msg/_SendECUCmd.py, /home/lhn/hhh_ws/devel/lib/python2.7/dist-packages/control_msgs/msg/_SendECUCmd.py)
Linked: (/home/lhn/hhh_ws/devel/.private/control_msgs/lib/python2.7/dist-packages/control_msgs/msg/_LampReport.py, /home/lhn/hhh_ws/devel/lib/python2.7/dist-packages/control_msgs/msg/_LampReport.py)
Linked: (/home/lhn/hhh_ws/devel/.private/control_msgs/lib/python2.7/dist-packages/control_msgs/msg/_Trajectory.py, /home/lhn/hhh_ws/devel/lib/python2.7/dist-packages/control_msgs/msg/_Trajectory.py)
Linked: (/home/lhn/hhh_ws/devel/.private/control_msgs/lib/python2.7/dist-packages/control_msgs/msg/_SteerCmd.py, /home/lhn/hhh_ws/devel/lib/python2.7/dist-packages/control_msgs/msg/_SteerCmd.py)
Linked: (/home/lhn/hhh_ws/devel/.private/control_msgs/lib/python2.7/dist-packages/control_msgs/msg/_SpeedCmd.py, /home/lhn/hhh_ws/devel/lib/python2.7/dist-packages/control_msgs/msg/_SpeedCmd.py)
Linked: (/home/lhn/hhh_ws/devel/.private/control_msgs/lib/python2.7/dist-packages/control_msgs/msg/_ModeCmd.py, /home/lhn/hhh_ws/devel/lib/python2.7/dist-packages/control_msgs/msg/_ModeCmd.py)
Linked: (/home/lhn/hhh_ws/devel/.private/control_msgs/lib/python2.7/dist-packages/control_msgs/msg/_HMIReport.py, /home/lhn/hhh_ws/devel/lib/python2.7/dist-packages/control_msgs/msg/_HMIReport.py)
Linked: (/home/lhn/hhh_ws/devel/.private/control_msgs/lib/python2.7/dist-packages/control_msgs/msg/_BrakeCmd.py, /home/lhn/hhh_ws/devel/lib/python2.7/dist-packages/control_msgs/msg/_BrakeCmd.py)
Linked: (/home/lhn/hhh_ws/devel/.private/control_msgs/lib/python2.7/dist-packages/control_msgs/msg/_Traj_Node.py, /home/lhn/hhh_ws/devel/lib/python2.7/dist-packages/control_msgs/msg/_Traj_Node.py)
Linked: (/home/lhn/hhh_ws/devel/.private/control_msgs/lib/python2.7/dist-packages/control_msgs/msg/_ThrottleCmd.py, /home/lhn/hhh_ws/devel/lib/python2.7/dist-packages/control_msgs/msg/_ThrottleCmd.py)
Linked: (/home/lhn/hhh_ws/devel/.private/control_msgs/lib/python2.7/dist-packages/control_msgs/msg/_ModeReport.py, /home/lhn/hhh_ws/devel/lib/python2.7/dist-packages/control_msgs/msg/_ModeReport.py)
Linked: (/home/lhn/hhh_ws/devel/.private/control_msgs/lib/python2.7/dist-packages/control_msgs/msg/_SpeedReport.py, /home/lhn/hhh_ws/devel/lib/python2.7/dist-packages/control_msgs/msg/_SpeedReport.py)
Linked: (/home/lhn/hhh_ws/devel/.private/control_msgs/lib/python2.7/dist-packages/control_msgs/msg/_WheelStateReport.py, /home/lhn/hhh_ws/devel/lib/python2.7/dist-packages/control_msgs/msg/_WheelStateReport.py)
Linked: (/home/lhn/hhh_ws/devel/.private/control_msgs/lib/python2.7/dist-packages/control_msgs/msg/_BrakeReport.py, /home/lhn/hhh_ws/devel/lib/python2.7/dist-packages/control_msgs/msg/_BrakeReport.py)
Linked: (/home/lhn/hhh_ws/devel/.private/control_msgs/lib/python2.7/dist-packages/control_msgs/msg/__init__.py, /home/lhn/hhh_ws/devel/lib/python2.7/dist-packages/control_msgs/msg/__init__.py)
Linked: (/home/lhn/hhh_ws/devel/.private/control_msgs/include/control_msgs/LampReport.h, /home/lhn/hhh_ws/devel/include/control_msgs/LampReport.h)
Linked: (/home/lhn/hhh_ws/devel/.private/control_msgs/include/control_msgs/WheelStateReport.h, /home/lhn/hhh_ws/devel/include/control_msgs/WheelStateReport.h)
Linked: (/home/lhn/hhh_ws/devel/.private/control_msgs/include/control_msgs/SpeedCmd.h, /home/lhn/hhh_ws/devel/include/control_msgs/SpeedCmd.h)
Linked: (/home/lhn/hhh_ws/devel/.private/control_msgs/include/control_msgs/SendECUCmd.h, /home/lhn/hhh_ws/devel/include/control_msgs/SendECUCmd.h)
Linked: (/home/lhn/hhh_ws/devel/.private/control_msgs/include/control_msgs/SteerCmd.h, /home/lhn/hhh_ws/devel/include/control_msgs/SteerCmd.h)
Linked: (/home/lhn/hhh_ws/devel/.private/control_msgs/include/control_msgs/Traj_Node.h, /home/lhn/hhh_ws/devel/include/control_msgs/Traj_Node.h)
Linked: (/home/lhn/hhh_ws/devel/.private/control_msgs/include/control_msgs/ThrottleCmd.h, /home/lhn/hhh_ws/devel/include/control_msgs/ThrottleCmd.h)
Linked: (/home/lhn/hhh_ws/devel/.private/control_msgs/include/control_msgs/Trajectory.h, /home/lhn/hhh_ws/devel/include/control_msgs/Trajectory.h)
Linked: (/home/lhn/hhh_ws/devel/.private/control_msgs/include/control_msgs/GearCmd.h, /home/lhn/hhh_ws/devel/include/control_msgs/GearCmd.h)
Linked: (/home/lhn/hhh_ws/devel/.private/control_msgs/include/control_msgs/BrakeCmd.h, /home/lhn/hhh_ws/devel/include/control_msgs/BrakeCmd.h)
Linked: (/home/lhn/hhh_ws/devel/.private/control_msgs/include/control_msgs/ModeReport.h, /home/lhn/hhh_ws/devel/include/control_msgs/ModeReport.h)
Linked: (/home/lhn/hhh_ws/devel/.private/control_msgs/include/control_msgs/EngineReport.h, /home/lhn/hhh_ws/devel/include/control_msgs/EngineReport.h)
Linked: (/home/lhn/hhh_ws/devel/.private/control_msgs/include/control_msgs/VehicleState.h, /home/lhn/hhh_ws/devel/include/control_msgs/VehicleState.h)
Linked: (/home/lhn/hhh_ws/devel/.private/control_msgs/include/control_msgs/SpeedReport.h, /home/lhn/hhh_ws/devel/include/control_msgs/SpeedReport.h)
Linked: (/home/lhn/hhh_ws/devel/.private/control_msgs/include/control_msgs/LampCmd.h, /home/lhn/hhh_ws/devel/include/control_msgs/LampCmd.h)
Linked: (/home/lhn/hhh_ws/devel/.private/control_msgs/include/control_msgs/ThrottleReport.h, /home/lhn/hhh_ws/devel/include/control_msgs/ThrottleReport.h)
Linked: (/home/lhn/hhh_ws/devel/.private/control_msgs/include/control_msgs/GearReport.h, /home/lhn/hhh_ws/devel/include/control_msgs/GearReport.h)
Linked: (/home/lhn/hhh_ws/devel/.private/control_msgs/include/control_msgs/ECUData.h, /home/lhn/hhh_ws/devel/include/control_msgs/ECUData.h)
Linked: (/home/lhn/hhh_ws/devel/.private/control_msgs/include/control_msgs/BrakeReport.h, /home/lhn/hhh_ws/devel/include/control_msgs/BrakeReport.h)
Linked: (/home/lhn/hhh_ws/devel/.private/control_msgs/include/control_msgs/HMIReport.h, /home/lhn/hhh_ws/devel/include/control_msgs/HMIReport.h)
Linked: (/home/lhn/hhh_ws/devel/.private/control_msgs/include/control_msgs/SteerReport.h, /home/lhn/hhh_ws/devel/include/control_msgs/SteerReport.h)
Linked: (/home/lhn/hhh_ws/devel/.private/control_msgs/include/control_msgs/ModeCmd.h, /home/lhn/hhh_ws/devel/include/control_msgs/ModeCmd.h)
Linked: (/home/lhn/hhh_ws/devel/.private/control_msgs/include/control_msgs/GetECUReport.h, /home/lhn/hhh_ws/devel/include/control_msgs/GetECUReport.h)
