Symlinking /home/lhn/hhh_ws/devel/share/roseus/ros/control_msgs/manifest.l
Symlinking /home/lhn/hhh_ws/devel/share/roseus/ros/control_msgs/msg/ThrottleReport.l
Symlinking /home/lhn/hhh_ws/devel/share/roseus/ros/control_msgs/msg/LampReport.l
Symlinking /home/lhn/hhh_ws/devel/share/roseus/ros/control_msgs/msg/VehicleState.l
Symlinking /home/lhn/hhh_ws/devel/share/roseus/ros/control_msgs/msg/HMIReport.l
Symlinking /home/lhn/hhh_ws/devel/share/roseus/ros/control_msgs/msg/Traj_Node.l
Symlinking /home/lhn/hhh_ws/devel/share/roseus/ros/control_msgs/msg/GearCmd.l
Symlinking /home/lhn/hhh_ws/devel/share/roseus/ros/control_msgs/msg/WheelStateReport.l
Symlinking /home/lhn/hhh_ws/devel/share/roseus/ros/control_msgs/msg/SendECUCmd.l
Symlinking /home/lhn/hhh_ws/devel/share/roseus/ros/control_msgs/msg/BrakeReport.l
Symlinking /home/lhn/hhh_ws/devel/share/roseus/ros/control_msgs/msg/SpeedReport.l
Symlinking /home/lhn/hhh_ws/devel/share/roseus/ros/control_msgs/msg/EngineReport.l
Symlinking /home/lhn/hhh_ws/devel/share/roseus/ros/control_msgs/msg/SteerCmd.l
Symlinking /home/lhn/hhh_ws/devel/share/roseus/ros/control_msgs/msg/LampCmd.l
Symlinking /home/lhn/hhh_ws/devel/share/roseus/ros/control_msgs/msg/ThrottleCmd.l
Symlinking /home/lhn/hhh_ws/devel/share/roseus/ros/control_msgs/msg/Trajectory.l
Symlinking /home/lhn/hhh_ws/devel/share/roseus/ros/control_msgs/msg/ModeCmd.l
Symlinking /home/lhn/hhh_ws/devel/share/roseus/ros/control_msgs/msg/ModeReport.l
Symlinking /home/lhn/hhh_ws/devel/share/roseus/ros/control_msgs/msg/GetECUReport.l
Symlinking /home/lhn/hhh_ws/devel/share/roseus/ros/control_msgs/msg/SpeedCmd.l
Symlinking /home/lhn/hhh_ws/devel/share/roseus/ros/control_msgs/msg/ECUData.l
Symlinking /home/lhn/hhh_ws/devel/share/roseus/ros/control_msgs/msg/GearReport.l
Symlinking /home/lhn/hhh_ws/devel/share/roseus/ros/control_msgs/msg/BrakeCmd.l
Symlinking /home/lhn/hhh_ws/devel/share/roseus/ros/control_msgs/msg/SteerReport.l
Symlinking /home/lhn/hhh_ws/devel/share/gennodejs/ros/control_msgs/_index.js
Symlinking /home/lhn/hhh_ws/devel/share/gennodejs/ros/control_msgs/msg/GearReport.js
Symlinking /home/lhn/hhh_ws/devel/share/gennodejs/ros/control_msgs/msg/LampCmd.js
Symlinking /home/lhn/hhh_ws/devel/share/gennodejs/ros/control_msgs/msg/ModeReport.js
Symlinking /home/lhn/hhh_ws/devel/share/gennodejs/ros/control_msgs/msg/VehicleState.js
Symlinking /home/lhn/hhh_ws/devel/share/gennodejs/ros/control_msgs/msg/ModeCmd.js
Symlinking /home/lhn/hhh_ws/devel/share/gennodejs/ros/control_msgs/msg/LampReport.js
Symlinking /home/lhn/hhh_ws/devel/share/gennodejs/ros/control_msgs/msg/BrakeCmd.js
Symlinking /home/lhn/hhh_ws/devel/share/gennodejs/ros/control_msgs/msg/GetECUReport.js
Symlinking /home/lhn/hhh_ws/devel/share/gennodejs/ros/control_msgs/msg/ECUData.js
Symlinking /home/lhn/hhh_ws/devel/share/gennodejs/ros/control_msgs/msg/BrakeReport.js
Symlinking /home/lhn/hhh_ws/devel/share/gennodejs/ros/control_msgs/msg/SendECUCmd.js
Symlinking /home/lhn/hhh_ws/devel/share/gennodejs/ros/control_msgs/msg/SteerCmd.js
Symlinking /home/lhn/hhh_ws/devel/share/gennodejs/ros/control_msgs/msg/SpeedReport.js
Symlinking /home/lhn/hhh_ws/devel/share/gennodejs/ros/control_msgs/msg/HMIReport.js
Symlinking /home/lhn/hhh_ws/devel/share/gennodejs/ros/control_msgs/msg/_index.js
Symlinking /home/lhn/hhh_ws/devel/share/gennodejs/ros/control_msgs/msg/ThrottleCmd.js
Symlinking /home/lhn/hhh_ws/devel/share/gennodejs/ros/control_msgs/msg/Trajectory.js
Symlinking /home/lhn/hhh_ws/devel/share/gennodejs/ros/control_msgs/msg/Traj_Node.js
Symlinking /home/lhn/hhh_ws/devel/share/gennodejs/ros/control_msgs/msg/SpeedCmd.js
Symlinking /home/lhn/hhh_ws/devel/share/gennodejs/ros/control_msgs/msg/EngineReport.js
Symlinking /home/lhn/hhh_ws/devel/share/gennodejs/ros/control_msgs/msg/SteerReport.js
Symlinking /home/lhn/hhh_ws/devel/share/gennodejs/ros/control_msgs/msg/ThrottleReport.js
Symlinking /home/lhn/hhh_ws/devel/share/gennodejs/ros/control_msgs/msg/GearCmd.js
Symlinking /home/lhn/hhh_ws/devel/share/gennodejs/ros/control_msgs/msg/WheelStateReport.js
Symlinking /home/lhn/hhh_ws/devel/share/control_msgs/cmake/control_msgs-msg-extras.cmake
Symlinking /home/lhn/hhh_ws/devel/share/control_msgs/cmake/control_msgsConfig.cmake
Symlinking /home/lhn/hhh_ws/devel/share/control_msgs/cmake/control_msgsConfig-version.cmake
Symlinking /home/lhn/hhh_ws/devel/share/control_msgs/cmake/control_msgs-msg-paths.cmake
Symlinking /home/lhn/hhh_ws/devel/share/common-lisp/ros/control_msgs/msg/BrakeCmd.lisp
Symlinking /home/lhn/hhh_ws/devel/share/common-lisp/ros/control_msgs/msg/_package_SpeedReport.lisp
Symlinking /home/lhn/hhh_ws/devel/share/common-lisp/ros/control_msgs/msg/LampReport.lisp
Symlinking /home/lhn/hhh_ws/devel/share/common-lisp/ros/control_msgs/msg/EngineReport.lisp
Symlinking /home/lhn/hhh_ws/devel/share/common-lisp/ros/control_msgs/msg/_package_ModeReport.lisp
Symlinking /home/lhn/hhh_ws/devel/share/common-lisp/ros/control_msgs/msg/_package_Trajectory.lisp
Symlinking /home/lhn/hhh_ws/devel/share/common-lisp/ros/control_msgs/msg/GetECUReport.lisp
Symlinking /home/lhn/hhh_ws/devel/share/common-lisp/ros/control_msgs/msg/ECUData.lisp
Symlinking /home/lhn/hhh_ws/devel/share/common-lisp/ros/control_msgs/msg/_package_LampCmd.lisp
Symlinking /home/lhn/hhh_ws/devel/share/common-lisp/ros/control_msgs/msg/_package_SteerCmd.lisp
Symlinking /home/lhn/hhh_ws/devel/share/common-lisp/ros/control_msgs/msg/Traj_Node.lisp
Symlinking /home/lhn/hhh_ws/devel/share/common-lisp/ros/control_msgs/msg/_package_GearReport.lisp
Symlinking /home/lhn/hhh_ws/devel/share/common-lisp/ros/control_msgs/msg/ThrottleReport.lisp
Symlinking /home/lhn/hhh_ws/devel/share/common-lisp/ros/control_msgs/msg/Trajectory.lisp
Symlinking /home/lhn/hhh_ws/devel/share/common-lisp/ros/control_msgs/msg/_package_VehicleState.lisp
Symlinking /home/lhn/hhh_ws/devel/share/common-lisp/ros/control_msgs/msg/SpeedReport.lisp
Symlinking /home/lhn/hhh_ws/devel/share/common-lisp/ros/control_msgs/msg/_package_ECUData.lisp
Symlinking /home/lhn/hhh_ws/devel/share/common-lisp/ros/control_msgs/msg/GearCmd.lisp
Symlinking /home/lhn/hhh_ws/devel/share/common-lisp/ros/control_msgs/msg/_package_SpeedCmd.lisp
Symlinking /home/lhn/hhh_ws/devel/share/common-lisp/ros/control_msgs/msg/_package_Traj_Node.lisp
Symlinking /home/lhn/hhh_ws/devel/share/common-lisp/ros/control_msgs/msg/BrakeReport.lisp
Symlinking /home/lhn/hhh_ws/devel/share/common-lisp/ros/control_msgs/msg/_package_SendECUCmd.lisp
Symlinking /home/lhn/hhh_ws/devel/share/common-lisp/ros/control_msgs/msg/SpeedCmd.lisp
Symlinking /home/lhn/hhh_ws/devel/share/common-lisp/ros/control_msgs/msg/_package_WheelStateReport.lisp
Symlinking /home/lhn/hhh_ws/devel/share/common-lisp/ros/control_msgs/msg/GearReport.lisp
Symlinking /home/lhn/hhh_ws/devel/share/common-lisp/ros/control_msgs/msg/ModeReport.lisp
Symlinking /home/lhn/hhh_ws/devel/share/common-lisp/ros/control_msgs/msg/_package.lisp
Symlinking /home/lhn/hhh_ws/devel/share/common-lisp/ros/control_msgs/msg/_package_SteerReport.lisp
Symlinking /home/lhn/hhh_ws/devel/share/common-lisp/ros/control_msgs/msg/ModeCmd.lisp
Symlinking /home/lhn/hhh_ws/devel/share/common-lisp/ros/control_msgs/msg/LampCmd.lisp
Symlinking /home/lhn/hhh_ws/devel/share/common-lisp/ros/control_msgs/msg/VehicleState.lisp
Symlinking /home/lhn/hhh_ws/devel/share/common-lisp/ros/control_msgs/msg/_package_GearCmd.lisp
Symlinking /home/lhn/hhh_ws/devel/share/common-lisp/ros/control_msgs/msg/SendECUCmd.lisp
Symlinking /home/lhn/hhh_ws/devel/share/common-lisp/ros/control_msgs/msg/SteerReport.lisp
Symlinking /home/lhn/hhh_ws/devel/share/common-lisp/ros/control_msgs/msg/WheelStateReport.lisp
Symlinking /home/lhn/hhh_ws/devel/share/common-lisp/ros/control_msgs/msg/_package_ModeCmd.lisp
Symlinking /home/lhn/hhh_ws/devel/share/common-lisp/ros/control_msgs/msg/_package_GetECUReport.lisp
Symlinking /home/lhn/hhh_ws/devel/share/common-lisp/ros/control_msgs/msg/_package_BrakeCmd.lisp
Symlinking /home/lhn/hhh_ws/devel/share/common-lisp/ros/control_msgs/msg/control_msgs-msg.asd
Symlinking /home/lhn/hhh_ws/devel/share/common-lisp/ros/control_msgs/msg/HMIReport.lisp
Symlinking /home/lhn/hhh_ws/devel/share/common-lisp/ros/control_msgs/msg/SteerCmd.lisp
Symlinking /home/lhn/hhh_ws/devel/share/common-lisp/ros/control_msgs/msg/_package_ThrottleReport.lisp
Symlinking /home/lhn/hhh_ws/devel/share/common-lisp/ros/control_msgs/msg/_package_ThrottleCmd.lisp
Symlinking /home/lhn/hhh_ws/devel/share/common-lisp/ros/control_msgs/msg/_package_LampReport.lisp
Symlinking /home/lhn/hhh_ws/devel/share/common-lisp/ros/control_msgs/msg/_package_EngineReport.lisp
Symlinking /home/lhn/hhh_ws/devel/share/common-lisp/ros/control_msgs/msg/_package_BrakeReport.lisp
Symlinking /home/lhn/hhh_ws/devel/share/common-lisp/ros/control_msgs/msg/_package_HMIReport.lisp
Symlinking /home/lhn/hhh_ws/devel/share/common-lisp/ros/control_msgs/msg/ThrottleCmd.lisp
Symlinking /home/lhn/hhh_ws/devel/lib/pkgconfig/control_msgs.pc
Symlinking /home/lhn/hhh_ws/devel/lib/python2.7/dist-packages/control_msgs/__init__.py
Symlinking /home/lhn/hhh_ws/devel/lib/python2.7/dist-packages/control_msgs/msg/_GearCmd.py
Symlinking /home/lhn/hhh_ws/devel/lib/python2.7/dist-packages/control_msgs/msg/_GearReport.py
Symlinking /home/lhn/hhh_ws/devel/lib/python2.7/dist-packages/control_msgs/msg/_LampCmd.py
Symlinking /home/lhn/hhh_ws/devel/lib/python2.7/dist-packages/control_msgs/msg/_VehicleState.py
Symlinking /home/lhn/hhh_ws/devel/lib/python2.7/dist-packages/control_msgs/msg/_ThrottleReport.py
Symlinking /home/lhn/hhh_ws/devel/lib/python2.7/dist-packages/control_msgs/msg/_SteerReport.py
Symlinking /home/lhn/hhh_ws/devel/lib/python2.7/dist-packages/control_msgs/msg/_ECUData.py
Symlinking /home/lhn/hhh_ws/devel/lib/python2.7/dist-packages/control_msgs/msg/_EngineReport.py
Symlinking /home/lhn/hhh_ws/devel/lib/python2.7/dist-packages/control_msgs/msg/_GetECUReport.py
Symlinking /home/lhn/hhh_ws/devel/lib/python2.7/dist-packages/control_msgs/msg/_SendECUCmd.py
Symlinking /home/lhn/hhh_ws/devel/lib/python2.7/dist-packages/control_msgs/msg/_LampReport.py
Symlinking /home/lhn/hhh_ws/devel/lib/python2.7/dist-packages/control_msgs/msg/_Trajectory.py
Symlinking /home/lhn/hhh_ws/devel/lib/python2.7/dist-packages/control_msgs/msg/_SteerCmd.py
Symlinking /home/lhn/hhh_ws/devel/lib/python2.7/dist-packages/control_msgs/msg/_SpeedCmd.py
Symlinking /home/lhn/hhh_ws/devel/lib/python2.7/dist-packages/control_msgs/msg/_ModeCmd.py
Symlinking /home/lhn/hhh_ws/devel/lib/python2.7/dist-packages/control_msgs/msg/_HMIReport.py
Symlinking /home/lhn/hhh_ws/devel/lib/python2.7/dist-packages/control_msgs/msg/_BrakeCmd.py
Symlinking /home/lhn/hhh_ws/devel/lib/python2.7/dist-packages/control_msgs/msg/_Traj_Node.py
Symlinking /home/lhn/hhh_ws/devel/lib/python2.7/dist-packages/control_msgs/msg/_ThrottleCmd.py
Symlinking /home/lhn/hhh_ws/devel/lib/python2.7/dist-packages/control_msgs/msg/_ModeReport.py
Symlinking /home/lhn/hhh_ws/devel/lib/python2.7/dist-packages/control_msgs/msg/_SpeedReport.py
Symlinking /home/lhn/hhh_ws/devel/lib/python2.7/dist-packages/control_msgs/msg/_WheelStateReport.py
Symlinking /home/lhn/hhh_ws/devel/lib/python2.7/dist-packages/control_msgs/msg/_BrakeReport.py
Symlinking /home/lhn/hhh_ws/devel/lib/python2.7/dist-packages/control_msgs/msg/__init__.py
Symlinking /home/lhn/hhh_ws/devel/include/control_msgs/LampReport.h
Symlinking /home/lhn/hhh_ws/devel/include/control_msgs/WheelStateReport.h
Symlinking /home/lhn/hhh_ws/devel/include/control_msgs/SpeedCmd.h
Symlinking /home/lhn/hhh_ws/devel/include/control_msgs/SendECUCmd.h
Symlinking /home/lhn/hhh_ws/devel/include/control_msgs/SteerCmd.h
Symlinking /home/lhn/hhh_ws/devel/include/control_msgs/Traj_Node.h
Symlinking /home/lhn/hhh_ws/devel/include/control_msgs/ThrottleCmd.h
Symlinking /home/lhn/hhh_ws/devel/include/control_msgs/Trajectory.h
Symlinking /home/lhn/hhh_ws/devel/include/control_msgs/GearCmd.h
Symlinking /home/lhn/hhh_ws/devel/include/control_msgs/BrakeCmd.h
Symlinking /home/lhn/hhh_ws/devel/include/control_msgs/ModeReport.h
Symlinking /home/lhn/hhh_ws/devel/include/control_msgs/EngineReport.h
Symlinking /home/lhn/hhh_ws/devel/include/control_msgs/VehicleState.h
Symlinking /home/lhn/hhh_ws/devel/include/control_msgs/SpeedReport.h
Symlinking /home/lhn/hhh_ws/devel/include/control_msgs/LampCmd.h
Symlinking /home/lhn/hhh_ws/devel/include/control_msgs/ThrottleReport.h
Symlinking /home/lhn/hhh_ws/devel/include/control_msgs/GearReport.h
Symlinking /home/lhn/hhh_ws/devel/include/control_msgs/ECUData.h
Symlinking /home/lhn/hhh_ws/devel/include/control_msgs/BrakeReport.h
Symlinking /home/lhn/hhh_ws/devel/include/control_msgs/HMIReport.h
Symlinking /home/lhn/hhh_ws/devel/include/control_msgs/SteerReport.h
Symlinking /home/lhn/hhh_ws/devel/include/control_msgs/ModeCmd.h
Symlinking /home/lhn/hhh_ws/devel/include/control_msgs/GetECUReport.h
