[35m[1mScanning dependencies of target _control_msgs_generate_messages_check_deps_ModeReport[0m
[  0%] Built target _control_msgs_generate_messages_check_deps_ModeReport
[35m[1mScanning dependencies of target _control_msgs_generate_messages_check_deps_Trajectory[0m
[  0%] Built target _control_msgs_generate_messages_check_deps_Trajectory
[35m[1mScanning dependencies of target _control_msgs_generate_messages_check_deps_EngineReport[0m
[  0%] Built target _control_msgs_generate_messages_check_deps_EngineReport
[35m[1mScanning dependencies of target _control_msgs_generate_messages_check_deps_SpeedReport[0m
[  0%] Built target _control_msgs_generate_messages_check_deps_SpeedReport
[35m[1mScanning dependencies of target _control_msgs_generate_messages_check_deps_GearReport[0m
[  0%] Built target _control_msgs_generate_messages_check_deps_GearReport
[35m[1mScanning dependencies of target _control_msgs_generate_messages_check_deps_VehicleState[0m
[  0%] Built target _control_msgs_generate_messages_check_deps_VehicleState
[35m[1mScanning dependencies of target _control_msgs_generate_messages_check_deps_ThrottleCmd[0m
[  0%] Built target _control_msgs_generate_messages_check_deps_ThrottleCmd
[35m[1mScanning dependencies of target _control_msgs_generate_messages_check_deps_LampReport[0m
[  0%] Built target _control_msgs_generate_messages_check_deps_LampReport
[35m[1mScanning dependencies of target _control_msgs_generate_messages_check_deps_GearCmd[0m
[  0%] Built target _control_msgs_generate_messages_check_deps_GearCmd
[35m[1mScanning dependencies of target _control_msgs_generate_messages_check_deps_HMIReport[0m
[  0%] Built target _control_msgs_generate_messages_check_deps_HMIReport
[35m[1mScanning dependencies of target _control_msgs_generate_messages_check_deps_ThrottleReport[0m
[  0%] Built target _control_msgs_generate_messages_check_deps_ThrottleReport
[35m[1mScanning dependencies of target _control_msgs_generate_messages_check_deps_SteerReport[0m
[  0%] Built target _control_msgs_generate_messages_check_deps_SteerReport
[35m[1mScanning dependencies of target _control_msgs_generate_messages_check_deps_ECUData[0m
[  0%] Built target _control_msgs_generate_messages_check_deps_ECUData
[35m[1mScanning dependencies of target _control_msgs_generate_messages_check_deps_LampCmd[0m
[  0%] Built target _control_msgs_generate_messages_check_deps_LampCmd
[35m[1mScanning dependencies of target _control_msgs_generate_messages_check_deps_SpeedCmd[0m
[  0%] Built target _control_msgs_generate_messages_check_deps_SpeedCmd
[35m[1mScanning dependencies of target _control_msgs_generate_messages_check_deps_BrakeReport[0m
[  0%] Built target _control_msgs_generate_messages_check_deps_BrakeReport
[35m[1mScanning dependencies of target _control_msgs_generate_messages_check_deps_ModeCmd[0m
[  0%] Built target _control_msgs_generate_messages_check_deps_ModeCmd
[35m[1mScanning dependencies of target _control_msgs_generate_messages_check_deps_Traj_Node[0m
[  0%] Built target _control_msgs_generate_messages_check_deps_Traj_Node
[35m[1mScanning dependencies of target _control_msgs_generate_messages_check_deps_WheelStateReport[0m
[  0%] Built target _control_msgs_generate_messages_check_deps_WheelStateReport
[35m[1mScanning dependencies of target _control_msgs_generate_messages_check_deps_BrakeCmd[0m
[  0%] Built target _control_msgs_generate_messages_check_deps_BrakeCmd
[35m[1mScanning dependencies of target _control_msgs_generate_messages_check_deps_GetECUReport[0m
[  0%] Built target _control_msgs_generate_messages_check_deps_GetECUReport
[35m[1mScanning dependencies of target geometry_msgs_generate_messages_cpp[0m
[  0%] Built target geometry_msgs_generate_messages_cpp
[35m[1mScanning dependencies of target _control_msgs_generate_messages_check_deps_SendECUCmd[0m
[  0%] Built target _control_msgs_generate_messages_check_deps_SendECUCmd
[35m[1mScanning dependencies of target _control_msgs_generate_messages_check_deps_SteerCmd[0m
[  0%] Built target _control_msgs_generate_messages_check_deps_SteerCmd
[35m[1mScanning dependencies of target sensor_driver_msgs_generate_messages_cpp[0m
[  0%] Built target sensor_driver_msgs_generate_messages_cpp
[35m[1mScanning dependencies of target std_msgs_generate_messages_cpp[0m
[  0%] Built target std_msgs_generate_messages_cpp
[35m[1mScanning dependencies of target geometry_msgs_generate_messages_py[0m
[  0%] Built target geometry_msgs_generate_messages_py
[35m[1mScanning dependencies of target sensor_driver_msgs_generate_messages_py[0m
[  0%] Built target sensor_driver_msgs_generate_messages_py
[35m[1mScanning dependencies of target std_msgs_generate_messages_py[0m
[  0%] Built target std_msgs_generate_messages_py
[35m[1mScanning dependencies of target std_msgs_generate_messages_lisp[0m
[  0%] Built target std_msgs_generate_messages_lisp
[35m[1mScanning dependencies of target geometry_msgs_generate_messages_lisp[0m
[  0%] Built target geometry_msgs_generate_messages_lisp
[35m[1mScanning dependencies of target sensor_driver_msgs_generate_messages_lisp[0m
[  0%] Built target sensor_driver_msgs_generate_messages_lisp
[35m[1mScanning dependencies of target geometry_msgs_generate_messages_nodejs[0m
[  0%] Built target geometry_msgs_generate_messages_nodejs
[35m[1mScanning dependencies of target std_msgs_generate_messages_nodejs[0m
[  0%] Built target std_msgs_generate_messages_nodejs
[35m[1mScanning dependencies of target sensor_driver_msgs_generate_messages_nodejs[0m
[  0%] Built target sensor_driver_msgs_generate_messages_nodejs
[35m[1mScanning dependencies of target std_msgs_generate_messages_eus[0m
[  0%] Built target std_msgs_generate_messages_eus
[35m[1mScanning dependencies of target geometry_msgs_generate_messages_eus[0m
[  0%] Built target geometry_msgs_generate_messages_eus
[35m[1mScanning dependencies of target sensor_driver_msgs_generate_messages_eus[0m
[  0%] Built target sensor_driver_msgs_generate_messages_eus
[35m[1mScanning dependencies of target control_msgs_generate_messages_cpp[0m
[  0%] [34m[1mGenerating C++ code from control_msgs/WheelStateReport.msg[0m
[  1%] [34m[1mGenerating C++ code from control_msgs/SendECUCmd.msg[0m
[  2%] [34m[1mGenerating C++ code from control_msgs/SteerReport.msg[0m
[  3%] [34m[1mGenerating C++ code from control_msgs/ThrottleReport.msg[0m
[  3%] [34m[1mGenerating C++ code from control_msgs/Traj_Node.msg[0m
[  4%] [34m[1mGenerating C++ code from control_msgs/HMIReport.msg[0m
[  5%] [34m[1mGenerating C++ code from control_msgs/GearCmd.msg[0m
[  6%] [34m[1mGenerating C++ code from control_msgs/SpeedCmd.msg[0m
[  7%] [34m[1mGenerating C++ code from control_msgs/LampCmd.msg[0m
[  7%] [34m[1mGenerating C++ code from control_msgs/LampReport.msg[0m
[  8%] [34m[1mGenerating C++ code from control_msgs/GetECUReport.msg[0m
[  9%] [34m[1mGenerating C++ code from control_msgs/ModeCmd.msg[0m
[ 10%] [34m[1mGenerating C++ code from control_msgs/ECUData.msg[0m
[ 10%] [34m[1mGenerating C++ code from control_msgs/Trajectory.msg[0m
[ 12%] [34m[1mGenerating C++ code from control_msgs/ThrottleCmd.msg[0m
[ 13%] [34m[1mGenerating C++ code from control_msgs/GearReport.msg[0m
[ 14%] [34m[1mGenerating C++ code from control_msgs/BrakeReport.msg[0m
[ 15%] [34m[1mGenerating C++ code from control_msgs/EngineReport.msg[0m
[ 15%] [34m[1mGenerating C++ code from control_msgs/BrakeCmd.msg[0m
[ 16%] [34m[1mGenerating C++ code from control_msgs/ModeReport.msg[0m
[ 17%] [34m[1mGenerating C++ code from control_msgs/SteerCmd.msg[0m
[ 18%] [34m[1mGenerating C++ code from control_msgs/SpeedReport.msg[0m
[ 18%] [34m[1mGenerating C++ code from control_msgs/VehicleState.msg[0m
[ 18%] Built target control_msgs_generate_messages_cpp
[35m[1mScanning dependencies of target control_msgs_generate_messages_py[0m
[ 19%] [34m[1mGenerating Python from MSG control_msgs/WheelStateReport[0m
[ 20%] [34m[1mGenerating Python from MSG control_msgs/SendECUCmd[0m
[ 21%] [34m[1mGenerating Python from MSG control_msgs/SteerReport[0m
[ 21%] [34m[1mGenerating Python from MSG control_msgs/ThrottleReport[0m
[ 23%] [34m[1mGenerating Python from MSG control_msgs/Traj_Node[0m
[ 24%] [34m[1mGenerating Python from MSG control_msgs/HMIReport[0m
[ 25%] [34m[1mGenerating Python from MSG control_msgs/GearCmd[0m
[ 25%] [34m[1mGenerating Python from MSG control_msgs/SpeedCmd[0m
[ 26%] [34m[1mGenerating Python from MSG control_msgs/LampCmd[0m
[ 27%] [34m[1mGenerating Python from MSG control_msgs/LampReport[0m
[ 28%] [34m[1mGenerating Python from MSG control_msgs/GetECUReport[0m
[ 29%] [34m[1mGenerating Python from MSG control_msgs/ModeCmd[0m
[ 29%] [34m[1mGenerating Python from MSG control_msgs/ECUData[0m
[ 30%] [34m[1mGenerating Python from MSG control_msgs/Trajectory[0m
[ 31%] [34m[1mGenerating Python from MSG control_msgs/ThrottleCmd[0m
[ 32%] [34m[1mGenerating Python from MSG control_msgs/GearReport[0m
[ 32%] [34m[1mGenerating Python from MSG control_msgs/BrakeReport[0m
[ 34%] [34m[1mGenerating Python from MSG control_msgs/EngineReport[0m
[ 35%] [34m[1mGenerating Python from MSG control_msgs/BrakeCmd[0m
[ 36%] [34m[1mGenerating Python from MSG control_msgs/ModeReport[0m
[ 37%] [34m[1mGenerating Python from MSG control_msgs/SteerCmd[0m
[ 37%] [34m[1mGenerating Python from MSG control_msgs/SpeedReport[0m
[ 38%] [34m[1mGenerating Python from MSG control_msgs/VehicleState[0m
[ 39%] [34m[1mGenerating Python msg __init__.py for control_msgs[0m
[ 39%] Built target control_msgs_generate_messages_py
[35m[1mScanning dependencies of target control_msgs_generate_messages_lisp[0m
[ 40%] [34m[1mGenerating Lisp code from control_msgs/WheelStateReport.msg[0m
[ 41%] [34m[1mGenerating Lisp code from control_msgs/SendECUCmd.msg[0m
[ 42%] [34m[1mGenerating Lisp code from control_msgs/SteerReport.msg[0m
[ 42%] [34m[1mGenerating Lisp code from control_msgs/ThrottleReport.msg[0m
[ 43%] [34m[1mGenerating Lisp code from control_msgs/Traj_Node.msg[0m
[ 45%] [34m[1mGenerating Lisp code from control_msgs/HMIReport.msg[0m
[ 46%] [34m[1mGenerating Lisp code from control_msgs/GearCmd.msg[0m
[ 46%] [34m[1mGenerating Lisp code from control_msgs/SpeedCmd.msg[0m
[ 47%] [34m[1mGenerating Lisp code from control_msgs/LampCmd.msg[0m
[ 48%] [34m[1mGenerating Lisp code from control_msgs/LampReport.msg[0m
[ 49%] [34m[1mGenerating Lisp code from control_msgs/GetECUReport.msg[0m
[ 50%] [34m[1mGenerating Lisp code from control_msgs/ModeCmd.msg[0m
[ 50%] [34m[1mGenerating Lisp code from control_msgs/ECUData.msg[0m
[ 51%] [34m[1mGenerating Lisp code from control_msgs/Trajectory.msg[0m
[ 52%] [34m[1mGenerating Lisp code from control_msgs/ThrottleCmd.msg[0m
[ 53%] [34m[1mGenerating Lisp code from control_msgs/GearReport.msg[0m
[ 54%] [34m[1mGenerating Lisp code from control_msgs/BrakeReport.msg[0m
[ 54%] [34m[1mGenerating Lisp code from control_msgs/EngineReport.msg[0m
[ 56%] [34m[1mGenerating Lisp code from control_msgs/BrakeCmd.msg[0m
[ 57%] [34m[1mGenerating Lisp code from control_msgs/ModeReport.msg[0m
[ 58%] [34m[1mGenerating Lisp code from control_msgs/SteerCmd.msg[0m
[ 58%] [34m[1mGenerating Lisp code from control_msgs/SpeedReport.msg[0m
[ 59%] [34m[1mGenerating Lisp code from control_msgs/VehicleState.msg[0m
[ 59%] Built target control_msgs_generate_messages_lisp
[35m[1mScanning dependencies of target control_msgs_generate_messages_nodejs[0m
[ 60%] [34m[1mGenerating Javascript code from control_msgs/WheelStateReport.msg[0m
[ 61%] [34m[1mGenerating Javascript code from control_msgs/SendECUCmd.msg[0m
[ 62%] [34m[1mGenerating Javascript code from control_msgs/SteerReport.msg[0m
[ 62%] [34m[1mGenerating Javascript code from control_msgs/ThrottleReport.msg[0m
[ 63%] [34m[1mGenerating Javascript code from control_msgs/Traj_Node.msg[0m
[ 64%] [34m[1mGenerating Javascript code from control_msgs/HMIReport.msg[0m
[ 65%] [34m[1mGenerating Javascript code from control_msgs/GearCmd.msg[0m
[ 65%] [34m[1mGenerating Javascript code from control_msgs/SpeedCmd.msg[0m
[ 67%] [34m[1mGenerating Javascript code from control_msgs/LampCmd.msg[0m
[ 68%] [34m[1mGenerating Javascript code from control_msgs/LampReport.msg[0m
[ 69%] [34m[1mGenerating Javascript code from control_msgs/GetECUReport.msg[0m
[ 70%] [34m[1mGenerating Javascript code from control_msgs/ModeCmd.msg[0m
[ 70%] [34m[1mGenerating Javascript code from control_msgs/ECUData.msg[0m
[ 71%] [34m[1mGenerating Javascript code from control_msgs/Trajectory.msg[0m
[ 72%] [34m[1mGenerating Javascript code from control_msgs/ThrottleCmd.msg[0m
[ 73%] [34m[1mGenerating Javascript code from control_msgs/GearReport.msg[0m
[ 73%] [34m[1mGenerating Javascript code from control_msgs/BrakeReport.msg[0m
[ 74%] [34m[1mGenerating Javascript code from control_msgs/EngineReport.msg[0m
[ 75%] [34m[1mGenerating Javascript code from control_msgs/BrakeCmd.msg[0m
[ 76%] [34m[1mGenerating Javascript code from control_msgs/ModeReport.msg[0m
[ 78%] [34m[1mGenerating Javascript code from control_msgs/SteerCmd.msg[0m
[ 78%] [34m[1mGenerating Javascript code from control_msgs/SpeedReport.msg[0m
[ 79%] [34m[1mGenerating Javascript code from control_msgs/VehicleState.msg[0m
[ 79%] Built target control_msgs_generate_messages_nodejs
[35m[1mScanning dependencies of target control_msgs_generate_messages_eus[0m
[ 80%] [34m[1mGenerating EusLisp code from control_msgs/WheelStateReport.msg[0m
[ 81%] [34m[1mGenerating EusLisp code from control_msgs/SendECUCmd.msg[0m
[ 82%] [34m[1mGenerating EusLisp code from control_msgs/SteerReport.msg[0m
[ 83%] [34m[1mGenerating EusLisp code from control_msgs/ThrottleReport.msg[0m
[ 83%] [34m[1mGenerating EusLisp code from control_msgs/Traj_Node.msg[0m
[ 84%] [34m[1mGenerating EusLisp code from control_msgs/HMIReport.msg[0m
[ 85%] [34m[1mGenerating EusLisp code from control_msgs/GearCmd.msg[0m
[ 86%] [34m[1mGenerating EusLisp code from control_msgs/SpeedCmd.msg[0m
[ 87%] [34m[1mGenerating EusLisp code from control_msgs/LampCmd.msg[0m
[ 87%] [34m[1mGenerating EusLisp code from control_msgs/LampReport.msg[0m
[ 89%] [34m[1mGenerating EusLisp code from control_msgs/GetECUReport.msg[0m
[ 90%] [34m[1mGenerating EusLisp code from control_msgs/ModeCmd.msg[0m
[ 91%] [34m[1mGenerating EusLisp code from control_msgs/ECUData.msg[0m
[ 91%] [34m[1mGenerating EusLisp code from control_msgs/Trajectory.msg[0m
[ 92%] [34m[1mGenerating EusLisp code from control_msgs/ThrottleCmd.msg[0m
[ 93%] [34m[1mGenerating EusLisp code from control_msgs/GearReport.msg[0m
[ 94%] [34m[1mGenerating EusLisp code from control_msgs/BrakeReport.msg[0m
[ 95%] [34m[1mGenerating EusLisp code from control_msgs/EngineReport.msg[0m
[ 95%] [34m[1mGenerating EusLisp code from control_msgs/BrakeCmd.msg[0m
[ 96%] [34m[1mGenerating EusLisp code from control_msgs/ModeReport.msg[0m
[ 97%] [34m[1mGenerating EusLisp code from control_msgs/SteerCmd.msg[0m
[ 98%] [34m[1mGenerating EusLisp code from control_msgs/SpeedReport.msg[0m
[ 98%] [34m[1mGenerating EusLisp code from control_msgs/VehicleState.msg[0m
[100%] [34m[1mGenerating EusLisp manifest code for control_msgs[0m
[100%] Built target control_msgs_generate_messages_eus
[35m[1mScanning dependencies of target control_msgs_generate_messages[0m
[100%] Built target control_msgs_generate_messages
