[  0%] Built target _control_msgs_generate_messages_check_deps_ModeReport
[  0%] Built target _control_msgs_generate_messages_check_deps_Trajectory
[  0%] Built target _control_msgs_generate_messages_check_deps_EngineReport
[  0%] Built target _control_msgs_generate_messages_check_deps_SpeedReport
[  0%] Built target _control_msgs_generate_messages_check_deps_GearReport
[  0%] Built target _control_msgs_generate_messages_check_deps_VehicleState
[  0%] Built target _control_msgs_generate_messages_check_deps_ThrottleCmd
[  0%] Built target _control_msgs_generate_messages_check_deps_LampReport
[  0%] Built target _control_msgs_generate_messages_check_deps_GearCmd
[  0%] Built target _control_msgs_generate_messages_check_deps_HMIReport
[  0%] Built target _control_msgs_generate_messages_check_deps_ThrottleReport
[  0%] Built target _control_msgs_generate_messages_check_deps_SteerReport
[  0%] Built target _control_msgs_generate_messages_check_deps_ECUData
[  0%] Built target _control_msgs_generate_messages_check_deps_LampCmd
[  0%] Built target _control_msgs_generate_messages_check_deps_SpeedCmd
[  0%] Built target _control_msgs_generate_messages_check_deps_BrakeReport
[  0%] Built target _control_msgs_generate_messages_check_deps_ModeCmd
[  0%] Built target _control_msgs_generate_messages_check_deps_Traj_Node
[  0%] Built target _control_msgs_generate_messages_check_deps_WheelStateReport
[  0%] Built target _control_msgs_generate_messages_check_deps_BrakeCmd
[  0%] Built target _control_msgs_generate_messages_check_deps_GetECUReport
[  0%] Built target geometry_msgs_generate_messages_cpp
[  0%] Built target _control_msgs_generate_messages_check_deps_SendECUCmd
[  0%] Built target _control_msgs_generate_messages_check_deps_SteerCmd
[  0%] Built target sensor_driver_msgs_generate_messages_cpp
[  0%] Built target std_msgs_generate_messages_cpp
[  0%] Built target geometry_msgs_generate_messages_py
[  0%] Built target sensor_driver_msgs_generate_messages_py
[  0%] Built target std_msgs_generate_messages_py
[  0%] Built target std_msgs_generate_messages_lisp
[  0%] Built target geometry_msgs_generate_messages_lisp
[  0%] Built target sensor_driver_msgs_generate_messages_lisp
[  0%] Built target std_msgs_generate_messages_nodejs
[  0%] Built target geometry_msgs_generate_messages_nodejs
[  0%] Built target sensor_driver_msgs_generate_messages_nodejs
[  0%] Built target std_msgs_generate_messages_eus
[  0%] Built target sensor_driver_msgs_generate_messages_eus
[  0%] Built target geometry_msgs_generate_messages_eus
[ 20%] Built target control_msgs_generate_messages_py
[ 39%] Built target control_msgs_generate_messages_cpp
[ 59%] Built target control_msgs_generate_messages_lisp
[ 79%] Built target control_msgs_generate_messages_nodejs
[100%] Built target control_msgs_generate_messages_eus
[100%] Built target control_msgs_generate_messages
