Determining if the pthread_create exist failed with the following output:
Change Dir: /home/lhn/hhh_ws/build/vehicle_force_msgs/CMakeFiles/CMakeTmp

Run Build Command:"/usr/bin/make" "cmTC_eb105/fast"
/usr/bin/make -f CMakeFiles/cmTC_eb105.dir/build.make CMakeFiles/cmTC_eb105.dir/build
make[1]: Entering directory '/home/lhn/hhh_ws/build/vehicle_force_msgs/CMakeFiles/CMakeTmp'
Building C object CMakeFiles/cmTC_eb105.dir/CheckSymbolExists.c.o
/usr/bin/cc     -o CMakeFiles/cmTC_eb105.dir/CheckSymbolExists.c.o   -c /home/lhn/hhh_ws/build/vehicle_force_msgs/CMakeFiles/CMakeTmp/CheckSymbolExists.c
Linking C executable cmTC_eb105
/usr/bin/cmake -E cmake_link_script CMakeFiles/cmTC_eb105.dir/link.txt --verbose=1
/usr/bin/cc       CMakeFiles/cmTC_eb105.dir/CheckSymbolExists.c.o  -o cmTC_eb105 -rdynamic 
CMakeFiles/cmTC_eb105.dir/CheckSymbolExists.c.o：在函数‘main’中：
CheckSymbolExists.c:(.text+0x16)：对‘pthread_create’未定义的引用
collect2: error: ld returned 1 exit status
CMakeFiles/cmTC_eb105.dir/build.make:97: recipe for target 'cmTC_eb105' failed
make[1]: *** [cmTC_eb105] Error 1
make[1]: Leaving directory '/home/lhn/hhh_ws/build/vehicle_force_msgs/CMakeFiles/CMakeTmp'
Makefile:126: recipe for target 'cmTC_eb105/fast' failed
make: *** [cmTC_eb105/fast] Error 2

File /home/lhn/hhh_ws/build/vehicle_force_msgs/CMakeFiles/CMakeTmp/CheckSymbolExists.c:
/* */
#include <pthread.h>

int main(int argc, char** argv)
{
  (void)argv;
#ifndef pthread_create
  return ((int*)(&pthread_create))[argc];
#else
  (void)argc;
  return 0;
#endif
}

Determining if the function pthread_create exists in the pthreads failed with the following output:
Change Dir: /home/lhn/hhh_ws/build/vehicle_force_msgs/CMakeFiles/CMakeTmp

Run Build Command:"/usr/bin/make" "cmTC_4947f/fast"
/usr/bin/make -f CMakeFiles/cmTC_4947f.dir/build.make CMakeFiles/cmTC_4947f.dir/build
make[1]: Entering directory '/home/lhn/hhh_ws/build/vehicle_force_msgs/CMakeFiles/CMakeTmp'
Building C object CMakeFiles/cmTC_4947f.dir/CheckFunctionExists.c.o
/usr/bin/cc    -DCHECK_FUNCTION_EXISTS=pthread_create   -o CMakeFiles/cmTC_4947f.dir/CheckFunctionExists.c.o   -c /usr/share/cmake-3.5/Modules/CheckFunctionExists.c
Linking C executable cmTC_4947f
/usr/bin/cmake -E cmake_link_script CMakeFiles/cmTC_4947f.dir/link.txt --verbose=1
/usr/bin/cc   -DCHECK_FUNCTION_EXISTS=pthread_create    CMakeFiles/cmTC_4947f.dir/CheckFunctionExists.c.o  -o cmTC_4947f -rdynamic -lpthreads 
/usr/bin/ld: 找不到 -lpthreads
collect2: error: ld returned 1 exit status
CMakeFiles/cmTC_4947f.dir/build.make:97: recipe for target 'cmTC_4947f' failed
make[1]: *** [cmTC_4947f] Error 1
make[1]: Leaving directory '/home/lhn/hhh_ws/build/vehicle_force_msgs/CMakeFiles/CMakeTmp'
Makefile:126: recipe for target 'cmTC_4947f/fast' failed
make: *** [cmTC_4947f/fast] Error 2


