Symlinking /home/lhn/hhh_ws/devel/share/roseus/ros/anm_msgs/manifest.l
Symlinking /home/lhn/hhh_ws/devel/share/roseus/ros/anm_msgs/msg/SystemState.l
Symlinking /home/lhn/hhh_ws/devel/share/roseus/ros/anm_msgs/msg/SpiralPath.l
Symlinking /home/lhn/hhh_ws/devel/share/roseus/ros/anm_msgs/msg/VehicleState.l
Symlinking /home/lhn/hhh_ws/devel/share/roseus/ros/anm_msgs/msg/HMIReport.l
Symlinking /home/lhn/hhh_ws/devel/share/roseus/ros/anm_msgs/msg/V2XStopSignList.l
Symlinking /home/lhn/hhh_ws/devel/share/roseus/ros/anm_msgs/msg/CommandCheckingReport.l
Symlinking /home/lhn/hhh_ws/devel/share/roseus/ros/anm_msgs/msg/V2XTrafficLightList.l
Symlinking /home/lhn/hhh_ws/devel/share/roseus/ros/anm_msgs/msg/DynamicObstacle.l
Symlinking /home/lhn/hhh_ws/devel/share/roseus/ros/anm_msgs/msg/ShuttleRequest.l
Symlinking /home/lhn/hhh_ws/devel/share/roseus/ros/anm_msgs/msg/NearestAnmWaypoint.l
Symlinking /home/lhn/hhh_ws/devel/share/roseus/ros/anm_msgs/msg/PathState.l
Symlinking /home/lhn/hhh_ws/devel/share/roseus/ros/anm_msgs/msg/DynamicObstacleList.l
Symlinking /home/lhn/hhh_ws/devel/share/roseus/ros/anm_msgs/msg/V2XTrafficLight.l
Symlinking /home/lhn/hhh_ws/devel/share/roseus/ros/anm_msgs/msg/V2XVehicle.l
Symlinking /home/lhn/hhh_ws/devel/share/roseus/ros/anm_msgs/msg/V2XVehicleList.l
Symlinking /home/lhn/hhh_ws/devel/share/roseus/ros/anm_msgs/msg/V2XStopSign.l
Symlinking /home/lhn/hhh_ws/devel/share/gennodejs/ros/anm_msgs/_index.js
Symlinking /home/lhn/hhh_ws/devel/share/gennodejs/ros/anm_msgs/msg/PathState.js
Symlinking /home/lhn/hhh_ws/devel/share/gennodejs/ros/anm_msgs/msg/DynamicObstacleList.js
Symlinking /home/lhn/hhh_ws/devel/share/gennodejs/ros/anm_msgs/msg/V2XTrafficLightList.js
Symlinking /home/lhn/hhh_ws/devel/share/gennodejs/ros/anm_msgs/msg/V2XStopSignList.js
Symlinking /home/lhn/hhh_ws/devel/share/gennodejs/ros/anm_msgs/msg/ShuttleRequest.js
Symlinking /home/lhn/hhh_ws/devel/share/gennodejs/ros/anm_msgs/msg/V2XVehicle.js
Symlinking /home/lhn/hhh_ws/devel/share/gennodejs/ros/anm_msgs/msg/CommandCheckingReport.js
Symlinking /home/lhn/hhh_ws/devel/share/gennodejs/ros/anm_msgs/msg/VehicleState.js
Symlinking /home/lhn/hhh_ws/devel/share/gennodejs/ros/anm_msgs/msg/SpiralPath.js
Symlinking /home/lhn/hhh_ws/devel/share/gennodejs/ros/anm_msgs/msg/V2XVehicleList.js
Symlinking /home/lhn/hhh_ws/devel/share/gennodejs/ros/anm_msgs/msg/V2XTrafficLight.js
Symlinking /home/lhn/hhh_ws/devel/share/gennodejs/ros/anm_msgs/msg/SystemState.js
Symlinking /home/lhn/hhh_ws/devel/share/gennodejs/ros/anm_msgs/msg/HMIReport.js
Symlinking /home/lhn/hhh_ws/devel/share/gennodejs/ros/anm_msgs/msg/_index.js
Symlinking /home/lhn/hhh_ws/devel/share/gennodejs/ros/anm_msgs/msg/DynamicObstacle.js
Symlinking /home/lhn/hhh_ws/devel/share/gennodejs/ros/anm_msgs/msg/V2XStopSign.js
Symlinking /home/lhn/hhh_ws/devel/share/gennodejs/ros/anm_msgs/msg/NearestAnmWaypoint.js
Symlinking /home/lhn/hhh_ws/devel/share/anm_msgs/cmake/anm_msgsConfig-version.cmake
Symlinking /home/lhn/hhh_ws/devel/share/anm_msgs/cmake/anm_msgs-msg-paths.cmake
Symlinking /home/lhn/hhh_ws/devel/share/anm_msgs/cmake/anm_msgsConfig.cmake
Symlinking /home/lhn/hhh_ws/devel/share/anm_msgs/cmake/anm_msgs-msg-extras.cmake
Symlinking /home/lhn/hhh_ws/devel/share/common-lisp/ros/anm_msgs/msg/anm_msgs-msg.asd
Symlinking /home/lhn/hhh_ws/devel/share/common-lisp/ros/anm_msgs/msg/_package_SpiralPath.lisp
Symlinking /home/lhn/hhh_ws/devel/share/common-lisp/ros/anm_msgs/msg/_package_SystemState.lisp
Symlinking /home/lhn/hhh_ws/devel/share/common-lisp/ros/anm_msgs/msg/_package_DynamicObstacle.lisp
Symlinking /home/lhn/hhh_ws/devel/share/common-lisp/ros/anm_msgs/msg/V2XVehicleList.lisp
Symlinking /home/lhn/hhh_ws/devel/share/common-lisp/ros/anm_msgs/msg/_package_VehicleState.lisp
Symlinking /home/lhn/hhh_ws/devel/share/common-lisp/ros/anm_msgs/msg/_package_V2XTrafficLight.lisp
Symlinking /home/lhn/hhh_ws/devel/share/common-lisp/ros/anm_msgs/msg/_package_V2XVehicleList.lisp
Symlinking /home/lhn/hhh_ws/devel/share/common-lisp/ros/anm_msgs/msg/PathState.lisp
Symlinking /home/lhn/hhh_ws/devel/share/common-lisp/ros/anm_msgs/msg/_package_CommandCheckingReport.lisp
Symlinking /home/lhn/hhh_ws/devel/share/common-lisp/ros/anm_msgs/msg/_package_ShuttleRequest.lisp
Symlinking /home/lhn/hhh_ws/devel/share/common-lisp/ros/anm_msgs/msg/V2XStopSignList.lisp
Symlinking /home/lhn/hhh_ws/devel/share/common-lisp/ros/anm_msgs/msg/_package_NearestAnmWaypoint.lisp
Symlinking /home/lhn/hhh_ws/devel/share/common-lisp/ros/anm_msgs/msg/DynamicObstacle.lisp
Symlinking /home/lhn/hhh_ws/devel/share/common-lisp/ros/anm_msgs/msg/V2XTrafficLightList.lisp
Symlinking /home/lhn/hhh_ws/devel/share/common-lisp/ros/anm_msgs/msg/_package.lisp
Symlinking /home/lhn/hhh_ws/devel/share/common-lisp/ros/anm_msgs/msg/_package_V2XVehicle.lisp
Symlinking /home/lhn/hhh_ws/devel/share/common-lisp/ros/anm_msgs/msg/VehicleState.lisp
Symlinking /home/lhn/hhh_ws/devel/share/common-lisp/ros/anm_msgs/msg/_package_V2XStopSignList.lisp
Symlinking /home/lhn/hhh_ws/devel/share/common-lisp/ros/anm_msgs/msg/SpiralPath.lisp
Symlinking /home/lhn/hhh_ws/devel/share/common-lisp/ros/anm_msgs/msg/HMIReport.lisp
Symlinking /home/lhn/hhh_ws/devel/share/common-lisp/ros/anm_msgs/msg/V2XTrafficLight.lisp
Symlinking /home/lhn/hhh_ws/devel/share/common-lisp/ros/anm_msgs/msg/V2XStopSign.lisp
Symlinking /home/lhn/hhh_ws/devel/share/common-lisp/ros/anm_msgs/msg/NearestAnmWaypoint.lisp
Symlinking /home/lhn/hhh_ws/devel/share/common-lisp/ros/anm_msgs/msg/ShuttleRequest.lisp
Symlinking /home/lhn/hhh_ws/devel/share/common-lisp/ros/anm_msgs/msg/SystemState.lisp
Symlinking /home/lhn/hhh_ws/devel/share/common-lisp/ros/anm_msgs/msg/_package_V2XStopSign.lisp
Symlinking /home/lhn/hhh_ws/devel/share/common-lisp/ros/anm_msgs/msg/_package_V2XTrafficLightList.lisp
Symlinking /home/lhn/hhh_ws/devel/share/common-lisp/ros/anm_msgs/msg/_package_DynamicObstacleList.lisp
Symlinking /home/lhn/hhh_ws/devel/share/common-lisp/ros/anm_msgs/msg/CommandCheckingReport.lisp
Symlinking /home/lhn/hhh_ws/devel/share/common-lisp/ros/anm_msgs/msg/_package_HMIReport.lisp
Symlinking /home/lhn/hhh_ws/devel/share/common-lisp/ros/anm_msgs/msg/_package_PathState.lisp
Symlinking /home/lhn/hhh_ws/devel/share/common-lisp/ros/anm_msgs/msg/DynamicObstacleList.lisp
Symlinking /home/lhn/hhh_ws/devel/share/common-lisp/ros/anm_msgs/msg/V2XVehicle.lisp
Symlinking /home/lhn/hhh_ws/devel/lib/pkgconfig/anm_msgs.pc
Symlinking /home/lhn/hhh_ws/devel/lib/python2.7/dist-packages/anm_msgs/__init__.py
Symlinking /home/lhn/hhh_ws/devel/lib/python2.7/dist-packages/anm_msgs/msg/_V2XTrafficLight.py
Symlinking /home/lhn/hhh_ws/devel/lib/python2.7/dist-packages/anm_msgs/msg/_SpiralPath.py
Symlinking /home/lhn/hhh_ws/devel/lib/python2.7/dist-packages/anm_msgs/msg/_VehicleState.py
Symlinking /home/lhn/hhh_ws/devel/lib/python2.7/dist-packages/anm_msgs/msg/_V2XVehicleList.py
Symlinking /home/lhn/hhh_ws/devel/lib/python2.7/dist-packages/anm_msgs/msg/_V2XStopSign.py
Symlinking /home/lhn/hhh_ws/devel/lib/python2.7/dist-packages/anm_msgs/msg/_DynamicObstacleList.py
Symlinking /home/lhn/hhh_ws/devel/lib/python2.7/dist-packages/anm_msgs/msg/_V2XVehicle.py
Symlinking /home/lhn/hhh_ws/devel/lib/python2.7/dist-packages/anm_msgs/msg/_CommandCheckingReport.py
Symlinking /home/lhn/hhh_ws/devel/lib/python2.7/dist-packages/anm_msgs/msg/_V2XTrafficLightList.py
Symlinking /home/lhn/hhh_ws/devel/lib/python2.7/dist-packages/anm_msgs/msg/_PathState.py
Symlinking /home/lhn/hhh_ws/devel/lib/python2.7/dist-packages/anm_msgs/msg/_HMIReport.py
Symlinking /home/lhn/hhh_ws/devel/lib/python2.7/dist-packages/anm_msgs/msg/_DynamicObstacle.py
Symlinking /home/lhn/hhh_ws/devel/lib/python2.7/dist-packages/anm_msgs/msg/_SystemState.py
Symlinking /home/lhn/hhh_ws/devel/lib/python2.7/dist-packages/anm_msgs/msg/_ShuttleRequest.py
Symlinking /home/lhn/hhh_ws/devel/lib/python2.7/dist-packages/anm_msgs/msg/_V2XStopSignList.py
Symlinking /home/lhn/hhh_ws/devel/lib/python2.7/dist-packages/anm_msgs/msg/__init__.py
Symlinking /home/lhn/hhh_ws/devel/lib/python2.7/dist-packages/anm_msgs/msg/_NearestAnmWaypoint.py
Symlinking /home/lhn/hhh_ws/devel/include/anm_msgs/V2XStopSignList.h
Symlinking /home/lhn/hhh_ws/devel/include/anm_msgs/V2XVehicleList.h
Symlinking /home/lhn/hhh_ws/devel/include/anm_msgs/DynamicObstacle.h
Symlinking /home/lhn/hhh_ws/devel/include/anm_msgs/V2XStopSign.h
Symlinking /home/lhn/hhh_ws/devel/include/anm_msgs/SystemState.h
Symlinking /home/lhn/hhh_ws/devel/include/anm_msgs/VehicleState.h
Symlinking /home/lhn/hhh_ws/devel/include/anm_msgs/CommandCheckingReport.h
Symlinking /home/lhn/hhh_ws/devel/include/anm_msgs/DynamicObstacleList.h
Symlinking /home/lhn/hhh_ws/devel/include/anm_msgs/PathState.h
Symlinking /home/lhn/hhh_ws/devel/include/anm_msgs/V2XTrafficLight.h
Symlinking /home/lhn/hhh_ws/devel/include/anm_msgs/V2XTrafficLightList.h
Symlinking /home/lhn/hhh_ws/devel/include/anm_msgs/HMIReport.h
Symlinking /home/lhn/hhh_ws/devel/include/anm_msgs/SpiralPath.h
Symlinking /home/lhn/hhh_ws/devel/include/anm_msgs/NearestAnmWaypoint.h
Symlinking /home/lhn/hhh_ws/devel/include/anm_msgs/V2XVehicle.h
Symlinking /home/lhn/hhh_ws/devel/include/anm_msgs/ShuttleRequest.h
