Symlinking /home/lhn/hhh_ws/devel/share/plan2control_msgs/cmake/plan2control_msgsConfig.cmake
Symlinking /home/lhn/hhh_ws/devel/share/plan2control_msgs/cmake/plan2control_msgsConfig-version.cmake
Symlinking /home/lhn/hhh_ws/devel/share/plan2control_msgs/cmake/plan2control_msgs-msg-paths.cmake
Symlinking /home/lhn/hhh_ws/devel/share/plan2control_msgs/cmake/plan2control_msgs-msg-extras.cmake
Symlinking /home/lhn/hhh_ws/devel/share/roseus/ros/plan2control_msgs/manifest.l
Symlinking /home/lhn/hhh_ws/devel/share/roseus/ros/plan2control_msgs/msg/Traj_Node.l
Symlinking /home/lhn/hhh_ws/devel/share/roseus/ros/plan2control_msgs/msg/Trajectory.l
Symlinking /home/lhn/hhh_ws/devel/share/gennodejs/ros/plan2control_msgs/_index.js
Symlinking /home/lhn/hhh_ws/devel/share/gennodejs/ros/plan2control_msgs/msg/_index.js
Symlinking /home/lhn/hhh_ws/devel/share/gennodejs/ros/plan2control_msgs/msg/Trajectory.js
Symlinking /home/lhn/hhh_ws/devel/share/gennodejs/ros/plan2control_msgs/msg/Traj_Node.js
Symlinking /home/lhn/hhh_ws/devel/share/common-lisp/ros/plan2control_msgs/msg/_package_Trajectory.lisp
Symlinking /home/lhn/hhh_ws/devel/share/common-lisp/ros/plan2control_msgs/msg/Traj_Node.lisp
Symlinking /home/lhn/hhh_ws/devel/share/common-lisp/ros/plan2control_msgs/msg/Trajectory.lisp
Symlinking /home/lhn/hhh_ws/devel/share/common-lisp/ros/plan2control_msgs/msg/_package_Traj_Node.lisp
Symlinking /home/lhn/hhh_ws/devel/share/common-lisp/ros/plan2control_msgs/msg/_package.lisp
Symlinking /home/lhn/hhh_ws/devel/share/common-lisp/ros/plan2control_msgs/msg/plan2control_msgs-msg.asd
Symlinking /home/lhn/hhh_ws/devel/lib/pkgconfig/plan2control_msgs.pc
Symlinking /home/lhn/hhh_ws/devel/lib/python2.7/dist-packages/plan2control_msgs/__init__.py
Symlinking /home/lhn/hhh_ws/devel/lib/python2.7/dist-packages/plan2control_msgs/msg/_Trajectory.py
Symlinking /home/lhn/hhh_ws/devel/lib/python2.7/dist-packages/plan2control_msgs/msg/_Traj_Node.py
Symlinking /home/lhn/hhh_ws/devel/lib/python2.7/dist-packages/plan2control_msgs/msg/__init__.py
Symlinking /home/lhn/hhh_ws/devel/include/plan2control_msgs/Traj_Node.h
Symlinking /home/lhn/hhh_ws/devel/include/plan2control_msgs/Trajectory.h
