[35m[1mScanning dependencies of target std_msgs_generate_messages_nodejs[0m
[  0%] Built target std_msgs_generate_messages_nodejs
[35m[1mScanning dependencies of target _plan2control_msgs_generate_messages_check_deps_Trajectory[0m
[  0%] Built target _plan2control_msgs_generate_messages_check_deps_Trajectory
[35m[1mScanning dependencies of target _plan2control_msgs_generate_messages_check_deps_Traj_Node[0m
[  0%] Built target _plan2control_msgs_generate_messages_check_deps_Traj_Node
[35m[1mScanning dependencies of target geometry_msgs_generate_messages_nodejs[0m
[  0%] Built target geometry_msgs_generate_messages_nodejs
[35m[1mScanning dependencies of target std_msgs_generate_messages_py[0m
[  0%] Built target std_msgs_generate_messages_py
[35m[1mScanning dependencies of target geometry_msgs_generate_messages_py[0m
[  0%] Built target geometry_msgs_generate_messages_py
[35m[1mScanning dependencies of target std_msgs_generate_messages_lisp[0m
[  0%] Built target std_msgs_generate_messages_lisp
[35m[1mScanning dependencies of target geometry_msgs_generate_messages_lisp[0m
[  0%] Built target geometry_msgs_generate_messages_lisp
[35m[1mScanning dependencies of target std_msgs_generate_messages_eus[0m
[  0%] Built target std_msgs_generate_messages_eus
[35m[1mScanning dependencies of target geometry_msgs_generate_messages_eus[0m
[  0%] Built target geometry_msgs_generate_messages_eus
[35m[1mScanning dependencies of target std_msgs_generate_messages_cpp[0m
[  0%] Built target std_msgs_generate_messages_cpp
[35m[1mScanning dependencies of target geometry_msgs_generate_messages_cpp[0m
[  0%] Built target geometry_msgs_generate_messages_cpp
[35m[1mScanning dependencies of target plan2control_msgs_generate_messages_nodejs[0m
[  8%] [34m[1mGenerating Javascript code from plan2control_msgs/Traj_Node.msg[0m
[ 16%] [34m[1mGenerating Javascript code from plan2control_msgs/Trajectory.msg[0m
[ 16%] Built target plan2control_msgs_generate_messages_nodejs
[35m[1mScanning dependencies of target plan2control_msgs_generate_messages_py[0m
[ 25%] [34m[1mGenerating Python from MSG plan2control_msgs/Traj_Node[0m
[ 33%] [34m[1mGenerating Python from MSG plan2control_msgs/Trajectory[0m
[ 41%] [34m[1mGenerating Python msg __init__.py for plan2control_msgs[0m
[ 41%] Built target plan2control_msgs_generate_messages_py
[35m[1mScanning dependencies of target plan2control_msgs_generate_messages_lisp[0m
[ 50%] [34m[1mGenerating Lisp code from plan2control_msgs/Traj_Node.msg[0m
[ 58%] [34m[1mGenerating Lisp code from plan2control_msgs/Trajectory.msg[0m
[ 58%] Built target plan2control_msgs_generate_messages_lisp
[35m[1mScanning dependencies of target plan2control_msgs_generate_messages_eus[0m
[ 66%] [34m[1mGenerating EusLisp code from plan2control_msgs/Traj_Node.msg[0m
[ 75%] [34m[1mGenerating EusLisp code from plan2control_msgs/Trajectory.msg[0m
[ 83%] [34m[1mGenerating EusLisp manifest code for plan2control_msgs[0m
[ 83%] Built target plan2control_msgs_generate_messages_eus
[35m[1mScanning dependencies of target plan2control_msgs_generate_messages_cpp[0m
[ 91%] [34m[1mGenerating C++ code from plan2control_msgs/Traj_Node.msg[0m
[100%] [34m[1mGenerating C++ code from plan2control_msgs/Trajectory.msg[0m
[100%] Built target plan2control_msgs_generate_messages_cpp
[35m[1mScanning dependencies of target plan2control_msgs_generate_messages[0m
[100%] Built target plan2control_msgs_generate_messages
