Linked: (/home/lhn/hhh_ws/devel/.private/sensor_driver_msgs/share/roseus/ros/sensor_driver_msgs/manifest.l, /home/lhn/hhh_ws/devel/share/roseus/ros/sensor_driver_msgs/manifest.l)
Linked: (/home/lhn/hhh_ws/devel/.private/sensor_driver_msgs/share/roseus/ros/sensor_driver_msgs/srv/startconfig.l, /home/lhn/hhh_ws/devel/share/roseus/ros/sensor_driver_msgs/srv/startconfig.l)
Linked: (/home/lhn/hhh_ws/devel/.private/sensor_driver_msgs/share/roseus/ros/sensor_driver_msgs/msg/TargetCar.l, /home/lhn/hhh_ws/devel/share/roseus/ros/sensor_driver_msgs/msg/TargetCar.l)
Linked: (/home/lhn/hhh_ws/devel/.private/sensor_driver_msgs/share/roseus/ros/sensor_driver_msgs/msg/moving_target_send.l, /home/lhn/hhh_ws/devel/share/roseus/ros/sensor_driver_msgs/msg/moving_target_send.l)
Linked: (/home/lhn/hhh_ws/devel/.private/sensor_driver_msgs/share/roseus/ros/sensor_driver_msgs/msg/PointCloudMultiLidar.l, /home/lhn/hhh_ws/devel/share/roseus/ros/sensor_driver_msgs/msg/PointCloudMultiLidar.l)
Linked: (/home/lhn/hhh_ws/devel/.private/sensor_driver_msgs/share/roseus/ros/sensor_driver_msgs/msg/Rectangle.l, /home/lhn/hhh_ws/devel/share/roseus/ros/sensor_driver_msgs/msg/Rectangle.l)
Linked: (/home/lhn/hhh_ws/devel/.private/sensor_driver_msgs/share/roseus/ros/sensor_driver_msgs/msg/moving_target.l, /home/lhn/hhh_ws/devel/share/roseus/ros/sensor_driver_msgs/msg/moving_target.l)
Linked: (/home/lhn/hhh_ws/devel/.private/sensor_driver_msgs/share/roseus/ros/sensor_driver_msgs/msg/GpswithHeading.l, /home/lhn/hhh_ws/devel/share/roseus/ros/sensor_driver_msgs/msg/GpswithHeading.l)
Linked: (/home/lhn/hhh_ws/devel/.private/sensor_driver_msgs/share/roseus/ros/sensor_driver_msgs/msg/Points.l, /home/lhn/hhh_ws/devel/share/roseus/ros/sensor_driver_msgs/msg/Points.l)
Linked: (/home/lhn/hhh_ws/devel/.private/sensor_driver_msgs/share/roseus/ros/sensor_driver_msgs/msg/OdometrywithGps.l, /home/lhn/hhh_ws/devel/share/roseus/ros/sensor_driver_msgs/msg/OdometrywithGps.l)
Linked: (/home/lhn/hhh_ws/devel/.private/sensor_driver_msgs/share/roseus/ros/sensor_driver_msgs/msg/ECUData.l, /home/lhn/hhh_ws/devel/share/roseus/ros/sensor_driver_msgs/msg/ECUData.l)
Linked: (/home/lhn/hhh_ws/devel/.private/sensor_driver_msgs/share/roseus/ros/sensor_driver_msgs/msg/PointCloudMultiLaser.l, /home/lhn/hhh_ws/devel/share/roseus/ros/sensor_driver_msgs/msg/PointCloudMultiLaser.l)
Linked: (/home/lhn/hhh_ws/devel/.private/sensor_driver_msgs/share/sensor_driver_msgs/cmake/sensor_driver_msgsConfig.cmake, /home/lhn/hhh_ws/devel/share/sensor_driver_msgs/cmake/sensor_driver_msgsConfig.cmake)
Linked: (/home/lhn/hhh_ws/devel/.private/sensor_driver_msgs/share/sensor_driver_msgs/cmake/sensor_driver_msgs-msg-paths.cmake, /home/lhn/hhh_ws/devel/share/sensor_driver_msgs/cmake/sensor_driver_msgs-msg-paths.cmake)
Linked: (/home/lhn/hhh_ws/devel/.private/sensor_driver_msgs/share/sensor_driver_msgs/cmake/sensor_driver_msgs-msg-extras.cmake, /home/lhn/hhh_ws/devel/share/sensor_driver_msgs/cmake/sensor_driver_msgs-msg-extras.cmake)
Linked: (/home/lhn/hhh_ws/devel/.private/sensor_driver_msgs/share/sensor_driver_msgs/cmake/sensor_driver_msgsConfig-version.cmake, /home/lhn/hhh_ws/devel/share/sensor_driver_msgs/cmake/sensor_driver_msgsConfig-version.cmake)
Linked: (/home/lhn/hhh_ws/devel/.private/sensor_driver_msgs/share/gennodejs/ros/sensor_driver_msgs/_index.js, /home/lhn/hhh_ws/devel/share/gennodejs/ros/sensor_driver_msgs/_index.js)
Linked: (/home/lhn/hhh_ws/devel/.private/sensor_driver_msgs/share/gennodejs/ros/sensor_driver_msgs/srv/startconfig.js, /home/lhn/hhh_ws/devel/share/gennodejs/ros/sensor_driver_msgs/srv/startconfig.js)
Linked: (/home/lhn/hhh_ws/devel/.private/sensor_driver_msgs/share/gennodejs/ros/sensor_driver_msgs/srv/_index.js, /home/lhn/hhh_ws/devel/share/gennodejs/ros/sensor_driver_msgs/srv/_index.js)
Linked: (/home/lhn/hhh_ws/devel/.private/sensor_driver_msgs/share/gennodejs/ros/sensor_driver_msgs/msg/moving_target_send.js, /home/lhn/hhh_ws/devel/share/gennodejs/ros/sensor_driver_msgs/msg/moving_target_send.js)
Linked: (/home/lhn/hhh_ws/devel/.private/sensor_driver_msgs/share/gennodejs/ros/sensor_driver_msgs/msg/OdometrywithGps.js, /home/lhn/hhh_ws/devel/share/gennodejs/ros/sensor_driver_msgs/msg/OdometrywithGps.js)
Linked: (/home/lhn/hhh_ws/devel/.private/sensor_driver_msgs/share/gennodejs/ros/sensor_driver_msgs/msg/PointCloudMultiLidar.js, /home/lhn/hhh_ws/devel/share/gennodejs/ros/sensor_driver_msgs/msg/PointCloudMultiLidar.js)
Linked: (/home/lhn/hhh_ws/devel/.private/sensor_driver_msgs/share/gennodejs/ros/sensor_driver_msgs/msg/Points.js, /home/lhn/hhh_ws/devel/share/gennodejs/ros/sensor_driver_msgs/msg/Points.js)
Linked: (/home/lhn/hhh_ws/devel/.private/sensor_driver_msgs/share/gennodejs/ros/sensor_driver_msgs/msg/ECUData.js, /home/lhn/hhh_ws/devel/share/gennodejs/ros/sensor_driver_msgs/msg/ECUData.js)
Linked: (/home/lhn/hhh_ws/devel/.private/sensor_driver_msgs/share/gennodejs/ros/sensor_driver_msgs/msg/PointCloudMultiLaser.js, /home/lhn/hhh_ws/devel/share/gennodejs/ros/sensor_driver_msgs/msg/PointCloudMultiLaser.js)
Linked: (/home/lhn/hhh_ws/devel/.private/sensor_driver_msgs/share/gennodejs/ros/sensor_driver_msgs/msg/GpswithHeading.js, /home/lhn/hhh_ws/devel/share/gennodejs/ros/sensor_driver_msgs/msg/GpswithHeading.js)
Linked: (/home/lhn/hhh_ws/devel/.private/sensor_driver_msgs/share/gennodejs/ros/sensor_driver_msgs/msg/_index.js, /home/lhn/hhh_ws/devel/share/gennodejs/ros/sensor_driver_msgs/msg/_index.js)
Linked: (/home/lhn/hhh_ws/devel/.private/sensor_driver_msgs/share/gennodejs/ros/sensor_driver_msgs/msg/TargetCar.js, /home/lhn/hhh_ws/devel/share/gennodejs/ros/sensor_driver_msgs/msg/TargetCar.js)
Linked: (/home/lhn/hhh_ws/devel/.private/sensor_driver_msgs/share/gennodejs/ros/sensor_driver_msgs/msg/Rectangle.js, /home/lhn/hhh_ws/devel/share/gennodejs/ros/sensor_driver_msgs/msg/Rectangle.js)
Linked: (/home/lhn/hhh_ws/devel/.private/sensor_driver_msgs/share/gennodejs/ros/sensor_driver_msgs/msg/moving_target.js, /home/lhn/hhh_ws/devel/share/gennodejs/ros/sensor_driver_msgs/msg/moving_target.js)
Linked: (/home/lhn/hhh_ws/devel/.private/sensor_driver_msgs/share/common-lisp/ros/sensor_driver_msgs/srv/startconfig.lisp, /home/lhn/hhh_ws/devel/share/common-lisp/ros/sensor_driver_msgs/srv/startconfig.lisp)
Linked: (/home/lhn/hhh_ws/devel/.private/sensor_driver_msgs/share/common-lisp/ros/sensor_driver_msgs/srv/_package_startconfig.lisp, /home/lhn/hhh_ws/devel/share/common-lisp/ros/sensor_driver_msgs/srv/_package_startconfig.lisp)
Linked: (/home/lhn/hhh_ws/devel/.private/sensor_driver_msgs/share/common-lisp/ros/sensor_driver_msgs/srv/_package.lisp, /home/lhn/hhh_ws/devel/share/common-lisp/ros/sensor_driver_msgs/srv/_package.lisp)
Linked: (/home/lhn/hhh_ws/devel/.private/sensor_driver_msgs/share/common-lisp/ros/sensor_driver_msgs/srv/sensor_driver_msgs-srv.asd, /home/lhn/hhh_ws/devel/share/common-lisp/ros/sensor_driver_msgs/srv/sensor_driver_msgs-srv.asd)
Linked: (/home/lhn/hhh_ws/devel/.private/sensor_driver_msgs/share/common-lisp/ros/sensor_driver_msgs/msg/PointCloudMultiLaser.lisp, /home/lhn/hhh_ws/devel/share/common-lisp/ros/sensor_driver_msgs/msg/PointCloudMultiLaser.lisp)
Linked: (/home/lhn/hhh_ws/devel/.private/sensor_driver_msgs/share/common-lisp/ros/sensor_driver_msgs/msg/moving_target.lisp, /home/lhn/hhh_ws/devel/share/common-lisp/ros/sensor_driver_msgs/msg/moving_target.lisp)
Linked: (/home/lhn/hhh_ws/devel/.private/sensor_driver_msgs/share/common-lisp/ros/sensor_driver_msgs/msg/_package_GpswithHeading.lisp, /home/lhn/hhh_ws/devel/share/common-lisp/ros/sensor_driver_msgs/msg/_package_GpswithHeading.lisp)
Linked: (/home/lhn/hhh_ws/devel/.private/sensor_driver_msgs/share/common-lisp/ros/sensor_driver_msgs/msg/_package_OdometrywithGps.lisp, /home/lhn/hhh_ws/devel/share/common-lisp/ros/sensor_driver_msgs/msg/_package_OdometrywithGps.lisp)
Linked: (/home/lhn/hhh_ws/devel/.private/sensor_driver_msgs/share/common-lisp/ros/sensor_driver_msgs/msg/TargetCar.lisp, /home/lhn/hhh_ws/devel/share/common-lisp/ros/sensor_driver_msgs/msg/TargetCar.lisp)
Linked: (/home/lhn/hhh_ws/devel/.private/sensor_driver_msgs/share/common-lisp/ros/sensor_driver_msgs/msg/_package_PointCloudMultiLidar.lisp, /home/lhn/hhh_ws/devel/share/common-lisp/ros/sensor_driver_msgs/msg/_package_PointCloudMultiLidar.lisp)
Linked: (/home/lhn/hhh_ws/devel/.private/sensor_driver_msgs/share/common-lisp/ros/sensor_driver_msgs/msg/ECUData.lisp, /home/lhn/hhh_ws/devel/share/common-lisp/ros/sensor_driver_msgs/msg/ECUData.lisp)
Linked: (/home/lhn/hhh_ws/devel/.private/sensor_driver_msgs/share/common-lisp/ros/sensor_driver_msgs/msg/sensor_driver_msgs-msg.asd, /home/lhn/hhh_ws/devel/share/common-lisp/ros/sensor_driver_msgs/msg/sensor_driver_msgs-msg.asd)
Linked: (/home/lhn/hhh_ws/devel/.private/sensor_driver_msgs/share/common-lisp/ros/sensor_driver_msgs/msg/_package_ECUData.lisp, /home/lhn/hhh_ws/devel/share/common-lisp/ros/sensor_driver_msgs/msg/_package_ECUData.lisp)
Linked: (/home/lhn/hhh_ws/devel/.private/sensor_driver_msgs/share/common-lisp/ros/sensor_driver_msgs/msg/_package_PointCloudMultiLaser.lisp, /home/lhn/hhh_ws/devel/share/common-lisp/ros/sensor_driver_msgs/msg/_package_PointCloudMultiLaser.lisp)
Linked: (/home/lhn/hhh_ws/devel/.private/sensor_driver_msgs/share/common-lisp/ros/sensor_driver_msgs/msg/GpswithHeading.lisp, /home/lhn/hhh_ws/devel/share/common-lisp/ros/sensor_driver_msgs/msg/GpswithHeading.lisp)
Linked: (/home/lhn/hhh_ws/devel/.private/sensor_driver_msgs/share/common-lisp/ros/sensor_driver_msgs/msg/Rectangle.lisp, /home/lhn/hhh_ws/devel/share/common-lisp/ros/sensor_driver_msgs/msg/Rectangle.lisp)
Linked: (/home/lhn/hhh_ws/devel/.private/sensor_driver_msgs/share/common-lisp/ros/sensor_driver_msgs/msg/_package_TargetCar.lisp, /home/lhn/hhh_ws/devel/share/common-lisp/ros/sensor_driver_msgs/msg/_package_TargetCar.lisp)
Linked: (/home/lhn/hhh_ws/devel/.private/sensor_driver_msgs/share/common-lisp/ros/sensor_driver_msgs/msg/_package_Points.lisp, /home/lhn/hhh_ws/devel/share/common-lisp/ros/sensor_driver_msgs/msg/_package_Points.lisp)
Linked: (/home/lhn/hhh_ws/devel/.private/sensor_driver_msgs/share/common-lisp/ros/sensor_driver_msgs/msg/OdometrywithGps.lisp, /home/lhn/hhh_ws/devel/share/common-lisp/ros/sensor_driver_msgs/msg/OdometrywithGps.lisp)
Linked: (/home/lhn/hhh_ws/devel/.private/sensor_driver_msgs/share/common-lisp/ros/sensor_driver_msgs/msg/_package.lisp, /home/lhn/hhh_ws/devel/share/common-lisp/ros/sensor_driver_msgs/msg/_package.lisp)
Linked: (/home/lhn/hhh_ws/devel/.private/sensor_driver_msgs/share/common-lisp/ros/sensor_driver_msgs/msg/_package_moving_target.lisp, /home/lhn/hhh_ws/devel/share/common-lisp/ros/sensor_driver_msgs/msg/_package_moving_target.lisp)
Linked: (/home/lhn/hhh_ws/devel/.private/sensor_driver_msgs/share/common-lisp/ros/sensor_driver_msgs/msg/_package_moving_target_send.lisp, /home/lhn/hhh_ws/devel/share/common-lisp/ros/sensor_driver_msgs/msg/_package_moving_target_send.lisp)
Linked: (/home/lhn/hhh_ws/devel/.private/sensor_driver_msgs/share/common-lisp/ros/sensor_driver_msgs/msg/_package_Rectangle.lisp, /home/lhn/hhh_ws/devel/share/common-lisp/ros/sensor_driver_msgs/msg/_package_Rectangle.lisp)
Linked: (/home/lhn/hhh_ws/devel/.private/sensor_driver_msgs/share/common-lisp/ros/sensor_driver_msgs/msg/Points.lisp, /home/lhn/hhh_ws/devel/share/common-lisp/ros/sensor_driver_msgs/msg/Points.lisp)
Linked: (/home/lhn/hhh_ws/devel/.private/sensor_driver_msgs/share/common-lisp/ros/sensor_driver_msgs/msg/PointCloudMultiLidar.lisp, /home/lhn/hhh_ws/devel/share/common-lisp/ros/sensor_driver_msgs/msg/PointCloudMultiLidar.lisp)
Linked: (/home/lhn/hhh_ws/devel/.private/sensor_driver_msgs/share/common-lisp/ros/sensor_driver_msgs/msg/moving_target_send.lisp, /home/lhn/hhh_ws/devel/share/common-lisp/ros/sensor_driver_msgs/msg/moving_target_send.lisp)
Linked: (/home/lhn/hhh_ws/devel/.private/sensor_driver_msgs/lib/pkgconfig/sensor_driver_msgs.pc, /home/lhn/hhh_ws/devel/lib/pkgconfig/sensor_driver_msgs.pc)
Linked: (/home/lhn/hhh_ws/devel/.private/sensor_driver_msgs/lib/python2.7/dist-packages/sensor_driver_msgs/__init__.py, /home/lhn/hhh_ws/devel/lib/python2.7/dist-packages/sensor_driver_msgs/__init__.py)
Linked: (/home/lhn/hhh_ws/devel/.private/sensor_driver_msgs/lib/python2.7/dist-packages/sensor_driver_msgs/srv/_startconfig.py, /home/lhn/hhh_ws/devel/lib/python2.7/dist-packages/sensor_driver_msgs/srv/_startconfig.py)
Linked: (/home/lhn/hhh_ws/devel/.private/sensor_driver_msgs/lib/python2.7/dist-packages/sensor_driver_msgs/srv/__init__.py, /home/lhn/hhh_ws/devel/lib/python2.7/dist-packages/sensor_driver_msgs/srv/__init__.py)
Linked: (/home/lhn/hhh_ws/devel/.private/sensor_driver_msgs/lib/python2.7/dist-packages/sensor_driver_msgs/msg/_moving_target.py, /home/lhn/hhh_ws/devel/lib/python2.7/dist-packages/sensor_driver_msgs/msg/_moving_target.py)
Linked: (/home/lhn/hhh_ws/devel/.private/sensor_driver_msgs/lib/python2.7/dist-packages/sensor_driver_msgs/msg/_PointCloudMultiLidar.py, /home/lhn/hhh_ws/devel/lib/python2.7/dist-packages/sensor_driver_msgs/msg/_PointCloudMultiLidar.py)
Linked: (/home/lhn/hhh_ws/devel/.private/sensor_driver_msgs/lib/python2.7/dist-packages/sensor_driver_msgs/msg/_ECUData.py, /home/lhn/hhh_ws/devel/lib/python2.7/dist-packages/sensor_driver_msgs/msg/_ECUData.py)
Linked: (/home/lhn/hhh_ws/devel/.private/sensor_driver_msgs/lib/python2.7/dist-packages/sensor_driver_msgs/msg/_OdometrywithGps.py, /home/lhn/hhh_ws/devel/lib/python2.7/dist-packages/sensor_driver_msgs/msg/_OdometrywithGps.py)
Linked: (/home/lhn/hhh_ws/devel/.private/sensor_driver_msgs/lib/python2.7/dist-packages/sensor_driver_msgs/msg/_PointCloudMultiLaser.py, /home/lhn/hhh_ws/devel/lib/python2.7/dist-packages/sensor_driver_msgs/msg/_PointCloudMultiLaser.py)
Linked: (/home/lhn/hhh_ws/devel/.private/sensor_driver_msgs/lib/python2.7/dist-packages/sensor_driver_msgs/msg/_Rectangle.py, /home/lhn/hhh_ws/devel/lib/python2.7/dist-packages/sensor_driver_msgs/msg/_Rectangle.py)
Linked: (/home/lhn/hhh_ws/devel/.private/sensor_driver_msgs/lib/python2.7/dist-packages/sensor_driver_msgs/msg/_Points.py, /home/lhn/hhh_ws/devel/lib/python2.7/dist-packages/sensor_driver_msgs/msg/_Points.py)
Linked: (/home/lhn/hhh_ws/devel/.private/sensor_driver_msgs/lib/python2.7/dist-packages/sensor_driver_msgs/msg/_GpswithHeading.py, /home/lhn/hhh_ws/devel/lib/python2.7/dist-packages/sensor_driver_msgs/msg/_GpswithHeading.py)
Linked: (/home/lhn/hhh_ws/devel/.private/sensor_driver_msgs/lib/python2.7/dist-packages/sensor_driver_msgs/msg/_moving_target_send.py, /home/lhn/hhh_ws/devel/lib/python2.7/dist-packages/sensor_driver_msgs/msg/_moving_target_send.py)
Linked: (/home/lhn/hhh_ws/devel/.private/sensor_driver_msgs/lib/python2.7/dist-packages/sensor_driver_msgs/msg/_TargetCar.py, /home/lhn/hhh_ws/devel/lib/python2.7/dist-packages/sensor_driver_msgs/msg/_TargetCar.py)
Linked: (/home/lhn/hhh_ws/devel/.private/sensor_driver_msgs/lib/python2.7/dist-packages/sensor_driver_msgs/msg/__init__.py, /home/lhn/hhh_ws/devel/lib/python2.7/dist-packages/sensor_driver_msgs/msg/__init__.py)
Linked: (/home/lhn/hhh_ws/devel/.private/sensor_driver_msgs/include/sensor_driver_msgs/Points.h, /home/lhn/hhh_ws/devel/include/sensor_driver_msgs/Points.h)
Linked: (/home/lhn/hhh_ws/devel/.private/sensor_driver_msgs/include/sensor_driver_msgs/TargetCar.h, /home/lhn/hhh_ws/devel/include/sensor_driver_msgs/TargetCar.h)
Linked: (/home/lhn/hhh_ws/devel/.private/sensor_driver_msgs/include/sensor_driver_msgs/moving_target.h, /home/lhn/hhh_ws/devel/include/sensor_driver_msgs/moving_target.h)
Linked: (/home/lhn/hhh_ws/devel/.private/sensor_driver_msgs/include/sensor_driver_msgs/startconfigRequest.h, /home/lhn/hhh_ws/devel/include/sensor_driver_msgs/startconfigRequest.h)
Linked: (/home/lhn/hhh_ws/devel/.private/sensor_driver_msgs/include/sensor_driver_msgs/moving_target_send.h, /home/lhn/hhh_ws/devel/include/sensor_driver_msgs/moving_target_send.h)
Linked: (/home/lhn/hhh_ws/devel/.private/sensor_driver_msgs/include/sensor_driver_msgs/startconfigResponse.h, /home/lhn/hhh_ws/devel/include/sensor_driver_msgs/startconfigResponse.h)
Linked: (/home/lhn/hhh_ws/devel/.private/sensor_driver_msgs/include/sensor_driver_msgs/PointCloudMultiLaser.h, /home/lhn/hhh_ws/devel/include/sensor_driver_msgs/PointCloudMultiLaser.h)
Linked: (/home/lhn/hhh_ws/devel/.private/sensor_driver_msgs/include/sensor_driver_msgs/GpswithHeading.h, /home/lhn/hhh_ws/devel/include/sensor_driver_msgs/GpswithHeading.h)
Linked: (/home/lhn/hhh_ws/devel/.private/sensor_driver_msgs/include/sensor_driver_msgs/ECUData.h, /home/lhn/hhh_ws/devel/include/sensor_driver_msgs/ECUData.h)
Linked: (/home/lhn/hhh_ws/devel/.private/sensor_driver_msgs/include/sensor_driver_msgs/startconfig.h, /home/lhn/hhh_ws/devel/include/sensor_driver_msgs/startconfig.h)
Linked: (/home/lhn/hhh_ws/devel/.private/sensor_driver_msgs/include/sensor_driver_msgs/OdometrywithGps.h, /home/lhn/hhh_ws/devel/include/sensor_driver_msgs/OdometrywithGps.h)
Linked: (/home/lhn/hhh_ws/devel/.private/sensor_driver_msgs/include/sensor_driver_msgs/PointCloudMultiLidar.h, /home/lhn/hhh_ws/devel/include/sensor_driver_msgs/PointCloudMultiLidar.h)
Linked: (/home/lhn/hhh_ws/devel/.private/sensor_driver_msgs/include/sensor_driver_msgs/Rectangle.h, /home/lhn/hhh_ws/devel/include/sensor_driver_msgs/Rectangle.h)
