[  0%] Built target sensor_msgs_generate_messages_py
[  0%] Built target _sensor_driver_msgs_generate_messages_check_deps_moving_target_send
[  0%] Built target _sensor_driver_msgs_generate_messages_check_deps_startconfig
[  0%] Built target _sensor_driver_msgs_generate_messages_check_deps_moving_target
[  0%] Built target _sensor_driver_msgs_generate_messages_check_deps_PointCloudMultiLidar
[  0%] Built target _sensor_driver_msgs_generate_messages_check_deps_ECUData
[  0%] Built target _sensor_driver_msgs_generate_messages_check_deps_OdometrywithGps
[  0%] Built target _sensor_driver_msgs_generate_messages_check_deps_PointCloudMultiLaser
[  0%] Built target _sensor_driver_msgs_generate_messages_check_deps_Points
[  0%] Built target _sensor_driver_msgs_generate_messages_check_deps_TargetCar
[  0%] Built target nav_msgs_generate_messages_py
[  0%] Built target std_msgs_generate_messages_py
[  0%] Built target geometry_msgs_generate_messages_py
[  0%] Built target sensor_msgs_generate_messages_eus
[  0%] Built target _sensor_driver_msgs_generate_messages_check_deps_Rectangle
[  0%] Built target _sensor_driver_msgs_generate_messages_check_deps_GpswithHeading
[  0%] Built target nav_msgs_generate_messages_eus
[  0%] Built target geometry_msgs_generate_messages_eus
[  0%] Built target std_msgs_generate_messages_eus
[  0%] Built target nav_msgs_generate_messages_cpp
[  0%] Built target std_msgs_generate_messages_cpp
[  0%] Built target sensor_msgs_generate_messages_cpp
[  0%] Built target geometry_msgs_generate_messages_cpp
[  0%] Built target geometry_msgs_generate_messages_nodejs
[  0%] Built target nav_msgs_generate_messages_nodejs
[  0%] Built target sensor_msgs_generate_messages_nodejs
[  0%] Built target std_msgs_generate_messages_nodejs
[  0%] Built target sensor_msgs_generate_messages_lisp
[  0%] Built target std_msgs_generate_messages_lisp
[  0%] Built target nav_msgs_generate_messages_lisp
[  0%] Built target geometry_msgs_generate_messages_lisp
[ 22%] Built target sensor_driver_msgs_generate_messages_py
[ 43%] Built target sensor_driver_msgs_generate_messages_eus
[ 62%] Built target sensor_driver_msgs_generate_messages_nodejs
[ 81%] Built target sensor_driver_msgs_generate_messages_cpp
[100%] Built target sensor_driver_msgs_generate_messages_lisp
[100%] Built target sensor_driver_msgs_generate_messages
