Symlinking /home/lhn/hhh_ws/devel/share/roseus/ros/sensor_driver_msgs/manifest.l
Symlinking /home/lhn/hhh_ws/devel/share/roseus/ros/sensor_driver_msgs/srv/startconfig.l
Symlinking /home/lhn/hhh_ws/devel/share/roseus/ros/sensor_driver_msgs/msg/TargetCar.l
Symlinking /home/lhn/hhh_ws/devel/share/roseus/ros/sensor_driver_msgs/msg/moving_target_send.l
Symlinking /home/lhn/hhh_ws/devel/share/roseus/ros/sensor_driver_msgs/msg/PointCloudMultiLidar.l
Symlinking /home/lhn/hhh_ws/devel/share/roseus/ros/sensor_driver_msgs/msg/Rectangle.l
Symlinking /home/lhn/hhh_ws/devel/share/roseus/ros/sensor_driver_msgs/msg/moving_target.l
Symlinking /home/lhn/hhh_ws/devel/share/roseus/ros/sensor_driver_msgs/msg/GpswithHeading.l
Symlinking /home/lhn/hhh_ws/devel/share/roseus/ros/sensor_driver_msgs/msg/Points.l
Symlinking /home/lhn/hhh_ws/devel/share/roseus/ros/sensor_driver_msgs/msg/OdometrywithGps.l
Symlinking /home/lhn/hhh_ws/devel/share/roseus/ros/sensor_driver_msgs/msg/ECUData.l
Symlinking /home/lhn/hhh_ws/devel/share/roseus/ros/sensor_driver_msgs/msg/PointCloudMultiLaser.l
Symlinking /home/lhn/hhh_ws/devel/share/sensor_driver_msgs/cmake/sensor_driver_msgsConfig.cmake
Symlinking /home/lhn/hhh_ws/devel/share/sensor_driver_msgs/cmake/sensor_driver_msgs-msg-paths.cmake
Symlinking /home/lhn/hhh_ws/devel/share/sensor_driver_msgs/cmake/sensor_driver_msgs-msg-extras.cmake
Symlinking /home/lhn/hhh_ws/devel/share/sensor_driver_msgs/cmake/sensor_driver_msgsConfig-version.cmake
Symlinking /home/lhn/hhh_ws/devel/share/gennodejs/ros/sensor_driver_msgs/_index.js
Symlinking /home/lhn/hhh_ws/devel/share/gennodejs/ros/sensor_driver_msgs/srv/startconfig.js
Symlinking /home/lhn/hhh_ws/devel/share/gennodejs/ros/sensor_driver_msgs/srv/_index.js
Symlinking /home/lhn/hhh_ws/devel/share/gennodejs/ros/sensor_driver_msgs/msg/moving_target_send.js
Symlinking /home/lhn/hhh_ws/devel/share/gennodejs/ros/sensor_driver_msgs/msg/OdometrywithGps.js
Symlinking /home/lhn/hhh_ws/devel/share/gennodejs/ros/sensor_driver_msgs/msg/PointCloudMultiLidar.js
Symlinking /home/lhn/hhh_ws/devel/share/gennodejs/ros/sensor_driver_msgs/msg/Points.js
Symlinking /home/lhn/hhh_ws/devel/share/gennodejs/ros/sensor_driver_msgs/msg/ECUData.js
Symlinking /home/lhn/hhh_ws/devel/share/gennodejs/ros/sensor_driver_msgs/msg/PointCloudMultiLaser.js
Symlinking /home/lhn/hhh_ws/devel/share/gennodejs/ros/sensor_driver_msgs/msg/GpswithHeading.js
Symlinking /home/lhn/hhh_ws/devel/share/gennodejs/ros/sensor_driver_msgs/msg/_index.js
Symlinking /home/lhn/hhh_ws/devel/share/gennodejs/ros/sensor_driver_msgs/msg/TargetCar.js
Symlinking /home/lhn/hhh_ws/devel/share/gennodejs/ros/sensor_driver_msgs/msg/Rectangle.js
Symlinking /home/lhn/hhh_ws/devel/share/gennodejs/ros/sensor_driver_msgs/msg/moving_target.js
Symlinking /home/lhn/hhh_ws/devel/share/common-lisp/ros/sensor_driver_msgs/srv/startconfig.lisp
Symlinking /home/lhn/hhh_ws/devel/share/common-lisp/ros/sensor_driver_msgs/srv/_package_startconfig.lisp
Symlinking /home/lhn/hhh_ws/devel/share/common-lisp/ros/sensor_driver_msgs/srv/_package.lisp
Symlinking /home/lhn/hhh_ws/devel/share/common-lisp/ros/sensor_driver_msgs/srv/sensor_driver_msgs-srv.asd
Symlinking /home/lhn/hhh_ws/devel/share/common-lisp/ros/sensor_driver_msgs/msg/PointCloudMultiLaser.lisp
Symlinking /home/lhn/hhh_ws/devel/share/common-lisp/ros/sensor_driver_msgs/msg/moving_target.lisp
Symlinking /home/lhn/hhh_ws/devel/share/common-lisp/ros/sensor_driver_msgs/msg/_package_GpswithHeading.lisp
Symlinking /home/lhn/hhh_ws/devel/share/common-lisp/ros/sensor_driver_msgs/msg/_package_OdometrywithGps.lisp
Symlinking /home/lhn/hhh_ws/devel/share/common-lisp/ros/sensor_driver_msgs/msg/TargetCar.lisp
Symlinking /home/lhn/hhh_ws/devel/share/common-lisp/ros/sensor_driver_msgs/msg/_package_PointCloudMultiLidar.lisp
Symlinking /home/lhn/hhh_ws/devel/share/common-lisp/ros/sensor_driver_msgs/msg/ECUData.lisp
Symlinking /home/lhn/hhh_ws/devel/share/common-lisp/ros/sensor_driver_msgs/msg/sensor_driver_msgs-msg.asd
Symlinking /home/lhn/hhh_ws/devel/share/common-lisp/ros/sensor_driver_msgs/msg/_package_ECUData.lisp
Symlinking /home/lhn/hhh_ws/devel/share/common-lisp/ros/sensor_driver_msgs/msg/_package_PointCloudMultiLaser.lisp
Symlinking /home/lhn/hhh_ws/devel/share/common-lisp/ros/sensor_driver_msgs/msg/GpswithHeading.lisp
Symlinking /home/lhn/hhh_ws/devel/share/common-lisp/ros/sensor_driver_msgs/msg/Rectangle.lisp
Symlinking /home/lhn/hhh_ws/devel/share/common-lisp/ros/sensor_driver_msgs/msg/_package_TargetCar.lisp
Symlinking /home/lhn/hhh_ws/devel/share/common-lisp/ros/sensor_driver_msgs/msg/_package_Points.lisp
Symlinking /home/lhn/hhh_ws/devel/share/common-lisp/ros/sensor_driver_msgs/msg/OdometrywithGps.lisp
Symlinking /home/lhn/hhh_ws/devel/share/common-lisp/ros/sensor_driver_msgs/msg/_package.lisp
Symlinking /home/lhn/hhh_ws/devel/share/common-lisp/ros/sensor_driver_msgs/msg/_package_moving_target.lisp
Symlinking /home/lhn/hhh_ws/devel/share/common-lisp/ros/sensor_driver_msgs/msg/_package_moving_target_send.lisp
Symlinking /home/lhn/hhh_ws/devel/share/common-lisp/ros/sensor_driver_msgs/msg/_package_Rectangle.lisp
Symlinking /home/lhn/hhh_ws/devel/share/common-lisp/ros/sensor_driver_msgs/msg/Points.lisp
Symlinking /home/lhn/hhh_ws/devel/share/common-lisp/ros/sensor_driver_msgs/msg/PointCloudMultiLidar.lisp
Symlinking /home/lhn/hhh_ws/devel/share/common-lisp/ros/sensor_driver_msgs/msg/moving_target_send.lisp
Symlinking /home/lhn/hhh_ws/devel/lib/pkgconfig/sensor_driver_msgs.pc
Symlinking /home/lhn/hhh_ws/devel/lib/python2.7/dist-packages/sensor_driver_msgs/__init__.py
Symlinking /home/lhn/hhh_ws/devel/lib/python2.7/dist-packages/sensor_driver_msgs/srv/_startconfig.py
Symlinking /home/lhn/hhh_ws/devel/lib/python2.7/dist-packages/sensor_driver_msgs/srv/__init__.py
Symlinking /home/lhn/hhh_ws/devel/lib/python2.7/dist-packages/sensor_driver_msgs/msg/_moving_target.py
Symlinking /home/lhn/hhh_ws/devel/lib/python2.7/dist-packages/sensor_driver_msgs/msg/_PointCloudMultiLidar.py
Symlinking /home/lhn/hhh_ws/devel/lib/python2.7/dist-packages/sensor_driver_msgs/msg/_ECUData.py
Symlinking /home/lhn/hhh_ws/devel/lib/python2.7/dist-packages/sensor_driver_msgs/msg/_OdometrywithGps.py
Symlinking /home/lhn/hhh_ws/devel/lib/python2.7/dist-packages/sensor_driver_msgs/msg/_PointCloudMultiLaser.py
Symlinking /home/lhn/hhh_ws/devel/lib/python2.7/dist-packages/sensor_driver_msgs/msg/_Rectangle.py
Symlinking /home/lhn/hhh_ws/devel/lib/python2.7/dist-packages/sensor_driver_msgs/msg/_Points.py
Symlinking /home/lhn/hhh_ws/devel/lib/python2.7/dist-packages/sensor_driver_msgs/msg/_GpswithHeading.py
Symlinking /home/lhn/hhh_ws/devel/lib/python2.7/dist-packages/sensor_driver_msgs/msg/_moving_target_send.py
Symlinking /home/lhn/hhh_ws/devel/lib/python2.7/dist-packages/sensor_driver_msgs/msg/_TargetCar.py
Symlinking /home/lhn/hhh_ws/devel/lib/python2.7/dist-packages/sensor_driver_msgs/msg/__init__.py
Symlinking /home/lhn/hhh_ws/devel/include/sensor_driver_msgs/Points.h
Symlinking /home/lhn/hhh_ws/devel/include/sensor_driver_msgs/TargetCar.h
Symlinking /home/lhn/hhh_ws/devel/include/sensor_driver_msgs/moving_target.h
Symlinking /home/lhn/hhh_ws/devel/include/sensor_driver_msgs/startconfigRequest.h
Symlinking /home/lhn/hhh_ws/devel/include/sensor_driver_msgs/moving_target_send.h
Symlinking /home/lhn/hhh_ws/devel/include/sensor_driver_msgs/startconfigResponse.h
Symlinking /home/lhn/hhh_ws/devel/include/sensor_driver_msgs/PointCloudMultiLaser.h
Symlinking /home/lhn/hhh_ws/devel/include/sensor_driver_msgs/GpswithHeading.h
Symlinking /home/lhn/hhh_ws/devel/include/sensor_driver_msgs/ECUData.h
Symlinking /home/lhn/hhh_ws/devel/include/sensor_driver_msgs/startconfig.h
Symlinking /home/lhn/hhh_ws/devel/include/sensor_driver_msgs/OdometrywithGps.h
Symlinking /home/lhn/hhh_ws/devel/include/sensor_driver_msgs/PointCloudMultiLidar.h
Symlinking /home/lhn/hhh_ws/devel/include/sensor_driver_msgs/Rectangle.h
