[35m[1mScanning dependencies of target interpolation[0m
[ 25%] [32mBuilding C object CMakeFiles/interpolation.dir/src/tinyspline/tinyspline.c.o[0m
[ 25%] [32mBuilding CXX object CMakeFiles/interpolation.dir/src/tinyspline/tinysplinecpp.cpp.o[0m
[01m[Kcc1:[m[K [01;35m[Kwarning: [m[Kcommand line option ‘[01m[K-std=c++11[m[K’ is valid for C++/ObjC++ but not for C
[ 37%] [32mBuilding C object CMakeFiles/interpolation.dir/src/tinyspline/parson.c.o[0m
[01m[Kcc1:[m[K [01;35m[Kwarning: [m[Kcommand line option ‘[01m[K-std=c++11[m[K’ is valid for C++/ObjC++ but not for C
[ 50%] [32m[1mLinking CXX shared library /home/lhn/hhh_ws/devel/.private/waypoint_manager/lib/libinterpolation.so[0m
[ 50%] Built target interpolation
[35m[1mScanning dependencies of target route_publisher[0m
[35m[1mScanning dependencies of target waypoint_collection[0m
[ 62%] [32mBuilding CXX object CMakeFiles/waypoint_collection.dir/src/waypoint_collection_node.cpp.o[0m
[ 75%] [32mBuilding CXX object CMakeFiles/route_publisher.dir/src/route_publisher_node.cpp.o[0m
[01m[K/home/lhn/hhh_ws/src/car_simulation_interface/waypoint_manager/src/waypoint_collection_node.cpp:[m[K In member function ‘[01m[Kvoid WayPointCollection::TimerCb()[m[K’:
[01m[K/home/lhn/hhh_ws/src/car_simulation_interface/waypoint_manager/src/waypoint_collection_node.cpp:59:114:[m[K [01;35m[Kwarning: [m[Knarrowing conversion of ‘[01m[K((WayPointCollection*)this)->WayPointCollection::count_[m[K’ from ‘[01m[Kint[m[K’ to ‘[01m[Kdouble[m[K’ inside { } [-Wnarrowing]
                 double tmp[3] = {vehicle_position_.pose.pose.position.x, vehicle_position_.pose.pose.position.y, count_};
[01;32m[K                                                                                                                  ^[m[K
[ 87%] [32m[1mLinking CXX executable /home/lhn/hhh_ws/devel/.private/waypoint_manager/lib/waypoint_manager/waypoint_collection[0m
[ 87%] Built target waypoint_collection
[100%] [32m[1mLinking CXX executable /home/lhn/hhh_ws/devel/.private/waypoint_manager/lib/waypoint_manager/route_publisher[0m
[100%] Built target route_publisher
