[35m[1mScanning dependencies of target _lanelet_map_msgs_generate_messages_check_deps_Regulatory[0m
[  0%] Built target _lanelet_map_msgs_generate_messages_check_deps_Regulatory
[35m[1mScanning dependencies of target _lanelet_map_msgs_generate_messages_check_deps_LaneletMap[0m
[  0%] Built target _lanelet_map_msgs_generate_messages_check_deps_LaneletMap
[35m[1mScanning dependencies of target geometry_msgs_generate_messages_nodejs[0m
[  0%] Built target geometry_msgs_generate_messages_nodejs
[35m[1mScanning dependencies of target _lanelet_map_msgs_generate_messages_check_deps_Way[0m
[  0%] Built target _lanelet_map_msgs_generate_messages_check_deps_Way
[35m[1mScanning dependencies of target std_msgs_generate_messages_nodejs[0m
[  0%] Built target std_msgs_generate_messages_nodejs
[35m[1mScanning dependencies of target _lanelet_map_msgs_generate_messages_check_deps_Node[0m
[  0%] Built target _lanelet_map_msgs_generate_messages_check_deps_Node
[35m[1mScanning dependencies of target _lanelet_map_msgs_generate_messages_check_deps_Lanelet[0m
[  0%] Built target _lanelet_map_msgs_generate_messages_check_deps_Lanelet
[35m[1mScanning dependencies of target std_msgs_generate_messages_eus[0m
[  0%] Built target std_msgs_generate_messages_eus
[35m[1mScanning dependencies of target geometry_msgs_generate_messages_eus[0m
[  0%] Built target geometry_msgs_generate_messages_eus
[35m[1mScanning dependencies of target geometry_msgs_generate_messages_cpp[0m
[  0%] Built target geometry_msgs_generate_messages_cpp
[35m[1mScanning dependencies of target std_msgs_generate_messages_cpp[0m
[  0%] Built target std_msgs_generate_messages_cpp
[35m[1mScanning dependencies of target std_msgs_generate_messages_py[0m
[  0%] Built target std_msgs_generate_messages_py
[35m[1mScanning dependencies of target geometry_msgs_generate_messages_py[0m
[  0%] Built target geometry_msgs_generate_messages_py
[35m[1mScanning dependencies of target std_msgs_generate_messages_lisp[0m
[  0%] Built target std_msgs_generate_messages_lisp
[35m[1mScanning dependencies of target geometry_msgs_generate_messages_lisp[0m
[  0%] Built target geometry_msgs_generate_messages_lisp
[35m[1mScanning dependencies of target lanelet_map_msgs_generate_messages_nodejs[0m
[  3%] [34m[1mGenerating Javascript code from lanelet_map_msgs/LaneletMap.msg[0m
[  7%] [34m[1mGenerating Javascript code from lanelet_map_msgs/Way.msg[0m
[ 11%] [34m[1mGenerating Javascript code from lanelet_map_msgs/Lanelet.msg[0m
[ 14%] [34m[1mGenerating Javascript code from lanelet_map_msgs/Regulatory.msg[0m
[ 18%] [34m[1mGenerating Javascript code from lanelet_map_msgs/Node.msg[0m
[ 18%] Built target lanelet_map_msgs_generate_messages_nodejs
[35m[1mScanning dependencies of target lanelet_map_msgs_generate_messages_eus[0m
[ 22%] [34m[1mGenerating EusLisp code from lanelet_map_msgs/LaneletMap.msg[0m
[ 25%] [34m[1mGenerating EusLisp code from lanelet_map_msgs/Way.msg[0m
[ 29%] [34m[1mGenerating EusLisp code from lanelet_map_msgs/Lanelet.msg[0m
[ 33%] [34m[1mGenerating EusLisp code from lanelet_map_msgs/Regulatory.msg[0m
[ 37%] [34m[1mGenerating EusLisp code from lanelet_map_msgs/Node.msg[0m
[ 40%] [34m[1mGenerating EusLisp manifest code for lanelet_map_msgs[0m
[ 40%] Built target lanelet_map_msgs_generate_messages_eus
[35m[1mScanning dependencies of target lanelet_map_msgs_generate_messages_cpp[0m
[ 44%] [34m[1mGenerating C++ code from lanelet_map_msgs/LaneletMap.msg[0m
[ 48%] [34m[1mGenerating C++ code from lanelet_map_msgs/Way.msg[0m
[ 51%] [34m[1mGenerating C++ code from lanelet_map_msgs/Lanelet.msg[0m
[ 55%] [34m[1mGenerating C++ code from lanelet_map_msgs/Regulatory.msg[0m
[ 59%] [34m[1mGenerating C++ code from lanelet_map_msgs/Node.msg[0m
[35m[1mScanning dependencies of target lanelet_map_msgs_generate_messages_py[0m
[ 62%] [34m[1mGenerating Python from MSG lanelet_map_msgs/LaneletMap[0m
[ 66%] [34m[1mGenerating Python from MSG lanelet_map_msgs/Way[0m
[ 66%] Built target lanelet_map_msgs_generate_messages_cpp
[35m[1mScanning dependencies of target lanelet_map_msgs_generate_messages_lisp[0m
[ 70%] [34m[1mGenerating Lisp code from lanelet_map_msgs/LaneletMap.msg[0m
[ 74%] [34m[1mGenerating Python from MSG lanelet_map_msgs/Lanelet[0m
[ 77%] [34m[1mGenerating Lisp code from lanelet_map_msgs/Way.msg[0m
[ 81%] [34m[1mGenerating Lisp code from lanelet_map_msgs/Lanelet.msg[0m
[ 85%] [34m[1mGenerating Python from MSG lanelet_map_msgs/Regulatory[0m
[ 88%] [34m[1mGenerating Lisp code from lanelet_map_msgs/Regulatory.msg[0m
[ 92%] [34m[1mGenerating Lisp code from lanelet_map_msgs/Node.msg[0m
[ 96%] [34m[1mGenerating Python from MSG lanelet_map_msgs/Node[0m
[ 96%] Built target lanelet_map_msgs_generate_messages_lisp
[100%] [34m[1mGenerating Python msg __init__.py for lanelet_map_msgs[0m
[100%] Built target lanelet_map_msgs_generate_messages_py
[35m[1mScanning dependencies of target lanelet_map_msgs_generate_messages[0m
[100%] Built target lanelet_map_msgs_generate_messages
