Symlinking /home/lhn/hhh_ws/devel/share/roseus/ros/lanelet_map_msgs/manifest.l
Symlinking /home/lhn/hhh_ws/devel/share/roseus/ros/lanelet_map_msgs/msg/LaneletMap.l
Symlinking /home/lhn/hhh_ws/devel/share/roseus/ros/lanelet_map_msgs/msg/Lanelet.l
Symlinking /home/lhn/hhh_ws/devel/share/roseus/ros/lanelet_map_msgs/msg/Way.l
Symlinking /home/lhn/hhh_ws/devel/share/roseus/ros/lanelet_map_msgs/msg/Regulatory.l
Symlinking /home/lhn/hhh_ws/devel/share/roseus/ros/lanelet_map_msgs/msg/Node.l
Symlinking /home/lhn/hhh_ws/devel/share/gennodejs/ros/lanelet_map_msgs/_index.js
Symlinking /home/lhn/hhh_ws/devel/share/gennodejs/ros/lanelet_map_msgs/msg/Lanelet.js
Symlinking /home/lhn/hhh_ws/devel/share/gennodejs/ros/lanelet_map_msgs/msg/Node.js
Symlinking /home/lhn/hhh_ws/devel/share/gennodejs/ros/lanelet_map_msgs/msg/Way.js
Symlinking /home/lhn/hhh_ws/devel/share/gennodejs/ros/lanelet_map_msgs/msg/LaneletMap.js
Symlinking /home/lhn/hhh_ws/devel/share/gennodejs/ros/lanelet_map_msgs/msg/_index.js
Symlinking /home/lhn/hhh_ws/devel/share/gennodejs/ros/lanelet_map_msgs/msg/Regulatory.js
Symlinking /home/lhn/hhh_ws/devel/share/common-lisp/ros/lanelet_map_msgs/msg/LaneletMap.lisp
Symlinking /home/lhn/hhh_ws/devel/share/common-lisp/ros/lanelet_map_msgs/msg/_package_Node.lisp
Symlinking /home/lhn/hhh_ws/devel/share/common-lisp/ros/lanelet_map_msgs/msg/_package_LaneletMap.lisp
Symlinking /home/lhn/hhh_ws/devel/share/common-lisp/ros/lanelet_map_msgs/msg/_package_Regulatory.lisp
Symlinking /home/lhn/hhh_ws/devel/share/common-lisp/ros/lanelet_map_msgs/msg/Lanelet.lisp
Symlinking /home/lhn/hhh_ws/devel/share/common-lisp/ros/lanelet_map_msgs/msg/Node.lisp
Symlinking /home/lhn/hhh_ws/devel/share/common-lisp/ros/lanelet_map_msgs/msg/_package_Lanelet.lisp
Symlinking /home/lhn/hhh_ws/devel/share/common-lisp/ros/lanelet_map_msgs/msg/_package.lisp
Symlinking /home/lhn/hhh_ws/devel/share/common-lisp/ros/lanelet_map_msgs/msg/lanelet_map_msgs-msg.asd
Symlinking /home/lhn/hhh_ws/devel/share/common-lisp/ros/lanelet_map_msgs/msg/_package_Way.lisp
Symlinking /home/lhn/hhh_ws/devel/share/common-lisp/ros/lanelet_map_msgs/msg/Way.lisp
Symlinking /home/lhn/hhh_ws/devel/share/common-lisp/ros/lanelet_map_msgs/msg/Regulatory.lisp
Symlinking /home/lhn/hhh_ws/devel/share/lanelet_map_msgs/cmake/lanelet_map_msgs-msg-paths.cmake
Symlinking /home/lhn/hhh_ws/devel/share/lanelet_map_msgs/cmake/lanelet_map_msgs-msg-extras.cmake
Symlinking /home/lhn/hhh_ws/devel/share/lanelet_map_msgs/cmake/lanelet_map_msgsConfig.cmake
Symlinking /home/lhn/hhh_ws/devel/share/lanelet_map_msgs/cmake/lanelet_map_msgsConfig-version.cmake
Symlinking /home/lhn/hhh_ws/devel/lib/pkgconfig/lanelet_map_msgs.pc
Symlinking /home/lhn/hhh_ws/devel/lib/python2.7/dist-packages/lanelet_map_msgs/__init__.py
Symlinking /home/lhn/hhh_ws/devel/lib/python2.7/dist-packages/lanelet_map_msgs/msg/_Node.py
Symlinking /home/lhn/hhh_ws/devel/lib/python2.7/dist-packages/lanelet_map_msgs/msg/_LaneletMap.py
Symlinking /home/lhn/hhh_ws/devel/lib/python2.7/dist-packages/lanelet_map_msgs/msg/_Lanelet.py
Symlinking /home/lhn/hhh_ws/devel/lib/python2.7/dist-packages/lanelet_map_msgs/msg/_Regulatory.py
Symlinking /home/lhn/hhh_ws/devel/lib/python2.7/dist-packages/lanelet_map_msgs/msg/_Way.py
Symlinking /home/lhn/hhh_ws/devel/lib/python2.7/dist-packages/lanelet_map_msgs/msg/__init__.py
Symlinking /home/lhn/hhh_ws/devel/include/lanelet_map_msgs/LaneletMap.h
Symlinking /home/lhn/hhh_ws/devel/include/lanelet_map_msgs/Lanelet.h
Symlinking /home/lhn/hhh_ws/devel/include/lanelet_map_msgs/Node.h
Symlinking /home/lhn/hhh_ws/devel/include/lanelet_map_msgs/Way.h
Symlinking /home/lhn/hhh_ws/devel/include/lanelet_map_msgs/Regulatory.h
