[  0%] Built target geometry_msgs_generate_messages_nodejs
[  0%] Built target std_msgs_generate_messages_nodejs
[  0%] Built target _lanelet_map_msgs_generate_messages_check_deps_LaneletMap
[  0%] Built target _lanelet_map_msgs_generate_messages_check_deps_Way
[  0%] Built target _lanelet_map_msgs_generate_messages_check_deps_Regulatory
[  0%] Built target std_msgs_generate_messages_eus
[  0%] Built target geometry_msgs_generate_messages_eus
[  0%] Built target _lanelet_map_msgs_generate_messages_check_deps_Node
[  0%] Built target _lanelet_map_msgs_generate_messages_check_deps_Lanelet
[  0%] Built target geometry_msgs_generate_messages_cpp
[  0%] Built target std_msgs_generate_messages_py
[  0%] Built target std_msgs_generate_messages_cpp
[  0%] Built target geometry_msgs_generate_messages_py
[  0%] Built target std_msgs_generate_messages_lisp
[  0%] Built target geometry_msgs_generate_messages_lisp
[ 18%] Built target lanelet_map_msgs_generate_messages_nodejs
[ 40%] Built target lanelet_map_msgs_generate_messages_eus
[ 59%] Built target lanelet_map_msgs_generate_messages_cpp
[ 81%] Built target lanelet_map_msgs_generate_messages_py
[100%] Built target lanelet_map_msgs_generate_messages_lisp
[100%] Built target lanelet_map_msgs_generate_messages
