Linked: (/home/lhn/hhh_ws/devel/.private/lanelet_map_msgs/share/roseus/ros/lanelet_map_msgs/manifest.l, /home/lhn/hhh_ws/devel/share/roseus/ros/lanelet_map_msgs/manifest.l)
Linked: (/home/lhn/hhh_ws/devel/.private/lanelet_map_msgs/share/roseus/ros/lanelet_map_msgs/msg/LaneletMap.l, /home/lhn/hhh_ws/devel/share/roseus/ros/lanelet_map_msgs/msg/LaneletMap.l)
Linked: (/home/lhn/hhh_ws/devel/.private/lanelet_map_msgs/share/roseus/ros/lanelet_map_msgs/msg/Lanelet.l, /home/lhn/hhh_ws/devel/share/roseus/ros/lanelet_map_msgs/msg/Lanelet.l)
Linked: (/home/lhn/hhh_ws/devel/.private/lanelet_map_msgs/share/roseus/ros/lanelet_map_msgs/msg/Way.l, /home/lhn/hhh_ws/devel/share/roseus/ros/lanelet_map_msgs/msg/Way.l)
Linked: (/home/lhn/hhh_ws/devel/.private/lanelet_map_msgs/share/roseus/ros/lanelet_map_msgs/msg/Regulatory.l, /home/lhn/hhh_ws/devel/share/roseus/ros/lanelet_map_msgs/msg/Regulatory.l)
Linked: (/home/lhn/hhh_ws/devel/.private/lanelet_map_msgs/share/roseus/ros/lanelet_map_msgs/msg/Node.l, /home/lhn/hhh_ws/devel/share/roseus/ros/lanelet_map_msgs/msg/Node.l)
Linked: (/home/lhn/hhh_ws/devel/.private/lanelet_map_msgs/share/gennodejs/ros/lanelet_map_msgs/_index.js, /home/lhn/hhh_ws/devel/share/gennodejs/ros/lanelet_map_msgs/_index.js)
Linked: (/home/lhn/hhh_ws/devel/.private/lanelet_map_msgs/share/gennodejs/ros/lanelet_map_msgs/msg/Lanelet.js, /home/lhn/hhh_ws/devel/share/gennodejs/ros/lanelet_map_msgs/msg/Lanelet.js)
Linked: (/home/lhn/hhh_ws/devel/.private/lanelet_map_msgs/share/gennodejs/ros/lanelet_map_msgs/msg/Node.js, /home/lhn/hhh_ws/devel/share/gennodejs/ros/lanelet_map_msgs/msg/Node.js)
Linked: (/home/lhn/hhh_ws/devel/.private/lanelet_map_msgs/share/gennodejs/ros/lanelet_map_msgs/msg/Way.js, /home/lhn/hhh_ws/devel/share/gennodejs/ros/lanelet_map_msgs/msg/Way.js)
Linked: (/home/lhn/hhh_ws/devel/.private/lanelet_map_msgs/share/gennodejs/ros/lanelet_map_msgs/msg/LaneletMap.js, /home/lhn/hhh_ws/devel/share/gennodejs/ros/lanelet_map_msgs/msg/LaneletMap.js)
Linked: (/home/lhn/hhh_ws/devel/.private/lanelet_map_msgs/share/gennodejs/ros/lanelet_map_msgs/msg/_index.js, /home/lhn/hhh_ws/devel/share/gennodejs/ros/lanelet_map_msgs/msg/_index.js)
Linked: (/home/lhn/hhh_ws/devel/.private/lanelet_map_msgs/share/gennodejs/ros/lanelet_map_msgs/msg/Regulatory.js, /home/lhn/hhh_ws/devel/share/gennodejs/ros/lanelet_map_msgs/msg/Regulatory.js)
Linked: (/home/lhn/hhh_ws/devel/.private/lanelet_map_msgs/share/common-lisp/ros/lanelet_map_msgs/msg/LaneletMap.lisp, /home/lhn/hhh_ws/devel/share/common-lisp/ros/lanelet_map_msgs/msg/LaneletMap.lisp)
Linked: (/home/lhn/hhh_ws/devel/.private/lanelet_map_msgs/share/common-lisp/ros/lanelet_map_msgs/msg/_package_Node.lisp, /home/lhn/hhh_ws/devel/share/common-lisp/ros/lanelet_map_msgs/msg/_package_Node.lisp)
Linked: (/home/lhn/hhh_ws/devel/.private/lanelet_map_msgs/share/common-lisp/ros/lanelet_map_msgs/msg/_package_LaneletMap.lisp, /home/lhn/hhh_ws/devel/share/common-lisp/ros/lanelet_map_msgs/msg/_package_LaneletMap.lisp)
Linked: (/home/lhn/hhh_ws/devel/.private/lanelet_map_msgs/share/common-lisp/ros/lanelet_map_msgs/msg/_package_Regulatory.lisp, /home/lhn/hhh_ws/devel/share/common-lisp/ros/lanelet_map_msgs/msg/_package_Regulatory.lisp)
Linked: (/home/lhn/hhh_ws/devel/.private/lanelet_map_msgs/share/common-lisp/ros/lanelet_map_msgs/msg/Lanelet.lisp, /home/lhn/hhh_ws/devel/share/common-lisp/ros/lanelet_map_msgs/msg/Lanelet.lisp)
Linked: (/home/lhn/hhh_ws/devel/.private/lanelet_map_msgs/share/common-lisp/ros/lanelet_map_msgs/msg/Node.lisp, /home/lhn/hhh_ws/devel/share/common-lisp/ros/lanelet_map_msgs/msg/Node.lisp)
Linked: (/home/lhn/hhh_ws/devel/.private/lanelet_map_msgs/share/common-lisp/ros/lanelet_map_msgs/msg/_package_Lanelet.lisp, /home/lhn/hhh_ws/devel/share/common-lisp/ros/lanelet_map_msgs/msg/_package_Lanelet.lisp)
Linked: (/home/lhn/hhh_ws/devel/.private/lanelet_map_msgs/share/common-lisp/ros/lanelet_map_msgs/msg/_package.lisp, /home/lhn/hhh_ws/devel/share/common-lisp/ros/lanelet_map_msgs/msg/_package.lisp)
Linked: (/home/lhn/hhh_ws/devel/.private/lanelet_map_msgs/share/common-lisp/ros/lanelet_map_msgs/msg/lanelet_map_msgs-msg.asd, /home/lhn/hhh_ws/devel/share/common-lisp/ros/lanelet_map_msgs/msg/lanelet_map_msgs-msg.asd)
Linked: (/home/lhn/hhh_ws/devel/.private/lanelet_map_msgs/share/common-lisp/ros/lanelet_map_msgs/msg/_package_Way.lisp, /home/lhn/hhh_ws/devel/share/common-lisp/ros/lanelet_map_msgs/msg/_package_Way.lisp)
Linked: (/home/lhn/hhh_ws/devel/.private/lanelet_map_msgs/share/common-lisp/ros/lanelet_map_msgs/msg/Way.lisp, /home/lhn/hhh_ws/devel/share/common-lisp/ros/lanelet_map_msgs/msg/Way.lisp)
Linked: (/home/lhn/hhh_ws/devel/.private/lanelet_map_msgs/share/common-lisp/ros/lanelet_map_msgs/msg/Regulatory.lisp, /home/lhn/hhh_ws/devel/share/common-lisp/ros/lanelet_map_msgs/msg/Regulatory.lisp)
Linked: (/home/lhn/hhh_ws/devel/.private/lanelet_map_msgs/share/lanelet_map_msgs/cmake/lanelet_map_msgs-msg-paths.cmake, /home/lhn/hhh_ws/devel/share/lanelet_map_msgs/cmake/lanelet_map_msgs-msg-paths.cmake)
Linked: (/home/lhn/hhh_ws/devel/.private/lanelet_map_msgs/share/lanelet_map_msgs/cmake/lanelet_map_msgs-msg-extras.cmake, /home/lhn/hhh_ws/devel/share/lanelet_map_msgs/cmake/lanelet_map_msgs-msg-extras.cmake)
Linked: (/home/lhn/hhh_ws/devel/.private/lanelet_map_msgs/share/lanelet_map_msgs/cmake/lanelet_map_msgsConfig.cmake, /home/lhn/hhh_ws/devel/share/lanelet_map_msgs/cmake/lanelet_map_msgsConfig.cmake)
Linked: (/home/lhn/hhh_ws/devel/.private/lanelet_map_msgs/share/lanelet_map_msgs/cmake/lanelet_map_msgsConfig-version.cmake, /home/lhn/hhh_ws/devel/share/lanelet_map_msgs/cmake/lanelet_map_msgsConfig-version.cmake)
Linked: (/home/lhn/hhh_ws/devel/.private/lanelet_map_msgs/lib/pkgconfig/lanelet_map_msgs.pc, /home/lhn/hhh_ws/devel/lib/pkgconfig/lanelet_map_msgs.pc)
Linked: (/home/lhn/hhh_ws/devel/.private/lanelet_map_msgs/lib/python2.7/dist-packages/lanelet_map_msgs/__init__.py, /home/lhn/hhh_ws/devel/lib/python2.7/dist-packages/lanelet_map_msgs/__init__.py)
Linked: (/home/lhn/hhh_ws/devel/.private/lanelet_map_msgs/lib/python2.7/dist-packages/lanelet_map_msgs/msg/_Node.py, /home/lhn/hhh_ws/devel/lib/python2.7/dist-packages/lanelet_map_msgs/msg/_Node.py)
Linked: (/home/lhn/hhh_ws/devel/.private/lanelet_map_msgs/lib/python2.7/dist-packages/lanelet_map_msgs/msg/_LaneletMap.py, /home/lhn/hhh_ws/devel/lib/python2.7/dist-packages/lanelet_map_msgs/msg/_LaneletMap.py)
Linked: (/home/lhn/hhh_ws/devel/.private/lanelet_map_msgs/lib/python2.7/dist-packages/lanelet_map_msgs/msg/_Lanelet.py, /home/lhn/hhh_ws/devel/lib/python2.7/dist-packages/lanelet_map_msgs/msg/_Lanelet.py)
Linked: (/home/lhn/hhh_ws/devel/.private/lanelet_map_msgs/lib/python2.7/dist-packages/lanelet_map_msgs/msg/_Regulatory.py, /home/lhn/hhh_ws/devel/lib/python2.7/dist-packages/lanelet_map_msgs/msg/_Regulatory.py)
Linked: (/home/lhn/hhh_ws/devel/.private/lanelet_map_msgs/lib/python2.7/dist-packages/lanelet_map_msgs/msg/_Way.py, /home/lhn/hhh_ws/devel/lib/python2.7/dist-packages/lanelet_map_msgs/msg/_Way.py)
Linked: (/home/lhn/hhh_ws/devel/.private/lanelet_map_msgs/lib/python2.7/dist-packages/lanelet_map_msgs/msg/__init__.py, /home/lhn/hhh_ws/devel/lib/python2.7/dist-packages/lanelet_map_msgs/msg/__init__.py)
Linked: (/home/lhn/hhh_ws/devel/.private/lanelet_map_msgs/include/lanelet_map_msgs/LaneletMap.h, /home/lhn/hhh_ws/devel/include/lanelet_map_msgs/LaneletMap.h)
Linked: (/home/lhn/hhh_ws/devel/.private/lanelet_map_msgs/include/lanelet_map_msgs/Lanelet.h, /home/lhn/hhh_ws/devel/include/lanelet_map_msgs/Lanelet.h)
Linked: (/home/lhn/hhh_ws/devel/.private/lanelet_map_msgs/include/lanelet_map_msgs/Node.h, /home/lhn/hhh_ws/devel/include/lanelet_map_msgs/Node.h)
Linked: (/home/lhn/hhh_ws/devel/.private/lanelet_map_msgs/include/lanelet_map_msgs/Way.h, /home/lhn/hhh_ws/devel/include/lanelet_map_msgs/Way.h)
Linked: (/home/lhn/hhh_ws/devel/.private/lanelet_map_msgs/include/lanelet_map_msgs/Regulatory.h, /home/lhn/hhh_ws/devel/include/lanelet_map_msgs/Regulatory.h)
